    model: ThreeStageModel
    iter: 0
    networks: 
        name: BNN
        type: BNN
        args: 
            blindspot: 9
        name: LAN
        type: LAN
        args: 
            blindspot: 3
        name: UNet
        type: UNet
        args: 
    train_datasets: 
        type: BaseDatasetCARENoisy
        args: 
            name: planaria_2D
            split: train_idx
        batch_size: 8
    validation_datasets: 
    lr: 0.0003
    print_every: 10
    save_every: 100
    validate_every: 10
    BNN_iters: 400
    LAN_iters: 400
    UNet_iters: 400
    num_iters: 1200
    log_dir: /home/schaudhary/siva_projects/SpatiallyAdaptiveSSID/logs/train_debug
    log_file: /home/schaudhary/siva_projects/SpatiallyAdaptiveSSID/logs/train_debug/log.out
2024-05-14, 18:12:44  iter: 10, loss: 0.136202
2024-05-14, 18:12:44  iter: 10, 
2024-05-14, 18:12:45  iter: 20, loss: 0.127267
2024-05-14, 18:12:45  iter: 20, 
2024-05-14, 18:12:45  iter: 30, loss: 0.121440
2024-05-14, 18:12:45  iter: 30, 
2024-05-14, 18:12:46  iter: 40, loss: 0.121666
2024-05-14, 18:12:46  iter: 40, 
2024-05-14, 18:12:46  iter: 50, loss: 0.128065
2024-05-14, 18:12:46  iter: 50, 
2024-05-14, 18:12:47  iter: 60, loss: 0.115136
2024-05-14, 18:12:47  iter: 60, 
2024-05-14, 18:12:48  iter: 70, loss: 0.117163
2024-05-14, 18:12:48  iter: 70, 
2024-05-14, 18:12:48  iter: 80, loss: 0.120593
2024-05-14, 18:12:48  iter: 80, 
2024-05-14, 18:12:49  iter: 90, loss: 0.122213
2024-05-14, 18:12:49  iter: 90, 
2024-05-14, 18:12:50  iter: 100, loss: 0.124281
2024-05-14, 18:12:50  iter: 100, 
2024-05-14, 18:12:50  iter: 110, loss: 0.124211
2024-05-14, 18:12:50  iter: 110, 
2024-05-14, 18:12:51  iter: 120, loss: 0.116715
2024-05-14, 18:12:51  iter: 120, 
2024-05-14, 18:12:51  iter: 130, loss: 0.120157
2024-05-14, 18:12:51  iter: 130, 
2024-05-14, 18:12:52  iter: 140, loss: 0.117596
2024-05-14, 18:12:52  iter: 140, 
2024-05-14, 18:12:53  iter: 150, loss: 0.117790
2024-05-14, 18:12:53  iter: 150, 
2024-05-14, 18:12:53  iter: 160, loss: 0.121595
2024-05-14, 18:12:53  iter: 160, 
2024-05-14, 18:12:54  iter: 170, loss: 0.127352
2024-05-14, 18:12:54  iter: 170, 
2024-05-14, 18:12:55  iter: 180, loss: 0.116619
2024-05-14, 18:12:55  iter: 180, 
2024-05-14, 18:12:55  iter: 190, loss: 0.133897
2024-05-14, 18:12:55  iter: 190, 
2024-05-14, 18:12:56  iter: 200, loss: 0.118713
2024-05-14, 18:12:56  iter: 200, 
2024-05-14, 18:12:56  iter: 210, loss: 0.119031
2024-05-14, 18:12:56  iter: 210, 
2024-05-14, 18:12:57  iter: 220, loss: 0.121849
2024-05-14, 18:12:57  iter: 220, 
2024-05-14, 18:12:58  iter: 230, loss: 0.121386
2024-05-14, 18:12:58  iter: 230, 
2024-05-14, 18:12:58  iter: 240, loss: 0.133559
2024-05-14, 18:12:58  iter: 240, 
2024-05-14, 18:12:59  iter: 250, loss: 0.116452
2024-05-14, 18:12:59  iter: 250, 
2024-05-14, 18:13:00  iter: 260, loss: 0.123700
2024-05-14, 18:13:00  iter: 260, 
2024-05-14, 18:13:00  iter: 270, loss: 0.126626
2024-05-14, 18:13:00  iter: 270, 
2024-05-14, 18:13:01  iter: 280, loss: 0.102658
2024-05-14, 18:13:01  iter: 280, 
2024-05-14, 18:13:01  iter: 290, loss: 0.124334
2024-05-14, 18:13:01  iter: 290, 
2024-05-14, 18:13:02  iter: 300, loss: 0.134314
2024-05-14, 18:13:02  iter: 300, 
2024-05-14, 18:13:03  iter: 310, loss: 0.115471
2024-05-14, 18:13:03  iter: 310, 
2024-05-14, 18:13:03  iter: 320, loss: 0.123503
2024-05-14, 18:13:03  iter: 320, 
2024-05-14, 18:13:04  iter: 330, loss: 0.126555
2024-05-14, 18:13:04  iter: 330, 
2024-05-14, 18:13:05  iter: 340, loss: 0.126693
2024-05-14, 18:13:05  iter: 340, 
2024-05-14, 18:13:05  iter: 350, loss: 0.127457
2024-05-14, 18:13:05  iter: 350, 
2024-05-14, 18:13:06  iter: 360, loss: 0.105082
2024-05-14, 18:13:06  iter: 360, 
2024-05-14, 18:13:06  iter: 370, loss: 0.121738
2024-05-14, 18:13:06  iter: 370, 
2024-05-14, 18:13:07  iter: 380, loss: 0.117026
2024-05-14, 18:13:07  iter: 380, 
2024-05-14, 18:13:08  iter: 390, loss: 0.115370
2024-05-14, 18:13:08  iter: 390, 
2024-05-14, 18:13:08  iter: 400, loss: 0.120881
2024-05-14, 18:13:08  iter: 400, 
2024-05-14, 18:13:09  iter: 410, loss: 0.073463
2024-05-14, 18:13:09  iter: 410, 
2024-05-14, 18:13:09  iter: 420, loss: 0.065392
2024-05-14, 18:13:09  iter: 420, 
2024-05-14, 18:13:09  iter: 430, loss: 0.034580
2024-05-14, 18:13:09  iter: 430, 
2024-05-14, 18:13:10  iter: 440, loss: 0.053550
2024-05-14, 18:13:10  iter: 440, 
2024-05-14, 18:13:10  iter: 450, loss: 0.048626
2024-05-14, 18:13:10  iter: 450, 
2024-05-14, 18:13:10  iter: 460, loss: 0.052148
2024-05-14, 18:13:10  iter: 460, 
2024-05-14, 18:13:10  iter: 470, loss: 0.035732
2024-05-14, 18:13:10  iter: 470, 
2024-05-14, 18:13:11  iter: 480, loss: 0.038784
2024-05-14, 18:13:11  iter: 480, 
2024-05-14, 18:13:11  iter: 490, loss: 0.033708
2024-05-14, 18:13:11  iter: 490, 
2024-05-14, 18:13:11  iter: 500, loss: 0.040504
2024-05-14, 18:13:11  iter: 500, 
2024-05-14, 18:13:12  iter: 510, loss: 0.039166
2024-05-14, 18:13:12  iter: 510, 
2024-05-14, 18:13:12  iter: 520, loss: 0.042374
2024-05-14, 18:13:12  iter: 520, 
2024-05-14, 18:13:12  iter: 530, loss: 0.038831
2024-05-14, 18:13:12  iter: 530, 
2024-05-14, 18:13:12  iter: 540, loss: 0.047860
2024-05-14, 18:13:12  iter: 540, 
2024-05-14, 18:13:13  iter: 550, loss: 0.037675
2024-05-14, 18:13:13  iter: 550, 
2024-05-14, 18:13:13  iter: 560, loss: 0.039268
2024-05-14, 18:13:13  iter: 560, 
2024-05-14, 18:13:13  iter: 570, loss: 0.042279
2024-05-14, 18:13:13  iter: 570, 
2024-05-14, 18:13:13  iter: 580, loss: 0.034995
2024-05-14, 18:13:13  iter: 580, 
2024-05-14, 18:13:14  iter: 590, loss: 0.032062
2024-05-14, 18:13:14  iter: 590, 
2024-05-14, 18:13:14  iter: 600, loss: 0.033215
2024-05-14, 18:13:14  iter: 600, 
2024-05-14, 18:13:14  iter: 610, loss: 0.040530
2024-05-14, 18:13:14  iter: 610, 
2024-05-14, 18:13:15  iter: 620, loss: 0.031618
2024-05-14, 18:13:15  iter: 620, 
2024-05-14, 18:13:15  iter: 630, loss: 0.038175
2024-05-14, 18:13:15  iter: 630, 
2024-05-14, 18:13:15  iter: 640, loss: 0.040982
2024-05-14, 18:13:15  iter: 640, 
2024-05-14, 18:13:15  iter: 650, loss: 0.030825
2024-05-14, 18:13:15  iter: 650, 
2024-05-14, 18:13:16  iter: 660, loss: 0.036817
2024-05-14, 18:13:16  iter: 660, 
2024-05-14, 18:13:16  iter: 670, loss: 0.038693
2024-05-14, 18:13:16  iter: 670, 
2024-05-14, 18:13:16  iter: 680, loss: 0.035082
2024-05-14, 18:13:16  iter: 680, 
2024-05-14, 18:13:16  iter: 690, loss: 0.039452
2024-05-14, 18:13:16  iter: 690, 
2024-05-14, 18:13:17  iter: 700, loss: 0.032295
2024-05-14, 18:13:17  iter: 700, 
2024-05-14, 18:13:17  iter: 710, loss: 0.027847
2024-05-14, 18:13:17  iter: 710, 
2024-05-14, 18:13:17  iter: 720, loss: 0.033796
2024-05-14, 18:13:17  iter: 720, 
2024-05-14, 18:13:18  iter: 730, loss: 0.027686
2024-05-14, 18:13:18  iter: 730, 
2024-05-14, 18:13:18  iter: 740, loss: 0.046264
2024-05-14, 18:13:18  iter: 740, 
2024-05-14, 18:13:18  iter: 750, loss: 0.035784
2024-05-14, 18:13:18  iter: 750, 
2024-05-14, 18:13:18  iter: 760, loss: 0.029670
2024-05-14, 18:13:18  iter: 760, 
2024-05-14, 18:13:19  iter: 770, loss: 0.030776
2024-05-14, 18:13:19  iter: 770, 
2024-05-14, 18:13:19  iter: 780, loss: 0.040794
2024-05-14, 18:13:19  iter: 780, 
2024-05-14, 18:13:19  iter: 790, loss: 0.032655
2024-05-14, 18:13:19  iter: 790, 
2024-05-14, 18:13:20  iter: 800, loss: 0.045919
2024-05-14, 18:13:20  iter: 800, 
2024-05-14, 18:13:20  iter: 810, loss: 0.086884
2024-05-14, 18:13:20  iter: 810, 
2024-05-14, 18:13:21  iter: 820, loss: 0.054936
2024-05-14, 18:13:21  iter: 820, 
2024-05-14, 18:13:21  iter: 830, loss: 0.039489
2024-05-14, 18:13:21  iter: 830, 
2024-05-14, 18:13:21  iter: 840, loss: 0.033064
2024-05-14, 18:13:21  iter: 840, 
2024-05-14, 18:13:21  iter: 850, loss: 0.030608
2024-05-14, 18:13:21  iter: 850, 
2024-05-14, 18:13:22  iter: 860, loss: 0.026042
2024-05-14, 18:13:22  iter: 860, 
2024-05-14, 18:13:22  iter: 870, loss: 0.038096
2024-05-14, 18:13:22  iter: 870, 
2024-05-14, 18:13:22  iter: 880, loss: 0.028249
2024-05-14, 18:13:22  iter: 880, 
2024-05-14, 18:13:23  iter: 890, loss: 0.027089
2024-05-14, 18:13:23  iter: 890, 
2024-05-14, 18:13:23  iter: 900, loss: 0.029046
2024-05-14, 18:13:23  iter: 900, 
2024-05-14, 18:13:23  iter: 910, loss: 0.030762
2024-05-14, 18:13:23  iter: 910, 
2024-05-14, 18:13:24  iter: 920, loss: 0.024138
2024-05-14, 18:13:24  iter: 920, 
2024-05-14, 18:13:24  iter: 930, loss: 0.024126
2024-05-14, 18:13:24  iter: 930, 
2024-05-14, 18:13:24  iter: 940, loss: 0.022566
2024-05-14, 18:13:24  iter: 940, 
2024-05-14, 18:13:25  iter: 950, loss: 0.024813
2024-05-14, 18:13:25  iter: 950, 
2024-05-14, 18:13:25  iter: 960, loss: 0.021763
2024-05-14, 18:13:25  iter: 960, 
2024-05-14, 18:13:25  iter: 970, loss: 0.027914
2024-05-14, 18:13:25  iter: 970, 
2024-05-14, 18:13:26  iter: 980, loss: 0.019663
2024-05-14, 18:13:26  iter: 980, 
2024-05-14, 18:13:26  iter: 990, loss: 0.018927
2024-05-14, 18:13:26  iter: 990, 
2024-05-14, 18:13:26  iter: 1000, loss: 0.019628
2024-05-14, 18:13:26  iter: 1000, 
2024-05-14, 18:13:27  iter: 1010, loss: 0.022475
2024-05-14, 18:13:27  iter: 1010, 
2024-05-14, 18:13:27  iter: 1020, loss: 0.020853
2024-05-14, 18:13:27  iter: 1020, 
2024-05-14, 18:13:27  iter: 1030, loss: 0.019058
2024-05-14, 18:13:27  iter: 1030, 
2024-05-14, 18:13:27  iter: 1040, loss: 0.018063
2024-05-14, 18:13:27  iter: 1040, 
2024-05-14, 18:13:28  iter: 1050, loss: 0.017898
2024-05-14, 18:13:28  iter: 1050, 
2024-05-14, 18:13:28  iter: 1060, loss: 0.019171
2024-05-14, 18:13:28  iter: 1060, 
2024-05-14, 18:13:28  iter: 1070, loss: 0.022044
2024-05-14, 18:13:28  iter: 1070, 
2024-05-14, 18:13:29  iter: 1080, loss: 0.018748
2024-05-14, 18:13:29  iter: 1080, 
2024-05-14, 18:13:29  iter: 1090, loss: 0.018958
2024-05-14, 18:13:29  iter: 1090, 
2024-05-14, 18:13:29  iter: 1100, loss: 0.020988
2024-05-14, 18:13:30  iter: 1100, 
2024-05-14, 18:13:30  iter: 1110, loss: 0.018670
2024-05-14, 18:13:30  iter: 1110, 
2024-05-14, 18:13:30  iter: 1120, loss: 0.021530
2024-05-14, 18:13:30  iter: 1120, 
2024-05-14, 18:13:30  iter: 1130, loss: 0.019058
2024-05-14, 18:13:30  iter: 1130, 
2024-05-14, 18:13:31  iter: 1140, loss: 0.019887
2024-05-14, 18:13:31  iter: 1140, 
2024-05-14, 18:13:31  iter: 1150, loss: 0.020282
2024-05-14, 18:13:31  iter: 1150, 
2024-05-14, 18:13:31  iter: 1160, loss: 0.019869
2024-05-14, 18:13:31  iter: 1160, 
2024-05-14, 18:13:32  iter: 1170, loss: 0.024283
2024-05-14, 18:13:32  iter: 1170, 
2024-05-14, 18:13:32  iter: 1180, loss: 0.019264
2024-05-14, 18:13:32  iter: 1180, 
2024-05-14, 18:13:32  iter: 1190, loss: 0.017619
2024-05-14, 18:13:32  iter: 1190, 
2024-05-14, 18:13:33  iter: 1200, loss: 0.019605
2024-05-14, 18:13:33  iter: 1200, 
    model: ThreeStageModel
    iter: 0
    networks: 
        name: BNN
        type: BNN
        args: 
            blindspot: 9
        name: LAN
        type: LAN
        args: 
            blindspot: 3
        name: UNet
        type: UNet
        args: 
    train_datasets: 
        type: BaseDatasetCARENoisy
        args: 
            name: planaria_2D
            split: train_idx
        batch_size: 8
    validation_datasets: 
    lr: 0.0003
    print_every: 50
    save_every: 400
    validate_every: 400
    BNN_iters: 4000
    LAN_iters: 4000
    UNet_iters: 4000
    num_iters: 12000
    log_dir: /home/schaudhary/siva_projects/SpatiallyAdaptiveSSID/logs/train_debug
    log_file: /home/schaudhary/siva_projects/SpatiallyAdaptiveSSID/logs/train_debug/log.out
    model: ThreeStageModel
    iter: 0
    networks: 
        name: BNN
        type: BNN
        args: 
            blindspot: 9
        name: LAN
        type: LAN
        args: 
            blindspot: 3
        name: UNet
        type: UNet
        args: 
    train_datasets: 
        type: BaseDatasetCARENoisy
        args: 
            name: tribolium_2D
            split: train_idx
        batch_size: 8
    validation_datasets: 
    lr: 0.0003
    print_every: 50
    save_every: 400
    validate_every: 400
    BNN_iters: 4000
    LAN_iters: 4000
    UNet_iters: 4000
    num_iters: 12000
    log_dir: /home/schaudhary/siva_projects/SpatiallyAdaptiveSSID/logs/train_debug
    log_file: /home/schaudhary/siva_projects/SpatiallyAdaptiveSSID/logs/train_debug/log.out
    model: ThreeStageModel
    iter: 0
    networks: 
        name: BNN
        type: BNN
        args: 
            blindspot: 9
        name: LAN
        type: LAN
        args: 
            blindspot: 3
        name: UNet
        type: UNet
        args: 
    train_datasets: 
        type: BaseDatasetCARENoisy
        args: 
            name: tribolium_2D
            split: train_idx
        batch_size: 16
    validation_datasets: 
    lr: 0.0003
    print_every: 50
    save_every: 400
    validate_every: 400
    BNN_iters: 4000
    LAN_iters: 4000
    UNet_iters: 4000
    num_iters: 12000
    log_dir: /home/schaudhary/siva_projects/SpatiallyAdaptiveSSID/logs/train_debug
    log_file: /home/schaudhary/siva_projects/SpatiallyAdaptiveSSID/logs/train_debug/log.out
2024-05-14, 18:21:45  iter: 50, loss: 0.087160
2024-05-14, 18:21:52  iter: 100, loss: 0.083219
2024-05-14, 18:21:58  iter: 150, loss: 0.091824
2024-05-14, 18:22:05  iter: 200, loss: 0.091380
2024-05-14, 18:22:12  iter: 250, loss: 0.083606
2024-05-14, 18:22:18  iter: 300, loss: 0.080249
2024-05-14, 18:22:25  iter: 350, loss: 0.091356
2024-05-14, 18:22:32  iter: 400, loss: 0.090282
2024-05-14, 18:22:32  iter: 400, 
2024-05-14, 18:22:39  iter: 450, loss: 0.076453
2024-05-14, 18:22:45  iter: 500, loss: 0.064148
    model: ThreeStageModel
    iter: 0
    networks: 
        name: BNN
        type: BNN
        args: 
            blindspot: 9
        name: LAN
        type: LAN
        args: 
            blindspot: 3
        name: UNet
        type: UNet
        args: 
    train_datasets: 
        type: BaseDatasetCARENoisy
        args: 
            name: flywing
            split: train_idx
        batch_size: 16
    validation_datasets: 
    lr: 0.0003
    print_every: 50
    save_every: 400
    validate_every: 400
    BNN_iters: 4000
    LAN_iters: 4000
    UNet_iters: 4000
    num_iters: 12000
    log_dir: /home/schaudhary/siva_projects/SpatiallyAdaptiveSSID/logs/train_debug
    log_file: /home/schaudhary/siva_projects/SpatiallyAdaptiveSSID/logs/train_debug/log.out
2024-05-14, 18:24:14  iter: 50, loss: 0.167979
2024-05-14, 18:24:21  iter: 100, loss: 0.157742
2024-05-14, 18:24:28  iter: 150, loss: 0.167076
2024-05-14, 18:24:35  iter: 200, loss: 0.158100
2024-05-14, 18:24:41  iter: 250, loss: 0.158867
2024-05-14, 18:24:48  iter: 300, loss: 0.157149
2024-05-14, 18:24:55  iter: 350, loss: 0.162237
2024-05-14, 18:25:02  iter: 400, loss: 0.163140
2024-05-14, 18:25:02  iter: 400, 
2024-05-14, 18:25:08  iter: 450, loss: 0.159459
2024-05-14, 18:25:15  iter: 500, loss: 0.155840
2024-05-14, 18:25:22  iter: 550, loss: 0.166132
2024-05-14, 18:25:29  iter: 600, loss: 0.162122
2024-05-14, 18:25:35  iter: 650, loss: 0.159239
2024-05-14, 18:25:42  iter: 700, loss: 0.159733
2024-05-14, 18:25:49  iter: 750, loss: 0.162834
2024-05-14, 18:25:56  iter: 800, loss: 0.164136
2024-05-14, 18:25:56  iter: 800, 
2024-05-14, 18:26:02  iter: 850, loss: 0.162302
2024-05-14, 18:26:09  iter: 900, loss: 0.158919
2024-05-14, 18:26:16  iter: 950, loss: 0.160055
2024-05-14, 18:26:23  iter: 1000, loss: 0.153511
2024-05-14, 18:26:30  iter: 1050, loss: 0.158216
2024-05-14, 18:26:36  iter: 1100, loss: 0.160580
2024-05-14, 18:26:43  iter: 1150, loss: 0.165643
2024-05-14, 18:26:50  iter: 1200, loss: 0.158336
2024-05-14, 18:26:50  iter: 1200, 
2024-05-14, 18:26:57  iter: 1250, loss: 0.163146
2024-05-14, 18:27:03  iter: 1300, loss: 0.161746
2024-05-14, 18:27:10  iter: 1350, loss: 0.157602
2024-05-14, 18:27:17  iter: 1400, loss: 0.161276
2024-05-14, 18:27:24  iter: 1450, loss: 0.157054
2024-05-14, 18:27:31  iter: 1500, loss: 0.165462
2024-05-14, 18:27:37  iter: 1550, loss: 0.160392
2024-05-14, 18:27:44  iter: 1600, loss: 0.155277
2024-05-14, 18:27:44  iter: 1600, 
2024-05-14, 18:27:51  iter: 1650, loss: 0.149879
2024-05-14, 18:27:58  iter: 1700, loss: 0.161809
2024-05-14, 18:28:04  iter: 1750, loss: 0.163168
2024-05-14, 18:28:11  iter: 1800, loss: 0.156101
2024-05-14, 18:28:18  iter: 1850, loss: 0.160900
2024-05-14, 18:28:25  iter: 1900, loss: 0.158722
2024-05-14, 18:28:32  iter: 1950, loss: 0.158301
2024-05-14, 18:28:38  iter: 2000, loss: 0.161716
2024-05-14, 18:28:38  iter: 2000, 
2024-05-14, 18:28:45  iter: 2050, loss: 0.161432
2024-05-14, 18:28:52  iter: 2100, loss: 0.159524
2024-05-14, 18:28:59  iter: 2150, loss: 0.161731
2024-05-14, 18:29:06  iter: 2200, loss: 0.162386
2024-05-14, 18:29:12  iter: 2250, loss: 0.157014
2024-05-14, 18:29:19  iter: 2300, loss: 0.155821
2024-05-14, 18:29:26  iter: 2350, loss: 0.157766
2024-05-14, 18:29:33  iter: 2400, loss: 0.154641
2024-05-14, 18:29:33  iter: 2400, 
2024-05-14, 18:29:39  iter: 2450, loss: 0.155752
2024-05-14, 18:29:46  iter: 2500, loss: 0.161577
2024-05-14, 18:29:53  iter: 2550, loss: 0.158326
2024-05-14, 18:30:00  iter: 2600, loss: 0.162324
2024-05-14, 18:30:07  iter: 2650, loss: 0.157411
2024-05-14, 18:30:13  iter: 2700, loss: 0.160446
2024-05-14, 18:30:20  iter: 2750, loss: 0.156955
