    model: ThreeStageModel
    iter: 0
    networks: 
        name: BNN
        type: BNN
        args: 
            blindspot: 9
        name: LAN
        type: LAN
        args: 
            blindspot: 3
        name: UNet
        type: UNet
        args: 
    train_datasets: 
        type: BaseDatasetCARENoisy
        args: 
            name: planaria_2D
            split: train_idx
        batch_size: 16
    validation_datasets: 
    lr: 0.0003
    print_every: 100
    save_every: 5000
    validate_every: 5000
    BNN_iters: 10000
    LAN_iters: 10000
    UNet_iters: 10000
    num_iters: 30000
    log_dir: /home/schaudhary/siva_projects/SpatiallyAdaptiveSSID/logs/train_care_planaria_2D_2
    log_file: /home/schaudhary/siva_projects/SpatiallyAdaptiveSSID/logs/train_care_planaria_2D_2/log.out
train_idx split used
Shape of the dataset: (229120, 3, 64, 64)
2024-05-14, 18:39:34  iter: 100, loss: 0.113224
2024-05-14, 18:39:41  iter: 200, loss: 0.123182
2024-05-14, 18:39:47  iter: 300, loss: 0.121793
2024-05-14, 18:39:54  iter: 400, loss: 0.127801
2024-05-14, 18:40:01  iter: 500, loss: 0.113058
2024-05-14, 18:40:08  iter: 600, loss: 0.121382
2024-05-14, 18:40:15  iter: 700, loss: 0.121220
2024-05-14, 18:40:22  iter: 800, loss: 0.127261
2024-05-14, 18:40:29  iter: 900, loss: 0.126049
2024-05-14, 18:40:36  iter: 1000, loss: 0.112791
2024-05-14, 18:40:43  iter: 1100, loss: 0.117581
2024-05-14, 18:40:50  iter: 1200, loss: 0.119778
2024-05-14, 18:40:56  iter: 1300, loss: 0.110537
2024-05-14, 18:41:03  iter: 1400, loss: 0.125042
2024-05-14, 18:41:10  iter: 1500, loss: 0.120574
2024-05-14, 18:41:17  iter: 1600, loss: 0.133175
2024-05-14, 18:41:24  iter: 1700, loss: 0.115317
2024-05-14, 18:41:31  iter: 1800, loss: 0.124360
2024-05-14, 18:41:38  iter: 1900, loss: 0.112988
2024-05-14, 18:41:45  iter: 2000, loss: 0.125954
2024-05-14, 18:41:52  iter: 2100, loss: 0.120847
2024-05-14, 18:41:59  iter: 2200, loss: 0.122851
2024-05-14, 18:42:06  iter: 2300, loss: 0.127438
2024-05-14, 18:42:12  iter: 2400, loss: 0.118101
2024-05-14, 18:42:19  iter: 2500, loss: 0.131498
2024-05-14, 18:42:26  iter: 2600, loss: 0.126950
2024-05-14, 18:42:33  iter: 2700, loss: 0.119189
2024-05-14, 18:42:40  iter: 2800, loss: 0.125268
2024-05-14, 18:42:47  iter: 2900, loss: 0.124985
2024-05-14, 18:42:54  iter: 3000, loss: 0.123444
2024-05-14, 18:43:01  iter: 3100, loss: 0.115885
2024-05-14, 18:43:08  iter: 3200, loss: 0.121269
2024-05-14, 18:43:15  iter: 3300, loss: 0.125381
2024-05-14, 18:43:22  iter: 3400, loss: 0.122022
2024-05-14, 18:43:28  iter: 3500, loss: 0.107466
2024-05-14, 18:43:35  iter: 3600, loss: 0.109061
2024-05-14, 18:43:42  iter: 3700, loss: 0.124675
2024-05-14, 18:43:49  iter: 3800, loss: 0.119099
2024-05-14, 18:43:56  iter: 3900, loss: 0.122056
2024-05-14, 18:44:03  iter: 4000, loss: 0.123654
2024-05-14, 18:44:10  iter: 4100, loss: 0.126640
2024-05-14, 18:44:17  iter: 4200, loss: 0.117055
2024-05-14, 18:44:24  iter: 4300, loss: 0.126597
2024-05-14, 18:44:31  iter: 4400, loss: 0.121998
2024-05-14, 18:44:37  iter: 4500, loss: 0.123345
2024-05-14, 18:44:44  iter: 4600, loss: 0.114374
2024-05-14, 18:44:51  iter: 4700, loss: 0.125708
2024-05-14, 18:44:58  iter: 4800, loss: 0.122758
2024-05-14, 18:45:05  iter: 4900, loss: 0.112445
2024-05-14, 18:45:12  iter: 5000, loss: 0.126088
2024-05-14, 18:45:12  iter: 5000, 
2024-05-14, 18:45:19  iter: 5100, loss: 0.120212
2024-05-14, 18:45:26  iter: 5200, loss: 0.120997
2024-05-14, 18:45:32  iter: 5300, loss: 0.128432
2024-05-14, 18:45:39  iter: 5400, loss: 0.119432
2024-05-14, 18:45:46  iter: 5500, loss: 0.121583
2024-05-14, 18:45:53  iter: 5600, loss: 0.121688
2024-05-14, 18:46:00  iter: 5700, loss: 0.117050
2024-05-14, 18:46:07  iter: 5800, loss: 0.131035
2024-05-14, 18:46:14  iter: 5900, loss: 0.121827
2024-05-14, 18:46:21  iter: 6000, loss: 0.115810
2024-05-14, 18:46:28  iter: 6100, loss: 0.126978
2024-05-14, 18:46:34  iter: 6200, loss: 0.118841
2024-05-14, 18:46:41  iter: 6300, loss: 0.135319
2024-05-14, 18:46:48  iter: 6400, loss: 0.114647
2024-05-14, 18:46:55  iter: 6500, loss: 0.119836
2024-05-14, 18:47:02  iter: 6600, loss: 0.114266
2024-05-14, 18:47:09  iter: 6700, loss: 0.119512
2024-05-14, 18:47:16  iter: 6800, loss: 0.117538
2024-05-14, 18:47:23  iter: 6900, loss: 0.119939
2024-05-14, 18:47:30  iter: 7000, loss: 0.125183
2024-05-14, 18:47:37  iter: 7100, loss: 0.119637
2024-05-14, 18:47:44  iter: 7200, loss: 0.130846
2024-05-14, 18:47:51  iter: 7300, loss: 0.114838
2024-05-14, 18:47:58  iter: 7400, loss: 0.116601
2024-05-14, 18:48:04  iter: 7500, loss: 0.124815
2024-05-14, 18:48:11  iter: 7600, loss: 0.113543
2024-05-14, 18:48:18  iter: 7700, loss: 0.114612
2024-05-14, 18:48:25  iter: 7800, loss: 0.114719
2024-05-14, 18:48:32  iter: 7900, loss: 0.117303
2024-05-14, 18:48:39  iter: 8000, loss: 0.116196
2024-05-14, 18:48:46  iter: 8100, loss: 0.114156
2024-05-14, 18:48:53  iter: 8200, loss: 0.113513
2024-05-14, 18:48:59  iter: 8300, loss: 0.118929
2024-05-14, 18:49:06  iter: 8400, loss: 0.123387
2024-05-14, 18:49:13  iter: 8500, loss: 0.116052
2024-05-14, 18:49:20  iter: 8600, loss: 0.122189
2024-05-14, 18:49:27  iter: 8700, loss: 0.121065
2024-05-14, 18:49:34  iter: 8800, loss: 0.117164
2024-05-14, 18:49:40  iter: 8900, loss: 0.116802
2024-05-14, 18:49:47  iter: 9000, loss: 0.121113
2024-05-14, 18:49:54  iter: 9100, loss: 0.115541
2024-05-14, 18:50:01  iter: 9200, loss: 0.123654
2024-05-14, 18:50:08  iter: 9300, loss: 0.111750
2024-05-14, 18:50:15  iter: 9400, loss: 0.129841
2024-05-14, 18:50:22  iter: 9500, loss: 0.121753
2024-05-14, 18:50:28  iter: 9600, loss: 0.128163
2024-05-14, 18:50:35  iter: 9700, loss: 0.125441
2024-05-14, 18:50:42  iter: 9800, loss: 0.116590
2024-05-14, 18:50:49  iter: 9900, loss: 0.116290
2024-05-14, 18:50:56  iter: 10000, loss: 0.119663
2024-05-14, 18:50:56  iter: 10000, 
2024-05-14, 18:51:05  iter: 10100, loss: 0.034667
2024-05-14, 18:51:13  iter: 10200, loss: 0.034359
2024-05-14, 18:51:22  iter: 10300, loss: 0.039104
2024-05-14, 18:51:30  iter: 10400, loss: 0.034874
2024-05-14, 18:51:39  iter: 10500, loss: 0.038117
2024-05-14, 18:51:47  iter: 10600, loss: 0.035700
2024-05-14, 18:51:56  iter: 10700, loss: 0.022645
2024-05-14, 18:52:05  iter: 10800, loss: 0.021840
2024-05-14, 18:52:13  iter: 10900, loss: 0.015732
2024-05-14, 18:52:22  iter: 11000, loss: 0.013409
2024-05-14, 18:52:30  iter: 11100, loss: 0.022173
2024-05-14, 18:52:39  iter: 11200, loss: 0.018266
2024-05-14, 18:52:47  iter: 11300, loss: 0.019664
2024-05-14, 18:52:56  iter: 11400, loss: 0.014185
2024-05-14, 18:53:04  iter: 11500, loss: 0.012789
2024-05-14, 18:53:12  iter: 11600, loss: 0.017137
2024-05-14, 18:53:21  iter: 11700, loss: 0.015085
2024-05-14, 18:53:29  iter: 11800, loss: 0.023220
2024-05-14, 18:53:38  iter: 11900, loss: 0.017070
2024-05-14, 18:53:46  iter: 12000, loss: 0.019491
2024-05-14, 18:53:54  iter: 12100, loss: 0.022597
2024-05-14, 18:54:03  iter: 12200, loss: 0.015020
2024-05-14, 18:54:11  iter: 12300, loss: 0.025752
2024-05-14, 18:54:20  iter: 12400, loss: 0.017233
2024-05-14, 18:54:28  iter: 12500, loss: 0.017235
2024-05-14, 18:54:36  iter: 12600, loss: 0.019287
2024-05-14, 18:54:44  iter: 12700, loss: 0.014519
2024-05-14, 18:54:52  iter: 12800, loss: 0.017007
2024-05-14, 18:55:00  iter: 12900, loss: 0.021130
2024-05-14, 18:55:08  iter: 13000, loss: 0.021550
2024-05-14, 18:55:16  iter: 13100, loss: 0.017381
2024-05-14, 18:55:24  iter: 13200, loss: 0.014077
2024-05-14, 18:55:33  iter: 13300, loss: 0.018189
2024-05-14, 18:55:41  iter: 13400, loss: 0.016036
2024-05-14, 18:55:49  iter: 13500, loss: 0.015214
2024-05-14, 18:55:57  iter: 13600, loss: 0.012011
2024-05-14, 18:56:06  iter: 13700, loss: 0.013970
2024-05-14, 18:56:14  iter: 13800, loss: 0.016910
2024-05-14, 18:56:22  iter: 13900, loss: 0.027819
2024-05-14, 18:56:31  iter: 14000, loss: 0.014024
2024-05-14, 18:56:39  iter: 14100, loss: 0.018550
2024-05-14, 18:56:48  iter: 14200, loss: 0.016948
2024-05-14, 18:56:56  iter: 14300, loss: 0.015172
2024-05-14, 18:57:05  iter: 14400, loss: 0.020754
2024-05-14, 18:57:13  iter: 14500, loss: 0.013300
2024-05-14, 18:57:21  iter: 14600, loss: 0.016971
2024-05-14, 18:57:30  iter: 14700, loss: 0.018857
2024-05-14, 18:57:38  iter: 14800, loss: 0.021664
2024-05-14, 18:57:46  iter: 14900, loss: 0.016238
2024-05-14, 18:57:55  iter: 15000, loss: 0.017332
2024-05-14, 18:57:55  iter: 15000, 
2024-05-14, 18:58:04  iter: 15100, loss: 0.016987
2024-05-14, 18:58:12  iter: 15200, loss: 0.017096
2024-05-14, 18:58:20  iter: 15300, loss: 0.015453
2024-05-14, 18:58:28  iter: 15400, loss: 0.018087
2024-05-14, 18:58:36  iter: 15500, loss: 0.017793
2024-05-14, 18:58:45  iter: 15600, loss: 0.016014
2024-05-14, 18:58:53  iter: 15700, loss: 0.011746
2024-05-14, 18:59:02  iter: 15800, loss: 0.012759
2024-05-14, 18:59:10  iter: 15900, loss: 0.013979
2024-05-14, 18:59:19  iter: 16000, loss: 0.020624
2024-05-14, 18:59:27  iter: 16100, loss: 0.018018
2024-05-14, 18:59:36  iter: 16200, loss: 0.016825
2024-05-14, 18:59:45  iter: 16300, loss: 0.017729
2024-05-14, 18:59:53  iter: 16400, loss: 0.013875
2024-05-14, 19:00:02  iter: 16500, loss: 0.014388
2024-05-14, 19:00:10  iter: 16600, loss: 0.021740
2024-05-14, 19:00:19  iter: 16700, loss: 0.012798
2024-05-14, 19:00:27  iter: 16800, loss: 0.011367
2024-05-14, 19:00:36  iter: 16900, loss: 0.014512
2024-05-14, 19:00:44  iter: 17000, loss: 0.017406
2024-05-14, 19:00:52  iter: 17100, loss: 0.017398
2024-05-14, 19:01:01  iter: 17200, loss: 0.015746
2024-05-14, 19:01:09  iter: 17300, loss: 0.013530
2024-05-14, 19:01:17  iter: 17400, loss: 0.013476
2024-05-14, 19:01:25  iter: 17500, loss: 0.018519
2024-05-14, 19:01:33  iter: 17600, loss: 0.021503
2024-05-14, 19:01:41  iter: 17700, loss: 0.015351
2024-05-14, 19:01:49  iter: 17800, loss: 0.016503
2024-05-14, 19:01:57  iter: 17900, loss: 0.018138
2024-05-14, 19:02:05  iter: 18000, loss: 0.014034
2024-05-14, 19:02:14  iter: 18100, loss: 0.019265
2024-05-14, 19:02:22  iter: 18200, loss: 0.014915
2024-05-14, 19:02:31  iter: 18300, loss: 0.015036
2024-05-14, 19:02:39  iter: 18400, loss: 0.016489
2024-05-14, 19:02:48  iter: 18500, loss: 0.016914
2024-05-14, 19:02:56  iter: 18600, loss: 0.016704
2024-05-14, 19:03:05  iter: 18700, loss: 0.016913
2024-05-14, 19:03:14  iter: 18800, loss: 0.012740
2024-05-14, 19:03:22  iter: 18900, loss: 0.016948
2024-05-14, 19:03:31  iter: 19000, loss: 0.014327
2024-05-14, 19:03:39  iter: 19100, loss: 0.019699
2024-05-14, 19:03:48  iter: 19200, loss: 0.018525
2024-05-14, 19:03:56  iter: 19300, loss: 0.014857
2024-05-14, 19:04:05  iter: 19400, loss: 0.017722
2024-05-14, 19:04:13  iter: 19500, loss: 0.016826
2024-05-14, 19:04:22  iter: 19600, loss: 0.021462
2024-05-14, 19:04:30  iter: 19700, loss: 0.014016
2024-05-14, 19:04:38  iter: 19800, loss: 0.012397
2024-05-14, 19:04:46  iter: 19900, loss: 0.011139
2024-05-14, 19:04:55  iter: 20000, loss: 0.015623
2024-05-14, 19:04:55  iter: 20000, 
2024-05-14, 19:05:05  iter: 20100, loss: 0.017618
2024-05-14, 19:05:15  iter: 20200, loss: 0.015028
2024-05-14, 19:05:25  iter: 20300, loss: 0.016513
2024-05-14, 19:05:36  iter: 20400, loss: 0.015112
2024-05-14, 19:05:46  iter: 20500, loss: 0.020033
2024-05-14, 19:05:56  iter: 20600, loss: 0.015038
2024-05-14, 19:06:07  iter: 20700, loss: 0.009414
2024-05-14, 19:06:17  iter: 20800, loss: 0.014757
2024-05-14, 19:06:28  iter: 20900, loss: 0.012063
2024-05-14, 19:06:38  iter: 21000, loss: 0.012503
2024-05-14, 19:06:48  iter: 21100, loss: 0.011025
2024-05-14, 19:06:58  iter: 21200, loss: 0.015493
2024-05-14, 19:07:08  iter: 21300, loss: 0.011834
2024-05-14, 19:07:19  iter: 21400, loss: 0.011748
2024-05-14, 19:07:29  iter: 21500, loss: 0.009940
2024-05-14, 19:07:39  iter: 21600, loss: 0.011320
2024-05-14, 19:07:49  iter: 21700, loss: 0.011093
2024-05-14, 19:08:00  iter: 21800, loss: 0.011678
2024-05-14, 19:08:10  iter: 21900, loss: 0.008508
2024-05-14, 19:08:21  iter: 22000, loss: 0.009081
2024-05-14, 19:08:31  iter: 22100, loss: 0.011273
2024-05-14, 19:08:41  iter: 22200, loss: 0.008977
2024-05-14, 19:08:51  iter: 22300, loss: 0.007681
2024-05-14, 19:09:01  iter: 22400, loss: 0.012319
2024-05-14, 19:09:11  iter: 22500, loss: 0.010321
2024-05-14, 19:09:22  iter: 22600, loss: 0.010661
2024-05-14, 19:09:32  iter: 22700, loss: 0.010673
2024-05-14, 19:09:42  iter: 22800, loss: 0.011018
2024-05-14, 19:09:52  iter: 22900, loss: 0.009490
2024-05-14, 19:10:03  iter: 23000, loss: 0.008391
2024-05-14, 19:10:13  iter: 23100, loss: 0.009680
2024-05-14, 19:10:23  iter: 23200, loss: 0.010446
2024-05-14, 19:10:33  iter: 23300, loss: 0.010047
2024-05-14, 19:10:44  iter: 23400, loss: 0.010256
2024-05-14, 19:10:54  iter: 23500, loss: 0.011948
2024-05-14, 19:11:04  iter: 23600, loss: 0.012836
2024-05-14, 19:11:15  iter: 23700, loss: 0.008423
2024-05-14, 19:11:25  iter: 23800, loss: 0.011994
2024-05-14, 19:11:36  iter: 23900, loss: 0.009089
2024-05-14, 19:11:46  iter: 24000, loss: 0.007802
2024-05-14, 19:11:56  iter: 24100, loss: 0.010291
2024-05-14, 19:12:07  iter: 24200, loss: 0.008134
2024-05-14, 19:12:17  iter: 24300, loss: 0.010722
2024-05-14, 19:12:27  iter: 24400, loss: 0.010895
2024-05-14, 19:12:38  iter: 24500, loss: 0.012671
2024-05-14, 19:12:48  iter: 24600, loss: 0.008227
2024-05-14, 19:12:59  iter: 24700, loss: 0.008475
2024-05-14, 19:13:09  iter: 24800, loss: 0.010770
2024-05-14, 19:13:19  iter: 24900, loss: 0.010170
2024-05-14, 19:13:30  iter: 25000, loss: 0.008638
2024-05-14, 19:13:30  iter: 25000, 
2024-05-14, 19:13:40  iter: 25100, loss: 0.009545
2024-05-14, 19:13:50  iter: 25200, loss: 0.008341
2024-05-14, 19:14:00  iter: 25300, loss: 0.008003
2024-05-14, 19:14:10  iter: 25400, loss: 0.007683
2024-05-14, 19:14:20  iter: 25500, loss: 0.010631
2024-05-14, 19:14:31  iter: 25600, loss: 0.010203
2024-05-14, 19:14:41  iter: 25700, loss: 0.010870
2024-05-14, 19:14:51  iter: 25800, loss: 0.008250
2024-05-14, 19:15:01  iter: 25900, loss: 0.010552
2024-05-14, 19:15:11  iter: 26000, loss: 0.006948
2024-05-14, 19:15:21  iter: 26100, loss: 0.009063
2024-05-14, 19:15:32  iter: 26200, loss: 0.013066
2024-05-14, 19:15:42  iter: 26300, loss: 0.010954
2024-05-14, 19:15:52  iter: 26400, loss: 0.008754
2024-05-14, 19:16:03  iter: 26500, loss: 0.006501
2024-05-14, 19:16:13  iter: 26600, loss: 0.010419
2024-05-14, 19:16:23  iter: 26700, loss: 0.008047
2024-05-14, 19:16:33  iter: 26800, loss: 0.009483
2024-05-14, 19:16:44  iter: 26900, loss: 0.009598
2024-05-14, 19:16:54  iter: 27000, loss: 0.007280
2024-05-14, 19:17:04  iter: 27100, loss: 0.009243
2024-05-14, 19:17:15  iter: 27200, loss: 0.008642
2024-05-14, 19:17:25  iter: 27300, loss: 0.006384
2024-05-14, 19:17:35  iter: 27400, loss: 0.009383
2024-05-14, 19:17:46  iter: 27500, loss: 0.008316
2024-05-14, 19:17:56  iter: 27600, loss: 0.008168
2024-05-14, 19:18:06  iter: 27700, loss: 0.007977
2024-05-14, 19:18:16  iter: 27800, loss: 0.006223
2024-05-14, 19:18:27  iter: 27900, loss: 0.008827
2024-05-14, 19:18:37  iter: 28000, loss: 0.010080
2024-05-14, 19:18:47  iter: 28100, loss: 0.007923
2024-05-14, 19:18:57  iter: 28200, loss: 0.006283
2024-05-14, 19:19:08  iter: 28300, loss: 0.007458
2024-05-14, 19:19:18  iter: 28400, loss: 0.008463
2024-05-14, 19:19:29  iter: 28500, loss: 0.009993
2024-05-14, 19:19:39  iter: 28600, loss: 0.008840
2024-05-14, 19:19:49  iter: 28700, loss: 0.006438
2024-05-14, 19:20:00  iter: 28800, loss: 0.008828
2024-05-14, 19:20:10  iter: 28900, loss: 0.009706
2024-05-14, 19:20:20  iter: 29000, loss: 0.008003
2024-05-14, 19:20:30  iter: 29100, loss: 0.009811
2024-05-14, 19:20:40  iter: 29200, loss: 0.008110
2024-05-14, 19:20:51  iter: 29300, loss: 0.011457
2024-05-14, 19:21:01  iter: 29400, loss: 0.007690
2024-05-14, 19:21:11  iter: 29500, loss: 0.009584
2024-05-14, 19:21:21  iter: 29600, loss: 0.007092
2024-05-14, 19:21:32  iter: 29700, loss: 0.007367
2024-05-14, 19:21:42  iter: 29800, loss: 0.009670
2024-05-14, 19:21:52  iter: 29900, loss: 0.008758
2024-05-14, 19:22:03  iter: 30000, loss: 0.011664
2024-05-14, 19:22:03  iter: 30000, 
