    model: ThreeStageModel
    iter: 0
    networks: 
        name: BNN
        type: BNN
        args: 
            blindspot: 9
        name: LAN
        type: LAN
        args: 
            blindspot: 3
        name: UNet
        type: UNet
        args: 
    train_datasets: 
        type: BaseDatasetCARENoisy
        args: 
            name: tribolium_2D
            split: train_idx
        batch_size: 16
    validation_datasets: 
    lr: 0.0003
    print_every: 1000
    save_every: 50000
    validate_every: 50000
    BNN_iters: 100000
    LAN_iters: 100000
    UNet_iters: 100000
    num_iters: 300000
    log_dir: /home/schaudhary/siva_projects/SpatiallyAdaptiveSSID/logs/train_care_tribolium_2D_3
    log_file: /home/schaudhary/siva_projects/SpatiallyAdaptiveSSID/logs/train_care_tribolium_2D_3/log.out
2024-05-15, 18:17:22  iter: 1000, loss: 0.101037
2024-05-15, 18:18:31  iter: 2000, loss: 0.073906
2024-05-15, 18:19:39  iter: 3000, loss: 0.076209
2024-05-15, 18:20:48  iter: 4000, loss: 0.065167
2024-05-15, 18:21:57  iter: 5000, loss: 0.077152
2024-05-15, 18:23:06  iter: 6000, loss: 0.069831
2024-05-15, 18:24:15  iter: 7000, loss: 0.090151
2024-05-15, 18:25:24  iter: 8000, loss: 0.087144
2024-05-15, 18:26:33  iter: 9000, loss: 0.088977
2024-05-15, 18:27:41  iter: 10000, loss: 0.084290
2024-05-15, 18:28:51  iter: 11000, loss: 0.091962
2024-05-15, 18:30:00  iter: 12000, loss: 0.084609
2024-05-15, 18:31:09  iter: 13000, loss: 0.085740
2024-05-15, 18:32:18  iter: 14000, loss: 0.085683
2024-05-15, 18:33:27  iter: 15000, loss: 0.088934
2024-05-15, 18:34:36  iter: 16000, loss: 0.073971
2024-05-15, 18:35:45  iter: 17000, loss: 0.069415
2024-05-15, 18:36:53  iter: 18000, loss: 0.081899
2024-05-15, 18:38:02  iter: 19000, loss: 0.088794
2024-05-15, 18:39:11  iter: 20000, loss: 0.081972
2024-05-15, 18:40:20  iter: 21000, loss: 0.087371
2024-05-15, 18:41:28  iter: 22000, loss: 0.074044
2024-05-15, 18:42:37  iter: 23000, loss: 0.091005
2024-05-15, 18:43:46  iter: 24000, loss: 0.095310
2024-05-15, 18:44:55  iter: 25000, loss: 0.087326
2024-05-15, 18:46:04  iter: 26000, loss: 0.082886
2024-05-15, 18:47:13  iter: 27000, loss: 0.083325
2024-05-15, 18:48:22  iter: 28000, loss: 0.088511
2024-05-15, 18:49:30  iter: 29000, loss: 0.088027
2024-05-15, 18:50:39  iter: 30000, loss: 0.096005
2024-05-15, 18:51:48  iter: 31000, loss: 0.081489
2024-05-15, 18:52:56  iter: 32000, loss: 0.077614
2024-05-15, 18:54:05  iter: 33000, loss: 0.097286
2024-05-15, 18:55:13  iter: 34000, loss: 0.094530
2024-05-15, 18:56:22  iter: 35000, loss: 0.083106
2024-05-15, 18:57:31  iter: 36000, loss: 0.083785
2024-05-15, 18:58:40  iter: 37000, loss: 0.072856
2024-05-15, 18:59:49  iter: 38000, loss: 0.077843
2024-05-15, 19:00:58  iter: 39000, loss: 0.084706
2024-05-15, 19:02:06  iter: 40000, loss: 0.089393
2024-05-15, 19:03:15  iter: 41000, loss: 0.080656
2024-05-15, 19:04:24  iter: 42000, loss: 0.094310
2024-05-15, 19:05:33  iter: 43000, loss: 0.091762
2024-05-15, 19:06:41  iter: 44000, loss: 0.080824
2024-05-15, 19:07:50  iter: 45000, loss: 0.078382
2024-05-15, 19:08:59  iter: 46000, loss: 0.088688
2024-05-15, 19:10:08  iter: 47000, loss: 0.084778
2024-05-15, 19:11:17  iter: 48000, loss: 0.084462
2024-05-15, 19:12:26  iter: 49000, loss: 0.078688
2024-05-15, 19:13:35  iter: 50000, loss: 0.077134
2024-05-15, 19:13:35  iter: 50000, 
2024-05-15, 19:14:44  iter: 51000, loss: 0.091185
2024-05-15, 19:15:53  iter: 52000, loss: 0.082654
2024-05-15, 19:17:01  iter: 53000, loss: 0.082783
2024-05-15, 19:18:10  iter: 54000, loss: 0.071493
2024-05-15, 19:19:19  iter: 55000, loss: 0.091243
2024-05-15, 19:20:27  iter: 56000, loss: 0.089796
2024-05-15, 19:21:36  iter: 57000, loss: 0.093705
2024-05-15, 19:22:45  iter: 58000, loss: 0.077439
2024-05-15, 19:23:54  iter: 59000, loss: 0.082864
2024-05-15, 19:25:03  iter: 60000, loss: 0.085513
2024-05-15, 19:26:11  iter: 61000, loss: 0.088965
2024-05-15, 19:27:20  iter: 62000, loss: 0.099540
2024-05-15, 19:28:29  iter: 63000, loss: 0.083088
2024-05-15, 19:29:38  iter: 64000, loss: 0.084842
2024-05-15, 19:30:47  iter: 65000, loss: 0.074710
2024-05-15, 19:31:56  iter: 66000, loss: 0.078269
2024-05-15, 19:33:04  iter: 67000, loss: 0.071157
2024-05-15, 19:34:13  iter: 68000, loss: 0.089767
2024-05-15, 19:35:21  iter: 69000, loss: 0.085611
2024-05-15, 19:36:30  iter: 70000, loss: 0.089439
2024-05-15, 19:37:39  iter: 71000, loss: 0.078809
2024-05-15, 19:38:47  iter: 72000, loss: 0.071864
2024-05-15, 19:39:56  iter: 73000, loss: 0.093933
2024-05-15, 19:41:05  iter: 74000, loss: 0.090183
2024-05-15, 19:42:13  iter: 75000, loss: 0.066517
2024-05-15, 19:43:22  iter: 76000, loss: 0.087330
2024-05-15, 19:44:30  iter: 77000, loss: 0.102124
2024-05-15, 19:45:39  iter: 78000, loss: 0.097272
2024-05-15, 19:46:48  iter: 79000, loss: 0.091407
2024-05-15, 19:47:56  iter: 80000, loss: 0.102162
2024-05-15, 19:49:05  iter: 81000, loss: 0.085125
2024-05-15, 19:50:14  iter: 82000, loss: 0.085155
2024-05-15, 19:51:23  iter: 83000, loss: 0.094600
2024-05-15, 19:52:32  iter: 84000, loss: 0.093322
2024-05-15, 19:53:41  iter: 85000, loss: 0.069458
2024-05-15, 19:54:50  iter: 86000, loss: 0.085190
2024-05-15, 19:56:00  iter: 87000, loss: 0.093029
2024-05-15, 19:57:09  iter: 88000, loss: 0.086354
2024-05-15, 19:58:18  iter: 89000, loss: 0.080426
2024-05-15, 19:59:27  iter: 90000, loss: 0.092334
2024-05-15, 20:00:36  iter: 91000, loss: 0.091440
2024-05-15, 20:01:45  iter: 92000, loss: 0.079357
2024-05-15, 20:02:54  iter: 93000, loss: 0.071576
2024-05-15, 20:04:03  iter: 94000, loss: 0.083970
2024-05-15, 20:05:12  iter: 95000, loss: 0.076063
2024-05-15, 20:06:20  iter: 96000, loss: 0.090612
2024-05-15, 20:07:29  iter: 97000, loss: 0.082159
2024-05-15, 20:08:38  iter: 98000, loss: 0.077893
2024-05-15, 20:09:47  iter: 99000, loss: 0.077010
2024-05-15, 20:10:56  iter: 100000, loss: 0.073776
2024-05-15, 20:10:56  iter: 100000, 
2024-05-15, 20:12:19  iter: 101000, loss: 0.032136
2024-05-15, 20:13:41  iter: 102000, loss: 0.018469
2024-05-15, 20:15:01  iter: 103000, loss: 0.021365
2024-05-15, 20:16:21  iter: 104000, loss: 0.012794
2024-05-15, 20:17:44  iter: 105000, loss: 0.017713
2024-05-15, 20:19:06  iter: 106000, loss: 0.014037
2024-05-15, 20:20:28  iter: 107000, loss: 0.015207
2024-05-15, 20:21:49  iter: 108000, loss: 0.014744
2024-05-15, 20:23:11  iter: 109000, loss: 0.021474
2024-05-15, 20:24:32  iter: 110000, loss: 0.019396
2024-05-15, 20:25:54  iter: 111000, loss: 0.013722
2024-05-15, 20:27:16  iter: 112000, loss: 0.015755
2024-05-15, 20:28:38  iter: 113000, loss: 0.016641
2024-05-15, 20:30:01  iter: 114000, loss: 0.018716
2024-05-15, 20:31:23  iter: 115000, loss: 0.019243
2024-05-15, 20:32:45  iter: 116000, loss: 0.016765
2024-05-15, 20:34:08  iter: 117000, loss: 0.017541
2024-05-15, 20:35:31  iter: 118000, loss: 0.016630
2024-05-15, 20:36:52  iter: 119000, loss: 0.017164
2024-05-15, 20:38:13  iter: 120000, loss: 0.015583
2024-05-15, 20:39:35  iter: 121000, loss: 0.014247
2024-05-15, 20:40:56  iter: 122000, loss: 0.013364
2024-05-15, 20:42:16  iter: 123000, loss: 0.015010
2024-05-15, 20:43:38  iter: 124000, loss: 0.015064
2024-05-15, 20:44:58  iter: 125000, loss: 0.013446
2024-05-15, 20:46:19  iter: 126000, loss: 0.016895
2024-05-15, 20:47:41  iter: 127000, loss: 0.014499
2024-05-15, 20:49:03  iter: 128000, loss: 0.013732
2024-05-15, 20:50:26  iter: 129000, loss: 0.014234
2024-05-15, 20:51:48  iter: 130000, loss: 0.016732
2024-05-15, 20:53:09  iter: 131000, loss: 0.017753
2024-05-15, 20:54:29  iter: 132000, loss: 0.011914
2024-05-15, 20:55:51  iter: 133000, loss: 0.018219
2024-05-15, 20:57:14  iter: 134000, loss: 0.017001
2024-05-15, 20:58:34  iter: 135000, loss: 0.013999
2024-05-15, 20:59:57  iter: 136000, loss: 0.016433
2024-05-15, 21:01:20  iter: 137000, loss: 0.016972
2024-05-15, 21:02:41  iter: 138000, loss: 0.017452
2024-05-15, 21:04:02  iter: 139000, loss: 0.017693
2024-05-15, 21:05:24  iter: 140000, loss: 0.017459
2024-05-15, 21:06:44  iter: 141000, loss: 0.015537
2024-05-15, 21:08:04  iter: 142000, loss: 0.018069
2024-05-15, 21:09:25  iter: 143000, loss: 0.018460
2024-05-15, 21:10:45  iter: 144000, loss: 0.015799
2024-05-15, 21:12:05  iter: 145000, loss: 0.012385
2024-05-15, 21:13:26  iter: 146000, loss: 0.015855
2024-05-15, 21:14:47  iter: 147000, loss: 0.013947
2024-05-15, 21:16:08  iter: 148000, loss: 0.018720
2024-05-15, 21:17:30  iter: 149000, loss: 0.018506
2024-05-15, 21:18:52  iter: 150000, loss: 0.016289
2024-05-15, 21:18:52  iter: 150000, 
2024-05-15, 21:20:16  iter: 151000, loss: 0.013372
2024-05-15, 21:21:38  iter: 152000, loss: 0.016023
2024-05-15, 21:23:00  iter: 153000, loss: 0.013628
2024-05-15, 21:24:20  iter: 154000, loss: 0.017726
2024-05-15, 21:25:39  iter: 155000, loss: 0.012742
2024-05-15, 21:27:01  iter: 156000, loss: 0.020239
2024-05-15, 21:28:23  iter: 157000, loss: 0.019384
2024-05-15, 21:29:46  iter: 158000, loss: 0.015740
2024-05-15, 21:31:07  iter: 159000, loss: 0.015273
2024-05-15, 21:32:29  iter: 160000, loss: 0.016978
2024-05-15, 21:33:50  iter: 161000, loss: 0.017821
2024-05-15, 21:35:13  iter: 162000, loss: 0.016830
2024-05-15, 21:36:34  iter: 163000, loss: 0.014586
2024-05-15, 21:37:56  iter: 164000, loss: 0.019283
2024-05-15, 21:39:16  iter: 165000, loss: 0.017724
2024-05-15, 21:40:37  iter: 166000, loss: 0.013487
2024-05-15, 21:41:59  iter: 167000, loss: 0.022336
2024-05-15, 21:43:21  iter: 168000, loss: 0.015530
2024-05-15, 21:44:43  iter: 169000, loss: 0.018188
2024-05-15, 21:46:03  iter: 170000, loss: 0.016979
2024-05-15, 21:47:25  iter: 171000, loss: 0.015757
2024-05-15, 21:48:48  iter: 172000, loss: 0.015736
2024-05-15, 21:50:10  iter: 173000, loss: 0.016170
2024-05-15, 21:51:31  iter: 174000, loss: 0.018547
2024-05-15, 21:52:54  iter: 175000, loss: 0.014513
2024-05-15, 21:54:16  iter: 176000, loss: 0.014166
2024-05-15, 21:55:38  iter: 177000, loss: 0.016953
2024-05-15, 21:57:03  iter: 178000, loss: 0.015539
2024-05-15, 21:58:25  iter: 179000, loss: 0.018595
2024-05-15, 21:59:47  iter: 180000, loss: 0.018366
2024-05-15, 22:01:09  iter: 181000, loss: 0.021220
2024-05-15, 22:02:28  iter: 182000, loss: 0.013941
2024-05-15, 22:03:49  iter: 183000, loss: 0.013521
2024-05-15, 22:05:11  iter: 184000, loss: 0.015907
2024-05-15, 22:06:32  iter: 185000, loss: 0.017803
2024-05-15, 22:07:54  iter: 186000, loss: 0.015655
2024-05-15, 22:09:15  iter: 187000, loss: 0.017510
2024-05-15, 22:10:37  iter: 188000, loss: 0.013725
2024-05-15, 22:11:59  iter: 189000, loss: 0.016366
2024-05-15, 22:13:22  iter: 190000, loss: 0.013250
2024-05-15, 22:14:43  iter: 191000, loss: 0.017266
2024-05-15, 22:16:05  iter: 192000, loss: 0.017576
2024-05-15, 22:17:27  iter: 193000, loss: 0.018347
2024-05-15, 22:18:48  iter: 194000, loss: 0.013640
2024-05-15, 22:20:10  iter: 195000, loss: 0.019454
2024-05-15, 22:21:31  iter: 196000, loss: 0.013326
2024-05-15, 22:22:53  iter: 197000, loss: 0.019929
2024-05-15, 22:24:14  iter: 198000, loss: 0.011858
2024-05-15, 22:25:34  iter: 199000, loss: 0.014019
2024-05-15, 22:26:56  iter: 200000, loss: 0.018388
2024-05-15, 22:26:56  iter: 200000, 
2024-05-15, 22:28:38  iter: 201000, loss: 0.014541
2024-05-15, 22:30:20  iter: 202000, loss: 0.010054
2024-05-15, 22:32:01  iter: 203000, loss: 0.014258
2024-05-15, 22:33:42  iter: 204000, loss: 0.008454
2024-05-15, 22:35:23  iter: 205000, loss: 0.008250
2024-05-15, 22:37:04  iter: 206000, loss: 0.008753
2024-05-15, 22:38:46  iter: 207000, loss: 0.014773
2024-05-15, 22:40:28  iter: 208000, loss: 0.009443
2024-05-15, 22:42:09  iter: 209000, loss: 0.009232
2024-05-15, 22:43:49  iter: 210000, loss: 0.009660
2024-05-15, 22:45:31  iter: 211000, loss: 0.009909
2024-05-15, 22:47:13  iter: 212000, loss: 0.007297
2024-05-15, 22:48:55  iter: 213000, loss: 0.007380
2024-05-15, 22:50:36  iter: 214000, loss: 0.007126
2024-05-15, 22:52:17  iter: 215000, loss: 0.009853
2024-05-15, 22:53:59  iter: 216000, loss: 0.006451
2024-05-15, 22:55:39  iter: 217000, loss: 0.008686
2024-05-15, 22:57:21  iter: 218000, loss: 0.006028
2024-05-15, 22:59:03  iter: 219000, loss: 0.007895
2024-05-15, 23:00:45  iter: 220000, loss: 0.010058
2024-05-15, 23:02:25  iter: 221000, loss: 0.011339
2024-05-15, 23:04:07  iter: 222000, loss: 0.006322
2024-05-15, 23:05:48  iter: 223000, loss: 0.010214
2024-05-15, 23:07:29  iter: 224000, loss: 0.008266
2024-05-15, 23:09:11  iter: 225000, loss: 0.008798
2024-05-15, 23:10:52  iter: 226000, loss: 0.010727
2024-05-15, 23:12:34  iter: 227000, loss: 0.006119
2024-05-15, 23:14:15  iter: 228000, loss: 0.008906
2024-05-15, 23:15:56  iter: 229000, loss: 0.007218
2024-05-15, 23:17:37  iter: 230000, loss: 0.006173
2024-05-15, 23:19:18  iter: 231000, loss: 0.006518
2024-05-15, 23:20:59  iter: 232000, loss: 0.007152
2024-05-15, 23:22:40  iter: 233000, loss: 0.008140
2024-05-15, 23:24:20  iter: 234000, loss: 0.007460
2024-05-15, 23:26:01  iter: 235000, loss: 0.006883
2024-05-15, 23:27:42  iter: 236000, loss: 0.006520
2024-05-15, 23:29:23  iter: 237000, loss: 0.009449
2024-05-15, 23:31:04  iter: 238000, loss: 0.008606
2024-05-15, 23:32:45  iter: 239000, loss: 0.006255
2024-05-15, 23:34:27  iter: 240000, loss: 0.007215
2024-05-15, 23:36:09  iter: 241000, loss: 0.006031
2024-05-15, 23:37:50  iter: 242000, loss: 0.006489
2024-05-15, 23:39:31  iter: 243000, loss: 0.009213
2024-05-15, 23:41:13  iter: 244000, loss: 0.004566
2024-05-15, 23:42:54  iter: 245000, loss: 0.008572
2024-05-15, 23:44:35  iter: 246000, loss: 0.008973
2024-05-15, 23:46:17  iter: 247000, loss: 0.005644
2024-05-15, 23:47:58  iter: 248000, loss: 0.006680
2024-05-15, 23:49:38  iter: 249000, loss: 0.007875
2024-05-15, 23:51:20  iter: 250000, loss: 0.007940
2024-05-15, 23:51:21  iter: 250000, 
2024-05-15, 23:53:02  iter: 251000, loss: 0.007996
2024-05-15, 23:54:43  iter: 252000, loss: 0.004926
2024-05-15, 23:56:24  iter: 253000, loss: 0.009064
2024-05-15, 23:58:05  iter: 254000, loss: 0.005991
2024-05-15, 23:59:47  iter: 255000, loss: 0.006890
2024-05-16, 00:01:29  iter: 256000, loss: 0.006914
2024-05-16, 00:03:10  iter: 257000, loss: 0.007090
2024-05-16, 00:04:51  iter: 258000, loss: 0.007481
2024-05-16, 00:06:33  iter: 259000, loss: 0.005721
2024-05-16, 00:08:14  iter: 260000, loss: 0.005511
2024-05-16, 00:09:56  iter: 261000, loss: 0.007338
2024-05-16, 00:11:36  iter: 262000, loss: 0.007684
2024-05-16, 00:13:18  iter: 263000, loss: 0.007819
2024-05-16, 00:15:00  iter: 264000, loss: 0.007071
2024-05-16, 00:16:41  iter: 265000, loss: 0.008051
2024-05-16, 00:18:21  iter: 266000, loss: 0.009583
2024-05-16, 00:20:03  iter: 267000, loss: 0.007853
2024-05-16, 00:21:45  iter: 268000, loss: 0.006656
2024-05-16, 00:23:27  iter: 269000, loss: 0.006530
2024-05-16, 00:25:09  iter: 270000, loss: 0.006603
2024-05-16, 00:26:51  iter: 271000, loss: 0.007782
2024-05-16, 00:28:31  iter: 272000, loss: 0.006799
2024-05-16, 00:30:13  iter: 273000, loss: 0.006363
2024-05-16, 00:31:54  iter: 274000, loss: 0.007042
2024-05-16, 00:33:35  iter: 275000, loss: 0.007595
2024-05-16, 00:35:18  iter: 276000, loss: 0.008894
2024-05-16, 00:37:00  iter: 277000, loss: 0.006638
2024-05-16, 00:38:40  iter: 278000, loss: 0.006411
2024-05-16, 00:40:21  iter: 279000, loss: 0.005738
2024-05-16, 00:42:01  iter: 280000, loss: 0.006038
2024-05-16, 00:43:41  iter: 281000, loss: 0.005479
2024-05-16, 00:45:22  iter: 282000, loss: 0.006338
2024-05-16, 00:47:04  iter: 283000, loss: 0.008472
2024-05-16, 00:48:45  iter: 284000, loss: 0.006337
2024-05-16, 00:50:27  iter: 285000, loss: 0.006277
2024-05-16, 00:52:09  iter: 286000, loss: 0.007587
2024-05-16, 00:53:50  iter: 287000, loss: 0.006898
2024-05-16, 00:55:32  iter: 288000, loss: 0.008691
2024-05-16, 00:57:14  iter: 289000, loss: 0.007196
2024-05-16, 00:58:55  iter: 290000, loss: 0.008383
2024-05-16, 01:00:37  iter: 291000, loss: 0.008352
2024-05-16, 01:02:19  iter: 292000, loss: 0.007526
2024-05-16, 01:04:00  iter: 293000, loss: 0.006122
2024-05-16, 01:05:41  iter: 294000, loss: 0.007872
2024-05-16, 01:07:22  iter: 295000, loss: 0.006334
2024-05-16, 01:09:03  iter: 296000, loss: 0.007725
2024-05-16, 01:10:44  iter: 297000, loss: 0.006921
2024-05-16, 01:12:25  iter: 298000, loss: 0.008752
2024-05-16, 01:14:05  iter: 299000, loss: 0.006499
2024-05-16, 01:15:46  iter: 300000, loss: 0.008376
2024-05-16, 01:15:46  iter: 300000, 
