    model: ThreeStageModel
    iter: 0
    networks: 
        name: BNN
        type: BNN
        args: 
            blindspot: 9
        name: LAN
        type: LAN
        args: 
            blindspot: 3
        name: UNet
        type: UNet
        args: 
    train_datasets: 
        type: BaseDatasetCARENoisy
        args: 
            name: flywing
        batch_size: 16
    validation_datasets: 
    lr: 0.0003
    print_every: 100
    save_every: 5000
    validate_every: 5000
    BNN_iters: 30000
    LAN_iters: 30000
    UNet_iters: 30000
    num_iters: 90000
    log_dir: /home/schaudhary/siva_projects/SpatiallyAdaptiveSSID/logs/train_care_flywing
    log_file: /home/schaudhary/siva_projects/SpatiallyAdaptiveSSID/logs/train_care_flywing/log.out
    model: ThreeStageModel
    iter: 0
    networks: 
        name: BNN
        type: BNN
        args: 
            blindspot: 9
        name: LAN
        type: LAN
        args: 
            blindspot: 3
        name: UNet
        type: UNet
        args: 
    train_datasets: 
        type: BaseDatasetCARENoisy
        args: 
            name: flywing
            split: train_idx
        batch_size: 16
    validation_datasets: 
    lr: 0.0003
    print_every: 100
    save_every: 5000
    validate_every: 5000
    BNN_iters: 30000
    LAN_iters: 30000
    UNet_iters: 30000
    num_iters: 90000
    log_dir: /home/schaudhary/siva_projects/SpatiallyAdaptiveSSID/logs/train_care_flywing
    log_file: /home/schaudhary/siva_projects/SpatiallyAdaptiveSSID/logs/train_care_flywing/log.out
2024-05-14, 18:41:41  iter: 100, loss: 0.168364
2024-05-14, 18:41:54  iter: 200, loss: 0.156686
2024-05-14, 18:42:08  iter: 300, loss: 0.159977
2024-05-14, 18:42:21  iter: 400, loss: 0.162765
2024-05-14, 18:42:35  iter: 500, loss: 0.165528
2024-05-14, 18:42:48  iter: 600, loss: 0.165305
2024-05-14, 18:43:02  iter: 700, loss: 0.161877
2024-05-14, 18:43:15  iter: 800, loss: 0.158748
2024-05-14, 18:43:29  iter: 900, loss: 0.153497
2024-05-14, 18:43:42  iter: 1000, loss: 0.162564
2024-05-14, 18:43:56  iter: 1100, loss: 0.164996
2024-05-14, 18:44:09  iter: 1200, loss: 0.159821
2024-05-14, 18:44:23  iter: 1300, loss: 0.159580
2024-05-14, 18:44:36  iter: 1400, loss: 0.161529
2024-05-14, 18:44:50  iter: 1500, loss: 0.161626
2024-05-14, 18:45:03  iter: 1600, loss: 0.155636
2024-05-14, 18:45:17  iter: 1700, loss: 0.163965
2024-05-14, 18:45:31  iter: 1800, loss: 0.161859
2024-05-14, 18:45:44  iter: 1900, loss: 0.161098
2024-05-14, 18:45:58  iter: 2000, loss: 0.150696
2024-05-14, 18:46:11  iter: 2100, loss: 0.161886
2024-05-14, 18:46:25  iter: 2200, loss: 0.155727
2024-05-14, 18:46:38  iter: 2300, loss: 0.154152
2024-05-14, 18:46:52  iter: 2400, loss: 0.162797
2024-05-14, 18:47:05  iter: 2500, loss: 0.162481
2024-05-14, 18:47:19  iter: 2600, loss: 0.162546
2024-05-14, 18:47:32  iter: 2700, loss: 0.152779
2024-05-14, 18:47:46  iter: 2800, loss: 0.153420
2024-05-14, 18:48:00  iter: 2900, loss: 0.156963
2024-05-14, 18:48:13  iter: 3000, loss: 0.155082
2024-05-14, 18:48:27  iter: 3100, loss: 0.167390
2024-05-14, 18:48:40  iter: 3200, loss: 0.163587
2024-05-14, 18:48:54  iter: 3300, loss: 0.164360
2024-05-14, 18:49:07  iter: 3400, loss: 0.156345
2024-05-14, 18:49:21  iter: 3500, loss: 0.156403
2024-05-14, 18:49:34  iter: 3600, loss: 0.158782
2024-05-14, 18:49:48  iter: 3700, loss: 0.158538
2024-05-14, 18:50:01  iter: 3800, loss: 0.152962
2024-05-14, 18:50:15  iter: 3900, loss: 0.161023
2024-05-14, 18:50:29  iter: 4000, loss: 0.155737
2024-05-14, 18:50:42  iter: 4100, loss: 0.158802
2024-05-14, 18:50:56  iter: 4200, loss: 0.151057
2024-05-14, 18:51:09  iter: 4300, loss: 0.159887
2024-05-14, 18:51:23  iter: 4400, loss: 0.156201
2024-05-14, 18:51:36  iter: 4500, loss: 0.156675
2024-05-14, 18:51:50  iter: 4600, loss: 0.154284
2024-05-14, 18:52:03  iter: 4700, loss: 0.155472
2024-05-14, 18:52:17  iter: 4800, loss: 0.154565
2024-05-14, 18:52:30  iter: 4900, loss: 0.157064
2024-05-14, 18:52:44  iter: 5000, loss: 0.156393
2024-05-14, 18:52:44  iter: 5000, 
2024-05-14, 18:52:58  iter: 5100, loss: 0.146803
2024-05-14, 18:53:11  iter: 5200, loss: 0.152880
2024-05-14, 18:53:25  iter: 5300, loss: 0.157028
2024-05-14, 18:53:38  iter: 5400, loss: 0.154918
2024-05-14, 18:53:52  iter: 5500, loss: 0.159476
2024-05-14, 18:54:05  iter: 5600, loss: 0.158651
2024-05-14, 18:54:19  iter: 5700, loss: 0.153839
2024-05-14, 18:54:32  iter: 5800, loss: 0.158777
2024-05-14, 18:54:46  iter: 5900, loss: 0.155324
2024-05-14, 18:55:00  iter: 6000, loss: 0.157802
2024-05-14, 18:55:13  iter: 6100, loss: 0.154268
2024-05-14, 18:55:27  iter: 6200, loss: 0.157177
2024-05-14, 18:55:40  iter: 6300, loss: 0.155302
2024-05-14, 18:55:54  iter: 6400, loss: 0.160748
2024-05-14, 18:56:07  iter: 6500, loss: 0.160197
2024-05-14, 18:56:21  iter: 6600, loss: 0.159117
2024-05-14, 18:56:34  iter: 6700, loss: 0.155782
2024-05-14, 18:56:48  iter: 6800, loss: 0.154566
2024-05-14, 18:57:01  iter: 6900, loss: 0.159295
2024-05-14, 18:57:15  iter: 7000, loss: 0.156224
2024-05-14, 18:57:29  iter: 7100, loss: 0.157066
2024-05-14, 18:57:42  iter: 7200, loss: 0.153835
2024-05-14, 18:57:56  iter: 7300, loss: 0.153867
2024-05-14, 18:58:09  iter: 7400, loss: 0.156374
2024-05-14, 18:58:23  iter: 7500, loss: 0.159678
2024-05-14, 18:58:36  iter: 7600, loss: 0.155442
2024-05-14, 18:58:50  iter: 7700, loss: 0.158169
2024-05-14, 18:59:03  iter: 7800, loss: 0.145809
2024-05-14, 18:59:17  iter: 7900, loss: 0.156532
2024-05-14, 18:59:30  iter: 8000, loss: 0.152581
2024-05-14, 18:59:44  iter: 8100, loss: 0.156242
2024-05-14, 18:59:58  iter: 8200, loss: 0.153535
2024-05-14, 19:00:11  iter: 8300, loss: 0.158652
2024-05-14, 19:00:25  iter: 8400, loss: 0.155588
2024-05-14, 19:00:38  iter: 8500, loss: 0.159998
2024-05-14, 19:00:52  iter: 8600, loss: 0.159859
2024-05-14, 19:01:05  iter: 8700, loss: 0.161205
2024-05-14, 19:01:19  iter: 8800, loss: 0.148288
2024-05-14, 19:01:32  iter: 8900, loss: 0.162472
2024-05-14, 19:01:46  iter: 9000, loss: 0.157693
2024-05-14, 19:01:59  iter: 9100, loss: 0.156307
2024-05-14, 19:02:13  iter: 9200, loss: 0.158706
2024-05-14, 19:02:27  iter: 9300, loss: 0.158436
2024-05-14, 19:02:40  iter: 9400, loss: 0.155894
2024-05-14, 19:02:54  iter: 9500, loss: 0.165456
2024-05-14, 19:03:07  iter: 9600, loss: 0.156343
2024-05-14, 19:03:21  iter: 9700, loss: 0.156353
2024-05-14, 19:03:34  iter: 9800, loss: 0.159988
2024-05-14, 19:03:48  iter: 9900, loss: 0.158281
2024-05-14, 19:04:01  iter: 10000, loss: 0.161709
2024-05-14, 19:04:01  iter: 10000, 
2024-05-14, 19:04:15  iter: 10100, loss: 0.157796
2024-05-14, 19:04:29  iter: 10200, loss: 0.161348
2024-05-14, 19:04:42  iter: 10300, loss: 0.159109
2024-05-14, 19:04:56  iter: 10400, loss: 0.158357
2024-05-14, 19:05:09  iter: 10500, loss: 0.151883
2024-05-14, 19:05:23  iter: 10600, loss: 0.154982
2024-05-14, 19:05:36  iter: 10700, loss: 0.153365
2024-05-14, 19:05:50  iter: 10800, loss: 0.159439
2024-05-14, 19:06:03  iter: 10900, loss: 0.156648
2024-05-14, 19:06:17  iter: 11000, loss: 0.159203
2024-05-14, 19:06:31  iter: 11100, loss: 0.156291
2024-05-14, 19:06:44  iter: 11200, loss: 0.157447
2024-05-14, 19:06:58  iter: 11300, loss: 0.159700
2024-05-14, 19:07:11  iter: 11400, loss: 0.161926
2024-05-14, 19:07:25  iter: 11500, loss: 0.155224
2024-05-14, 19:07:38  iter: 11600, loss: 0.167320
2024-05-14, 19:07:52  iter: 11700, loss: 0.166670
2024-05-14, 19:08:05  iter: 11800, loss: 0.150599
2024-05-14, 19:08:19  iter: 11900, loss: 0.152599
2024-05-14, 19:08:32  iter: 12000, loss: 0.154116
2024-05-14, 19:08:46  iter: 12100, loss: 0.162458
2024-05-14, 19:09:00  iter: 12200, loss: 0.164708
2024-05-14, 19:09:13  iter: 12300, loss: 0.152440
2024-05-14, 19:09:27  iter: 12400, loss: 0.148737
2024-05-14, 19:09:40  iter: 12500, loss: 0.162112
2024-05-14, 19:09:54  iter: 12600, loss: 0.159452
2024-05-14, 19:10:07  iter: 12700, loss: 0.156351
2024-05-14, 19:10:21  iter: 12800, loss: 0.151160
2024-05-14, 19:10:34  iter: 12900, loss: 0.156184
2024-05-14, 19:10:48  iter: 13000, loss: 0.155338
2024-05-14, 19:11:02  iter: 13100, loss: 0.155201
2024-05-14, 19:11:15  iter: 13200, loss: 0.158098
2024-05-14, 19:11:29  iter: 13300, loss: 0.154635
2024-05-14, 19:11:42  iter: 13400, loss: 0.162141
2024-05-14, 19:11:56  iter: 13500, loss: 0.160595
2024-05-14, 19:12:09  iter: 13600, loss: 0.154579
2024-05-14, 19:12:23  iter: 13700, loss: 0.157457
2024-05-14, 19:12:36  iter: 13800, loss: 0.160805
2024-05-14, 19:12:50  iter: 13900, loss: 0.160852
2024-05-14, 19:13:03  iter: 14000, loss: 0.151158
2024-05-14, 19:13:17  iter: 14100, loss: 0.153261
2024-05-14, 19:13:31  iter: 14200, loss: 0.154176
2024-05-14, 19:13:44  iter: 14300, loss: 0.159692
2024-05-14, 19:13:58  iter: 14400, loss: 0.151738
2024-05-14, 19:14:11  iter: 14500, loss: 0.155937
2024-05-14, 19:14:25  iter: 14600, loss: 0.154646
2024-05-14, 19:14:38  iter: 14700, loss: 0.148914
2024-05-14, 19:14:52  iter: 14800, loss: 0.149833
2024-05-14, 19:15:05  iter: 14900, loss: 0.157833
2024-05-14, 19:15:19  iter: 15000, loss: 0.156624
2024-05-14, 19:15:19  iter: 15000, 
2024-05-14, 19:15:33  iter: 15100, loss: 0.157850
2024-05-14, 19:15:46  iter: 15200, loss: 0.161093
2024-05-14, 19:16:00  iter: 15300, loss: 0.154011
2024-05-14, 19:16:13  iter: 15400, loss: 0.149439
2024-05-14, 19:16:27  iter: 15500, loss: 0.159572
2024-05-14, 19:16:40  iter: 15600, loss: 0.156578
2024-05-14, 19:16:54  iter: 15700, loss: 0.154463
2024-05-14, 19:17:07  iter: 15800, loss: 0.159160
2024-05-14, 19:17:21  iter: 15900, loss: 0.156501
2024-05-14, 19:17:34  iter: 16000, loss: 0.151233
2024-05-14, 19:17:48  iter: 16100, loss: 0.161612
2024-05-14, 19:18:02  iter: 16200, loss: 0.159916
2024-05-14, 19:18:15  iter: 16300, loss: 0.154961
2024-05-14, 19:18:29  iter: 16400, loss: 0.153910
2024-05-14, 19:18:42  iter: 16500, loss: 0.160313
2024-05-14, 19:18:56  iter: 16600, loss: 0.152120
2024-05-14, 19:19:09  iter: 16700, loss: 0.158445
2024-05-14, 19:19:23  iter: 16800, loss: 0.157267
2024-05-14, 19:19:36  iter: 16900, loss: 0.151533
2024-05-14, 19:19:50  iter: 17000, loss: 0.157167
2024-05-14, 19:20:03  iter: 17100, loss: 0.165577
2024-05-14, 19:20:17  iter: 17200, loss: 0.153446
2024-05-14, 19:20:31  iter: 17300, loss: 0.153137
2024-05-14, 19:20:44  iter: 17400, loss: 0.153293
2024-05-14, 19:20:58  iter: 17500, loss: 0.155979
2024-05-14, 19:21:11  iter: 17600, loss: 0.154231
2024-05-14, 19:21:25  iter: 17700, loss: 0.156227
2024-05-14, 19:21:38  iter: 17800, loss: 0.155286
2024-05-14, 19:21:52  iter: 17900, loss: 0.148098
2024-05-14, 19:22:05  iter: 18000, loss: 0.150046
2024-05-14, 19:22:19  iter: 18100, loss: 0.156198
2024-05-14, 19:22:33  iter: 18200, loss: 0.150161
2024-05-14, 19:22:46  iter: 18300, loss: 0.155413
2024-05-14, 19:23:00  iter: 18400, loss: 0.159013
2024-05-14, 19:23:13  iter: 18500, loss: 0.163036
2024-05-14, 19:23:27  iter: 18600, loss: 0.149760
2024-05-14, 19:23:40  iter: 18700, loss: 0.164543
2024-05-14, 19:23:54  iter: 18800, loss: 0.153033
2024-05-14, 19:24:07  iter: 18900, loss: 0.155760
2024-05-14, 19:24:21  iter: 19000, loss: 0.154669
2024-05-14, 19:24:34  iter: 19100, loss: 0.158203
2024-05-14, 19:24:48  iter: 19200, loss: 0.159644
2024-05-14, 19:25:02  iter: 19300, loss: 0.161315
2024-05-14, 19:25:15  iter: 19400, loss: 0.155881
2024-05-14, 19:25:29  iter: 19500, loss: 0.158078
2024-05-14, 19:25:42  iter: 19600, loss: 0.162392
2024-05-14, 19:25:56  iter: 19700, loss: 0.151885
2024-05-14, 19:26:09  iter: 19800, loss: 0.151621
2024-05-14, 19:26:23  iter: 19900, loss: 0.159667
2024-05-14, 19:26:36  iter: 20000, loss: 0.158315
2024-05-14, 19:26:36  iter: 20000, 
2024-05-14, 19:26:50  iter: 20100, loss: 0.161829
2024-05-14, 19:27:04  iter: 20200, loss: 0.158541
2024-05-14, 19:27:17  iter: 20300, loss: 0.155089
2024-05-14, 19:27:31  iter: 20400, loss: 0.151790
2024-05-14, 19:27:44  iter: 20500, loss: 0.153475
2024-05-14, 19:27:58  iter: 20600, loss: 0.155571
2024-05-14, 19:28:11  iter: 20700, loss: 0.151672
2024-05-14, 19:28:25  iter: 20800, loss: 0.154629
2024-05-14, 19:28:38  iter: 20900, loss: 0.163646
2024-05-14, 19:28:52  iter: 21000, loss: 0.160098
2024-05-14, 19:29:05  iter: 21100, loss: 0.159231
2024-05-14, 19:29:19  iter: 21200, loss: 0.158203
2024-05-14, 19:29:33  iter: 21300, loss: 0.157856
2024-05-14, 19:29:46  iter: 21400, loss: 0.157230
2024-05-14, 19:30:00  iter: 21500, loss: 0.153153
2024-05-14, 19:30:13  iter: 21600, loss: 0.158241
2024-05-14, 19:30:27  iter: 21700, loss: 0.161032
2024-05-14, 19:30:40  iter: 21800, loss: 0.151987
2024-05-14, 19:30:54  iter: 21900, loss: 0.158437
2024-05-14, 19:31:07  iter: 22000, loss: 0.155942
2024-05-14, 19:31:21  iter: 22100, loss: 0.150211
2024-05-14, 19:31:34  iter: 22200, loss: 0.157438
2024-05-14, 19:31:48  iter: 22300, loss: 0.157717
2024-05-14, 19:32:02  iter: 22400, loss: 0.155261
2024-05-14, 19:32:15  iter: 22500, loss: 0.150611
2024-05-14, 19:32:29  iter: 22600, loss: 0.152816
2024-05-14, 19:32:42  iter: 22700, loss: 0.160736
2024-05-14, 19:32:56  iter: 22800, loss: 0.156486
2024-05-14, 19:33:09  iter: 22900, loss: 0.159349
2024-05-14, 19:33:23  iter: 23000, loss: 0.159523
2024-05-14, 19:33:36  iter: 23100, loss: 0.158590
2024-05-14, 19:33:50  iter: 23200, loss: 0.153012
2024-05-14, 19:34:03  iter: 23300, loss: 0.158785
2024-05-14, 19:34:17  iter: 23400, loss: 0.157255
2024-05-14, 19:34:31  iter: 23500, loss: 0.157594
2024-05-14, 19:34:44  iter: 23600, loss: 0.152630
2024-05-14, 19:34:58  iter: 23700, loss: 0.152569
2024-05-14, 19:35:11  iter: 23800, loss: 0.149442
2024-05-14, 19:35:25  iter: 23900, loss: 0.154430
2024-05-14, 19:35:38  iter: 24000, loss: 0.154251
2024-05-14, 19:35:52  iter: 24100, loss: 0.157503
2024-05-14, 19:36:05  iter: 24200, loss: 0.161417
2024-05-14, 19:36:19  iter: 24300, loss: 0.153355
2024-05-14, 19:36:32  iter: 24400, loss: 0.156395
2024-05-14, 19:36:46  iter: 24500, loss: 0.158336
2024-05-14, 19:37:00  iter: 24600, loss: 0.152844
2024-05-14, 19:37:13  iter: 24700, loss: 0.151349
2024-05-14, 19:37:27  iter: 24800, loss: 0.155109
2024-05-14, 19:37:40  iter: 24900, loss: 0.158240
2024-05-14, 19:37:54  iter: 25000, loss: 0.152233
2024-05-14, 19:37:54  iter: 25000, 
2024-05-14, 19:38:07  iter: 25100, loss: 0.161921
2024-05-14, 19:38:21  iter: 25200, loss: 0.152901
2024-05-14, 19:38:35  iter: 25300, loss: 0.153589
2024-05-14, 19:38:48  iter: 25400, loss: 0.157969
2024-05-14, 19:39:02  iter: 25500, loss: 0.154009
2024-05-14, 19:39:15  iter: 25600, loss: 0.156307
2024-05-14, 19:39:29  iter: 25700, loss: 0.155406
2024-05-14, 19:39:42  iter: 25800, loss: 0.157588
2024-05-14, 19:39:56  iter: 25900, loss: 0.158923
2024-05-14, 19:40:09  iter: 26000, loss: 0.161425
2024-05-14, 19:40:23  iter: 26100, loss: 0.156098
2024-05-14, 19:40:36  iter: 26200, loss: 0.155865
2024-05-14, 19:40:50  iter: 26300, loss: 0.162321
2024-05-14, 19:41:04  iter: 26400, loss: 0.154845
2024-05-14, 19:41:17  iter: 26500, loss: 0.157161
2024-05-14, 19:41:31  iter: 26600, loss: 0.154678
2024-05-14, 19:41:44  iter: 26700, loss: 0.156340
2024-05-14, 19:41:58  iter: 26800, loss: 0.155527
2024-05-14, 19:42:11  iter: 26900, loss: 0.157458
2024-05-14, 19:42:25  iter: 27000, loss: 0.162563
2024-05-14, 19:42:38  iter: 27100, loss: 0.152383
2024-05-14, 19:42:52  iter: 27200, loss: 0.147866
2024-05-14, 19:43:05  iter: 27300, loss: 0.158379
2024-05-14, 19:43:19  iter: 27400, loss: 0.158313
2024-05-14, 19:43:33  iter: 27500, loss: 0.155097
2024-05-14, 19:43:46  iter: 27600, loss: 0.157769
2024-05-14, 19:44:00  iter: 27700, loss: 0.154076
2024-05-14, 19:44:13  iter: 27800, loss: 0.156502
2024-05-14, 19:44:27  iter: 27900, loss: 0.156058
2024-05-14, 19:44:40  iter: 28000, loss: 0.155866
2024-05-14, 19:44:54  iter: 28100, loss: 0.154762
2024-05-14, 19:45:07  iter: 28200, loss: 0.155799
2024-05-14, 19:45:21  iter: 28300, loss: 0.156538
2024-05-14, 19:45:34  iter: 28400, loss: 0.160438
2024-05-14, 19:45:48  iter: 28500, loss: 0.156797
2024-05-14, 19:46:02  iter: 28600, loss: 0.157214
2024-05-14, 19:46:15  iter: 28700, loss: 0.149858
2024-05-14, 19:46:29  iter: 28800, loss: 0.156935
2024-05-14, 19:46:42  iter: 28900, loss: 0.158586
2024-05-14, 19:46:56  iter: 29000, loss: 0.158014
2024-05-14, 19:47:09  iter: 29100, loss: 0.149681
2024-05-14, 19:47:23  iter: 29200, loss: 0.155737
2024-05-14, 19:47:36  iter: 29300, loss: 0.156226
2024-05-14, 19:47:50  iter: 29400, loss: 0.153518
2024-05-14, 19:48:03  iter: 29500, loss: 0.156138
2024-05-14, 19:48:17  iter: 29600, loss: 0.159021
2024-05-14, 19:48:31  iter: 29700, loss: 0.153102
2024-05-14, 19:48:44  iter: 29800, loss: 0.157148
2024-05-14, 19:48:58  iter: 29900, loss: 0.153900
2024-05-14, 19:49:11  iter: 30000, loss: 0.156406
2024-05-14, 19:49:11  iter: 30000, 
2024-05-14, 19:49:17  iter: 30100, loss: 0.055712
2024-05-14, 19:49:23  iter: 30200, loss: 0.052468
2024-05-14, 19:49:28  iter: 30300, loss: 0.049477
2024-05-14, 19:49:34  iter: 30400, loss: 0.051916
2024-05-14, 19:49:39  iter: 30500, loss: 0.048619
2024-05-14, 19:49:45  iter: 30600, loss: 0.051951
2024-05-14, 19:49:50  iter: 30700, loss: 0.046927
2024-05-14, 19:49:56  iter: 30800, loss: 0.047852
2024-05-14, 19:50:02  iter: 30900, loss: 0.049237
2024-05-14, 19:50:07  iter: 31000, loss: 0.049551
2024-05-14, 19:50:13  iter: 31100, loss: 0.046279
2024-05-14, 19:50:18  iter: 31200, loss: 0.035929
2024-05-14, 19:50:24  iter: 31300, loss: 0.035584
2024-05-14, 19:50:29  iter: 31400, loss: 0.038426
2024-05-14, 19:50:35  iter: 31500, loss: 0.037396
2024-05-14, 19:50:41  iter: 31600, loss: 0.034967
2024-05-14, 19:50:46  iter: 31700, loss: 0.035701
2024-05-14, 19:50:52  iter: 31800, loss: 0.037134
2024-05-14, 19:50:57  iter: 31900, loss: 0.038005
2024-05-14, 19:51:03  iter: 32000, loss: 0.034213
2024-05-14, 19:51:08  iter: 32100, loss: 0.034645
2024-05-14, 19:51:14  iter: 32200, loss: 0.034872
2024-05-14, 19:51:20  iter: 32300, loss: 0.040636
2024-05-14, 19:51:25  iter: 32400, loss: 0.036812
2024-05-14, 19:51:31  iter: 32500, loss: 0.034939
2024-05-14, 19:51:36  iter: 32600, loss: 0.034740
2024-05-14, 19:51:42  iter: 32700, loss: 0.038021
2024-05-14, 19:51:48  iter: 32800, loss: 0.038612
2024-05-14, 19:51:53  iter: 32900, loss: 0.033958
2024-05-14, 19:51:59  iter: 33000, loss: 0.038078
2024-05-14, 19:52:04  iter: 33100, loss: 0.044113
2024-05-14, 19:52:10  iter: 33200, loss: 0.034375
2024-05-14, 19:52:15  iter: 33300, loss: 0.037328
2024-05-14, 19:52:21  iter: 33400, loss: 0.037516
2024-05-14, 19:52:27  iter: 33500, loss: 0.033764
2024-05-14, 19:52:32  iter: 33600, loss: 0.039841
2024-05-14, 19:52:38  iter: 33700, loss: 0.044354
2024-05-14, 19:52:43  iter: 33800, loss: 0.038601
2024-05-14, 19:52:49  iter: 33900, loss: 0.035737
2024-05-14, 19:52:54  iter: 34000, loss: 0.034540
2024-05-14, 19:53:00  iter: 34100, loss: 0.038558
2024-05-14, 19:53:06  iter: 34200, loss: 0.035005
2024-05-14, 19:53:11  iter: 34300, loss: 0.034536
2024-05-14, 19:53:17  iter: 34400, loss: 0.036390
2024-05-14, 19:53:22  iter: 34500, loss: 0.035249
2024-05-14, 19:53:28  iter: 34600, loss: 0.036644
2024-05-14, 19:53:34  iter: 34700, loss: 0.037659
2024-05-14, 19:53:39  iter: 34800, loss: 0.038519
2024-05-14, 19:53:45  iter: 34900, loss: 0.034049
2024-05-14, 19:53:50  iter: 35000, loss: 0.034056
2024-05-14, 19:53:50  iter: 35000, 
2024-05-14, 19:53:56  iter: 35100, loss: 0.035361
2024-05-14, 19:54:02  iter: 35200, loss: 0.037306
2024-05-14, 19:54:07  iter: 35300, loss: 0.035361
2024-05-14, 19:54:13  iter: 35400, loss: 0.034670
2024-05-14, 19:54:18  iter: 35500, loss: 0.037979
2024-05-14, 19:54:24  iter: 35600, loss: 0.034538
2024-05-14, 19:54:30  iter: 35700, loss: 0.036838
2024-05-14, 19:54:35  iter: 35800, loss: 0.039086
2024-05-14, 19:54:41  iter: 35900, loss: 0.037244
2024-05-14, 19:54:46  iter: 36000, loss: 0.038726
2024-05-14, 19:54:52  iter: 36100, loss: 0.040027
2024-05-14, 19:54:57  iter: 36200, loss: 0.036354
2024-05-14, 19:55:03  iter: 36300, loss: 0.035516
2024-05-14, 19:55:09  iter: 36400, loss: 0.037485
2024-05-14, 19:55:14  iter: 36500, loss: 0.034394
2024-05-14, 19:55:20  iter: 36600, loss: 0.038616
2024-05-14, 19:55:25  iter: 36700, loss: 0.038698
2024-05-14, 19:55:31  iter: 36800, loss: 0.039868
2024-05-14, 19:55:36  iter: 36900, loss: 0.035731
2024-05-14, 19:55:42  iter: 37000, loss: 0.035644
2024-05-14, 19:55:48  iter: 37100, loss: 0.037326
2024-05-14, 19:55:53  iter: 37200, loss: 0.036987
2024-05-14, 19:55:59  iter: 37300, loss: 0.036860
2024-05-14, 19:56:04  iter: 37400, loss: 0.034894
2024-05-14, 19:56:10  iter: 37500, loss: 0.042754
2024-05-14, 19:56:16  iter: 37600, loss: 0.042218
2024-05-14, 19:56:21  iter: 37700, loss: 0.036652
2024-05-14, 19:56:27  iter: 37800, loss: 0.035117
2024-05-14, 19:56:32  iter: 37900, loss: 0.035837
2024-05-14, 19:56:38  iter: 38000, loss: 0.037498
2024-05-14, 19:56:43  iter: 38100, loss: 0.034432
2024-05-14, 19:56:49  iter: 38200, loss: 0.034684
2024-05-14, 19:56:55  iter: 38300, loss: 0.037739
2024-05-14, 19:57:00  iter: 38400, loss: 0.038816
2024-05-14, 19:57:06  iter: 38500, loss: 0.037200
2024-05-14, 19:57:11  iter: 38600, loss: 0.035218
2024-05-14, 19:57:17  iter: 38700, loss: 0.035276
2024-05-14, 19:57:23  iter: 38800, loss: 0.034916
2024-05-14, 19:57:28  iter: 38900, loss: 0.035336
2024-05-14, 19:57:34  iter: 39000, loss: 0.034508
2024-05-14, 19:57:39  iter: 39100, loss: 0.035057
2024-05-14, 19:57:45  iter: 39200, loss: 0.035963
2024-05-14, 19:57:50  iter: 39300, loss: 0.040195
2024-05-14, 19:57:56  iter: 39400, loss: 0.035949
2024-05-14, 19:58:02  iter: 39500, loss: 0.032580
2024-05-14, 19:58:07  iter: 39600, loss: 0.034971
2024-05-14, 19:58:13  iter: 39700, loss: 0.031933
2024-05-14, 19:58:18  iter: 39800, loss: 0.039127
2024-05-14, 19:58:24  iter: 39900, loss: 0.035849
2024-05-14, 19:58:29  iter: 40000, loss: 0.036701
2024-05-14, 19:58:30  iter: 40000, 
2024-05-14, 19:58:35  iter: 40100, loss: 0.035787
2024-05-14, 19:58:41  iter: 40200, loss: 0.033506
2024-05-14, 19:58:46  iter: 40300, loss: 0.036857
2024-05-14, 19:58:52  iter: 40400, loss: 0.035362
2024-05-14, 19:58:57  iter: 40500, loss: 0.034675
2024-05-14, 19:59:03  iter: 40600, loss: 0.037192
2024-05-14, 19:59:09  iter: 40700, loss: 0.039621
2024-05-14, 19:59:14  iter: 40800, loss: 0.037002
2024-05-14, 19:59:20  iter: 40900, loss: 0.036233
2024-05-14, 19:59:25  iter: 41000, loss: 0.036479
2024-05-14, 19:59:31  iter: 41100, loss: 0.037499
2024-05-14, 19:59:37  iter: 41200, loss: 0.039786
2024-05-14, 19:59:42  iter: 41300, loss: 0.034413
2024-05-14, 19:59:48  iter: 41400, loss: 0.037083
2024-05-14, 19:59:53  iter: 41500, loss: 0.037548
2024-05-14, 19:59:59  iter: 41600, loss: 0.044200
2024-05-14, 20:00:04  iter: 41700, loss: 0.041005
2024-05-14, 20:00:10  iter: 41800, loss: 0.035827
2024-05-14, 20:00:16  iter: 41900, loss: 0.037602
2024-05-14, 20:00:21  iter: 42000, loss: 0.036513
2024-05-14, 20:00:27  iter: 42100, loss: 0.035423
2024-05-14, 20:00:32  iter: 42200, loss: 0.036608
2024-05-14, 20:00:38  iter: 42300, loss: 0.036735
2024-05-14, 20:00:43  iter: 42400, loss: 0.034749
2024-05-14, 20:00:49  iter: 42500, loss: 0.036516
2024-05-14, 20:00:55  iter: 42600, loss: 0.038652
2024-05-14, 20:01:00  iter: 42700, loss: 0.038012
2024-05-14, 20:01:06  iter: 42800, loss: 0.039576
2024-05-14, 20:01:11  iter: 42900, loss: 0.035392
2024-05-14, 20:01:17  iter: 43000, loss: 0.033141
2024-05-14, 20:01:22  iter: 43100, loss: 0.046445
2024-05-14, 20:01:28  iter: 43200, loss: 0.034141
2024-05-14, 20:01:34  iter: 43300, loss: 0.037702
2024-05-14, 20:01:39  iter: 43400, loss: 0.041836
2024-05-14, 20:01:45  iter: 43500, loss: 0.034449
2024-05-14, 20:01:50  iter: 43600, loss: 0.038236
2024-05-14, 20:01:56  iter: 43700, loss: 0.036466
2024-05-14, 20:02:02  iter: 43800, loss: 0.034687
2024-05-14, 20:02:07  iter: 43900, loss: 0.034761
2024-05-14, 20:02:13  iter: 44000, loss: 0.036511
2024-05-14, 20:02:18  iter: 44100, loss: 0.037752
2024-05-14, 20:02:24  iter: 44200, loss: 0.043177
2024-05-14, 20:02:29  iter: 44300, loss: 0.036707
2024-05-14, 20:02:35  iter: 44400, loss: 0.035993
2024-05-14, 20:02:41  iter: 44500, loss: 0.037371
2024-05-14, 20:02:46  iter: 44600, loss: 0.035207
2024-05-14, 20:02:52  iter: 44700, loss: 0.037496
2024-05-14, 20:02:57  iter: 44800, loss: 0.039998
2024-05-14, 20:03:03  iter: 44900, loss: 0.037463
2024-05-14, 20:03:09  iter: 45000, loss: 0.038765
2024-05-14, 20:03:09  iter: 45000, 
2024-05-14, 20:03:14  iter: 45100, loss: 0.035737
2024-05-14, 20:03:20  iter: 45200, loss: 0.035293
2024-05-14, 20:03:25  iter: 45300, loss: 0.034915
2024-05-14, 20:03:31  iter: 45400, loss: 0.035509
2024-05-14, 20:03:37  iter: 45500, loss: 0.032618
2024-05-14, 20:03:42  iter: 45600, loss: 0.036521
2024-05-14, 20:03:48  iter: 45700, loss: 0.039942
2024-05-14, 20:03:53  iter: 45800, loss: 0.035630
2024-05-14, 20:03:59  iter: 45900, loss: 0.036239
2024-05-14, 20:04:04  iter: 46000, loss: 0.035542
2024-05-14, 20:04:10  iter: 46100, loss: 0.043098
2024-05-14, 20:04:16  iter: 46200, loss: 0.035748
2024-05-14, 20:04:21  iter: 46300, loss: 0.034788
2024-05-14, 20:04:27  iter: 46400, loss: 0.035572
2024-05-14, 20:04:32  iter: 46500, loss: 0.036464
2024-05-14, 20:04:38  iter: 46600, loss: 0.034543
2024-05-14, 20:04:43  iter: 46700, loss: 0.038323
2024-05-14, 20:04:49  iter: 46800, loss: 0.036943
2024-05-14, 20:04:55  iter: 46900, loss: 0.035974
2024-05-14, 20:05:00  iter: 47000, loss: 0.035507
2024-05-14, 20:05:06  iter: 47100, loss: 0.037079
2024-05-14, 20:05:11  iter: 47200, loss: 0.040059
2024-05-14, 20:05:17  iter: 47300, loss: 0.038803
2024-05-14, 20:05:22  iter: 47400, loss: 0.036795
2024-05-14, 20:05:28  iter: 47500, loss: 0.034556
2024-05-14, 20:05:34  iter: 47600, loss: 0.033621
2024-05-14, 20:05:39  iter: 47700, loss: 0.036191
2024-05-14, 20:05:45  iter: 47800, loss: 0.035395
2024-05-14, 20:05:50  iter: 47900, loss: 0.037389
2024-05-14, 20:05:56  iter: 48000, loss: 0.035819
2024-05-14, 20:06:02  iter: 48100, loss: 0.038594
2024-05-14, 20:06:07  iter: 48200, loss: 0.036349
2024-05-14, 20:06:13  iter: 48300, loss: 0.037770
2024-05-14, 20:06:18  iter: 48400, loss: 0.034685
2024-05-14, 20:06:24  iter: 48500, loss: 0.035378
2024-05-14, 20:06:29  iter: 48600, loss: 0.037305
2024-05-14, 20:06:35  iter: 48700, loss: 0.034324
2024-05-14, 20:06:41  iter: 48800, loss: 0.039060
2024-05-14, 20:06:46  iter: 48900, loss: 0.034667
2024-05-14, 20:06:52  iter: 49000, loss: 0.035314
2024-05-14, 20:06:57  iter: 49100, loss: 0.038265
2024-05-14, 20:07:03  iter: 49200, loss: 0.038340
2024-05-14, 20:07:08  iter: 49300, loss: 0.037428
2024-05-14, 20:07:14  iter: 49400, loss: 0.035555
2024-05-14, 20:07:20  iter: 49500, loss: 0.038062
2024-05-14, 20:07:25  iter: 49600, loss: 0.034519
2024-05-14, 20:07:31  iter: 49700, loss: 0.041287
2024-05-14, 20:07:36  iter: 49800, loss: 0.038221
2024-05-14, 20:07:42  iter: 49900, loss: 0.035167
2024-05-14, 20:07:47  iter: 50000, loss: 0.032549
2024-05-14, 20:07:48  iter: 50000, 
2024-05-14, 20:07:53  iter: 50100, loss: 0.037592
2024-05-14, 20:07:59  iter: 50200, loss: 0.036630
2024-05-14, 20:08:04  iter: 50300, loss: 0.035761
2024-05-14, 20:08:10  iter: 50400, loss: 0.037682
2024-05-14, 20:08:15  iter: 50500, loss: 0.039150
2024-05-14, 20:08:21  iter: 50600, loss: 0.037411
2024-05-14, 20:08:27  iter: 50700, loss: 0.037546
2024-05-14, 20:08:32  iter: 50800, loss: 0.034240
2024-05-14, 20:08:38  iter: 50900, loss: 0.037734
2024-05-14, 20:08:43  iter: 51000, loss: 0.034539
2024-05-14, 20:08:49  iter: 51100, loss: 0.036218
2024-05-14, 20:08:54  iter: 51200, loss: 0.035470
2024-05-14, 20:09:00  iter: 51300, loss: 0.036212
2024-05-14, 20:09:06  iter: 51400, loss: 0.033979
2024-05-14, 20:09:11  iter: 51500, loss: 0.037603
2024-05-14, 20:09:17  iter: 51600, loss: 0.035705
2024-05-14, 20:09:22  iter: 51700, loss: 0.035803
2024-05-14, 20:09:28  iter: 51800, loss: 0.037429
2024-05-14, 20:09:34  iter: 51900, loss: 0.031201
2024-05-14, 20:09:39  iter: 52000, loss: 0.038138
2024-05-14, 20:09:45  iter: 52100, loss: 0.036304
2024-05-14, 20:09:50  iter: 52200, loss: 0.036765
2024-05-14, 20:09:56  iter: 52300, loss: 0.034866
2024-05-14, 20:10:01  iter: 52400, loss: 0.035022
2024-05-14, 20:10:07  iter: 52500, loss: 0.035027
2024-05-14, 20:10:13  iter: 52600, loss: 0.036915
2024-05-14, 20:10:18  iter: 52700, loss: 0.038053
2024-05-14, 20:10:24  iter: 52800, loss: 0.037765
2024-05-14, 20:10:29  iter: 52900, loss: 0.035216
2024-05-14, 20:10:35  iter: 53000, loss: 0.036256
2024-05-14, 20:10:41  iter: 53100, loss: 0.033576
2024-05-14, 20:10:46  iter: 53200, loss: 0.037861
2024-05-14, 20:10:52  iter: 53300, loss: 0.035382
2024-05-14, 20:10:57  iter: 53400, loss: 0.037402
2024-05-14, 20:11:03  iter: 53500, loss: 0.038023
2024-05-14, 20:11:08  iter: 53600, loss: 0.036702
2024-05-14, 20:11:14  iter: 53700, loss: 0.034336
2024-05-14, 20:11:20  iter: 53800, loss: 0.038767
2024-05-14, 20:11:25  iter: 53900, loss: 0.034734
2024-05-14, 20:11:31  iter: 54000, loss: 0.038914
2024-05-14, 20:11:36  iter: 54100, loss: 0.037637
2024-05-14, 20:11:42  iter: 54200, loss: 0.040105
2024-05-14, 20:11:48  iter: 54300, loss: 0.039507
2024-05-14, 20:11:53  iter: 54400, loss: 0.036803
2024-05-14, 20:11:59  iter: 54500, loss: 0.035414
2024-05-14, 20:12:04  iter: 54600, loss: 0.038008
2024-05-14, 20:12:10  iter: 54700, loss: 0.036663
2024-05-14, 20:12:15  iter: 54800, loss: 0.038939
2024-05-14, 20:12:21  iter: 54900, loss: 0.036125
2024-05-14, 20:12:27  iter: 55000, loss: 0.035944
2024-05-14, 20:12:27  iter: 55000, 
2024-05-14, 20:12:32  iter: 55100, loss: 0.035350
2024-05-14, 20:12:38  iter: 55200, loss: 0.036449
2024-05-14, 20:12:43  iter: 55300, loss: 0.035625
2024-05-14, 20:12:49  iter: 55400, loss: 0.035165
2024-05-14, 20:12:55  iter: 55500, loss: 0.036777
2024-05-14, 20:13:00  iter: 55600, loss: 0.035085
2024-05-14, 20:13:06  iter: 55700, loss: 0.034396
2024-05-14, 20:13:11  iter: 55800, loss: 0.036408
2024-05-14, 20:13:17  iter: 55900, loss: 0.035381
2024-05-14, 20:13:22  iter: 56000, loss: 0.038153
2024-05-14, 20:13:28  iter: 56100, loss: 0.037540
2024-05-14, 20:13:34  iter: 56200, loss: 0.036619
2024-05-14, 20:13:39  iter: 56300, loss: 0.041982
2024-05-14, 20:13:45  iter: 56400, loss: 0.036510
2024-05-14, 20:13:50  iter: 56500, loss: 0.035897
2024-05-14, 20:13:56  iter: 56600, loss: 0.035491
2024-05-14, 20:14:02  iter: 56700, loss: 0.045077
2024-05-14, 20:14:07  iter: 56800, loss: 0.034397
2024-05-14, 20:14:13  iter: 56900, loss: 0.035018
2024-05-14, 20:14:18  iter: 57000, loss: 0.036806
2024-05-14, 20:14:24  iter: 57100, loss: 0.035947
2024-05-14, 20:14:29  iter: 57200, loss: 0.035049
2024-05-14, 20:14:35  iter: 57300, loss: 0.036074
2024-05-14, 20:14:41  iter: 57400, loss: 0.034901
2024-05-14, 20:14:46  iter: 57500, loss: 0.035853
2024-05-14, 20:14:52  iter: 57600, loss: 0.034336
2024-05-14, 20:14:57  iter: 57700, loss: 0.037156
2024-05-14, 20:15:03  iter: 57800, loss: 0.037009
2024-05-14, 20:15:09  iter: 57900, loss: 0.034042
2024-05-14, 20:15:14  iter: 58000, loss: 0.035873
2024-05-14, 20:15:20  iter: 58100, loss: 0.035611
2024-05-14, 20:15:25  iter: 58200, loss: 0.037694
2024-05-14, 20:15:31  iter: 58300, loss: 0.035276
2024-05-14, 20:15:36  iter: 58400, loss: 0.036883
2024-05-14, 20:15:42  iter: 58500, loss: 0.036081
2024-05-14, 20:15:48  iter: 58600, loss: 0.035224
2024-05-14, 20:15:53  iter: 58700, loss: 0.037438
2024-05-14, 20:15:59  iter: 58800, loss: 0.037113
2024-05-14, 20:16:04  iter: 58900, loss: 0.039233
2024-05-14, 20:16:10  iter: 59000, loss: 0.034257
2024-05-14, 20:16:15  iter: 59100, loss: 0.036124
2024-05-14, 20:16:21  iter: 59200, loss: 0.038936
2024-05-14, 20:16:27  iter: 59300, loss: 0.034662
2024-05-14, 20:16:32  iter: 59400, loss: 0.036144
2024-05-14, 20:16:38  iter: 59500, loss: 0.039033
2024-05-14, 20:16:43  iter: 59600, loss: 0.034429
2024-05-14, 20:16:49  iter: 59700, loss: 0.037852
2024-05-14, 20:16:54  iter: 59800, loss: 0.038576
2024-05-14, 20:17:00  iter: 59900, loss: 0.036093
2024-05-14, 20:17:06  iter: 60000, loss: 0.039175
2024-05-14, 20:17:06  iter: 60000, 
2024-05-14, 20:17:13  iter: 60100, loss: 0.037107
2024-05-14, 20:17:19  iter: 60200, loss: 0.035349
2024-05-14, 20:17:26  iter: 60300, loss: 0.038888
2024-05-14, 20:17:32  iter: 60400, loss: 0.034031
2024-05-14, 20:17:39  iter: 60500, loss: 0.031469
2024-05-14, 20:17:45  iter: 60600, loss: 0.027122
2024-05-14, 20:17:52  iter: 60700, loss: 0.031599
2024-05-14, 20:17:59  iter: 60800, loss: 0.030159
2024-05-14, 20:18:05  iter: 60900, loss: 0.029234
2024-05-14, 20:18:12  iter: 61000, loss: 0.028643
2024-05-14, 20:18:18  iter: 61100, loss: 0.029647
2024-05-14, 20:18:25  iter: 61200, loss: 0.027644
2024-05-14, 20:18:31  iter: 61300, loss: 0.028622
2024-05-14, 20:18:38  iter: 61400, loss: 0.028426
2024-05-14, 20:18:45  iter: 61500, loss: 0.029639
2024-05-14, 20:18:51  iter: 61600, loss: 0.030105
2024-05-14, 20:18:58  iter: 61700, loss: 0.030003
2024-05-14, 20:19:04  iter: 61800, loss: 0.029809
2024-05-14, 20:19:11  iter: 61900, loss: 0.028386
2024-05-14, 20:19:17  iter: 62000, loss: 0.027539
2024-05-14, 20:19:24  iter: 62100, loss: 0.028525
2024-05-14, 20:19:31  iter: 62200, loss: 0.028970
2024-05-14, 20:19:37  iter: 62300, loss: 0.027643
2024-05-14, 20:19:44  iter: 62400, loss: 0.033077
2024-05-14, 20:19:50  iter: 62500, loss: 0.030284
2024-05-14, 20:19:57  iter: 62600, loss: 0.026555
2024-05-14, 20:20:03  iter: 62700, loss: 0.026449
2024-05-14, 20:20:10  iter: 62800, loss: 0.025966
2024-05-14, 20:20:16  iter: 62900, loss: 0.027468
2024-05-14, 20:20:23  iter: 63000, loss: 0.027357
2024-05-14, 20:20:30  iter: 63100, loss: 0.026683
2024-05-14, 20:20:36  iter: 63200, loss: 0.026222
2024-05-14, 20:20:43  iter: 63300, loss: 0.026538
2024-05-14, 20:20:49  iter: 63400, loss: 0.029174
2024-05-14, 20:20:56  iter: 63500, loss: 0.027768
2024-05-14, 20:21:02  iter: 63600, loss: 0.027087
2024-05-14, 20:21:09  iter: 63700, loss: 0.023623
2024-05-14, 20:21:16  iter: 63800, loss: 0.024804
2024-05-14, 20:21:22  iter: 63900, loss: 0.028448
2024-05-14, 20:21:29  iter: 64000, loss: 0.027025
2024-05-14, 20:21:35  iter: 64100, loss: 0.023362
2024-05-14, 20:21:42  iter: 64200, loss: 0.026725
2024-05-14, 20:21:48  iter: 64300, loss: 0.026203
2024-05-14, 20:21:55  iter: 64400, loss: 0.025971
2024-05-14, 20:22:01  iter: 64500, loss: 0.023850
2024-05-14, 20:22:08  iter: 64600, loss: 0.024730
2024-05-14, 20:22:15  iter: 64700, loss: 0.024768
2024-05-14, 20:22:21  iter: 64800, loss: 0.023726
2024-05-14, 20:22:28  iter: 64900, loss: 0.024352
2024-05-14, 20:22:34  iter: 65000, loss: 0.023287
2024-05-14, 20:22:34  iter: 65000, 
2024-05-14, 20:22:41  iter: 65100, loss: 0.024324
2024-05-14, 20:22:47  iter: 65200, loss: 0.024458
2024-05-14, 20:22:54  iter: 65300, loss: 0.022940
2024-05-14, 20:23:01  iter: 65400, loss: 0.024026
2024-05-14, 20:23:07  iter: 65500, loss: 0.025084
2024-05-14, 20:23:14  iter: 65600, loss: 0.027069
2024-05-14, 20:23:20  iter: 65700, loss: 0.023451
2024-05-14, 20:23:27  iter: 65800, loss: 0.021272
2024-05-14, 20:23:33  iter: 65900, loss: 0.022218
2024-05-14, 20:23:40  iter: 66000, loss: 0.023288
2024-05-14, 20:23:47  iter: 66100, loss: 0.021952
2024-05-14, 20:23:53  iter: 66200, loss: 0.022372
2024-05-14, 20:24:00  iter: 66300, loss: 0.021674
2024-05-14, 20:24:06  iter: 66400, loss: 0.022634
2024-05-14, 20:24:13  iter: 66500, loss: 0.021773
2024-05-14, 20:24:19  iter: 66600, loss: 0.021904
2024-05-14, 20:24:26  iter: 66700, loss: 0.021546
2024-05-14, 20:24:32  iter: 66800, loss: 0.021519
2024-05-14, 20:24:39  iter: 66900, loss: 0.021207
2024-05-14, 20:24:46  iter: 67000, loss: 0.022168
2024-05-14, 20:24:52  iter: 67100, loss: 0.021091
2024-05-14, 20:24:59  iter: 67200, loss: 0.020033
2024-05-14, 20:25:05  iter: 67300, loss: 0.020044
2024-05-14, 20:25:12  iter: 67400, loss: 0.023834
2024-05-14, 20:25:18  iter: 67500, loss: 0.023581
2024-05-14, 20:25:25  iter: 67600, loss: 0.023659
2024-05-14, 20:25:31  iter: 67700, loss: 0.022978
2024-05-14, 20:25:38  iter: 67800, loss: 0.021745
2024-05-14, 20:25:45  iter: 67900, loss: 0.019989
2024-05-14, 20:25:51  iter: 68000, loss: 0.019857
2024-05-14, 20:25:58  iter: 68100, loss: 0.022420
2024-05-14, 20:26:04  iter: 68200, loss: 0.021580
2024-05-14, 20:26:11  iter: 68300, loss: 0.021389
2024-05-14, 20:26:17  iter: 68400, loss: 0.018801
2024-05-14, 20:26:24  iter: 68500, loss: 0.020221
2024-05-14, 20:26:30  iter: 68600, loss: 0.020252
2024-05-14, 20:26:37  iter: 68700, loss: 0.021319
2024-05-14, 20:26:44  iter: 68800, loss: 0.021679
2024-05-14, 20:26:50  iter: 68900, loss: 0.020752
2024-05-14, 20:26:57  iter: 69000, loss: 0.020341
2024-05-14, 20:27:03  iter: 69100, loss: 0.025247
2024-05-14, 20:27:10  iter: 69200, loss: 0.020013
2024-05-14, 20:27:16  iter: 69300, loss: 0.020536
2024-05-14, 20:27:23  iter: 69400, loss: 0.022734
2024-05-14, 20:27:30  iter: 69500, loss: 0.020282
2024-05-14, 20:27:36  iter: 69600, loss: 0.020087
2024-05-14, 20:27:43  iter: 69700, loss: 0.022023
2024-05-14, 20:27:49  iter: 69800, loss: 0.019986
2024-05-14, 20:27:56  iter: 69900, loss: 0.019438
2024-05-14, 20:28:02  iter: 70000, loss: 0.019047
2024-05-14, 20:28:02  iter: 70000, 
2024-05-14, 20:28:09  iter: 70100, loss: 0.020195
2024-05-14, 20:28:16  iter: 70200, loss: 0.019281
2024-05-14, 20:28:22  iter: 70300, loss: 0.021683
2024-05-14, 20:28:29  iter: 70400, loss: 0.019289
2024-05-14, 20:28:35  iter: 70500, loss: 0.019843
2024-05-14, 20:28:42  iter: 70600, loss: 0.019768
2024-05-14, 20:28:48  iter: 70700, loss: 0.020040
2024-05-14, 20:28:55  iter: 70800, loss: 0.020211
2024-05-14, 20:29:01  iter: 70900, loss: 0.020268
2024-05-14, 20:29:08  iter: 71000, loss: 0.024873
2024-05-14, 20:29:15  iter: 71100, loss: 0.020174
2024-05-14, 20:29:21  iter: 71200, loss: 0.018729
2024-05-14, 20:29:28  iter: 71300, loss: 0.019947
2024-05-14, 20:29:34  iter: 71400, loss: 0.020457
2024-05-14, 20:29:41  iter: 71500, loss: 0.022673
2024-05-14, 20:29:47  iter: 71600, loss: 0.019445
2024-05-14, 20:29:54  iter: 71700, loss: 0.019277
2024-05-14, 20:30:01  iter: 71800, loss: 0.017884
2024-05-14, 20:30:07  iter: 71900, loss: 0.022811
2024-05-14, 20:30:14  iter: 72000, loss: 0.019183
2024-05-14, 20:30:20  iter: 72100, loss: 0.019207
2024-05-14, 20:30:27  iter: 72200, loss: 0.020869
2024-05-14, 20:30:33  iter: 72300, loss: 0.020063
2024-05-14, 20:30:40  iter: 72400, loss: 0.018346
2024-05-14, 20:30:46  iter: 72500, loss: 0.020455
2024-05-14, 20:30:53  iter: 72600, loss: 0.018043
2024-05-14, 20:31:00  iter: 72700, loss: 0.023029
2024-05-14, 20:31:06  iter: 72800, loss: 0.017949
2024-05-14, 20:31:13  iter: 72900, loss: 0.019736
2024-05-14, 20:31:19  iter: 73000, loss: 0.022044
2024-05-14, 20:31:26  iter: 73100, loss: 0.020388
2024-05-14, 20:31:32  iter: 73200, loss: 0.019676
2024-05-14, 20:31:39  iter: 73300, loss: 0.021269
2024-05-14, 20:31:45  iter: 73400, loss: 0.019052
2024-05-14, 20:31:52  iter: 73500, loss: 0.019067
2024-05-14, 20:31:59  iter: 73600, loss: 0.018925
2024-05-14, 20:32:05  iter: 73700, loss: 0.020019
2024-05-14, 20:32:12  iter: 73800, loss: 0.020853
2024-05-14, 20:32:18  iter: 73900, loss: 0.020383
2024-05-14, 20:32:25  iter: 74000, loss: 0.020028
2024-05-14, 20:32:31  iter: 74100, loss: 0.018722
2024-05-14, 20:32:38  iter: 74200, loss: 0.020467
2024-05-14, 20:32:44  iter: 74300, loss: 0.019343
2024-05-14, 20:32:51  iter: 74400, loss: 0.019380
2024-05-14, 20:32:58  iter: 74500, loss: 0.018644
2024-05-14, 20:33:04  iter: 74600, loss: 0.020397
2024-05-14, 20:33:11  iter: 74700, loss: 0.020428
2024-05-14, 20:33:17  iter: 74800, loss: 0.020097
2024-05-14, 20:33:24  iter: 74900, loss: 0.020947
2024-05-14, 20:33:30  iter: 75000, loss: 0.018450
2024-05-14, 20:33:30  iter: 75000, 
2024-05-14, 20:33:37  iter: 75100, loss: 0.019154
2024-05-14, 20:33:44  iter: 75200, loss: 0.017542
2024-05-14, 20:33:50  iter: 75300, loss: 0.023734
2024-05-14, 20:33:57  iter: 75400, loss: 0.018641
2024-05-14, 20:34:03  iter: 75500, loss: 0.021428
2024-05-14, 20:34:10  iter: 75600, loss: 0.021941
2024-05-14, 20:34:16  iter: 75700, loss: 0.020202
2024-05-14, 20:34:23  iter: 75800, loss: 0.020133
2024-05-14, 20:34:30  iter: 75900, loss: 0.019135
2024-05-14, 20:34:36  iter: 76000, loss: 0.017911
2024-05-14, 20:34:43  iter: 76100, loss: 0.017428
2024-05-14, 20:34:49  iter: 76200, loss: 0.019443
2024-05-14, 20:34:56  iter: 76300, loss: 0.018694
2024-05-14, 20:35:02  iter: 76400, loss: 0.020891
2024-05-14, 20:35:09  iter: 76500, loss: 0.018037
2024-05-14, 20:35:15  iter: 76600, loss: 0.022922
2024-05-14, 20:35:22  iter: 76700, loss: 0.018814
2024-05-14, 20:35:29  iter: 76800, loss: 0.019024
2024-05-14, 20:35:35  iter: 76900, loss: 0.019655
2024-05-14, 20:35:42  iter: 77000, loss: 0.018324
2024-05-14, 20:35:48  iter: 77100, loss: 0.019831
2024-05-14, 20:35:55  iter: 77200, loss: 0.020737
2024-05-14, 20:36:01  iter: 77300, loss: 0.018692
2024-05-14, 20:36:08  iter: 77400, loss: 0.019434
2024-05-14, 20:36:14  iter: 77500, loss: 0.022095
2024-05-14, 20:36:21  iter: 77600, loss: 0.019827
2024-05-14, 20:36:28  iter: 77700, loss: 0.018783
2024-05-14, 20:36:34  iter: 77800, loss: 0.019502
2024-05-14, 20:36:41  iter: 77900, loss: 0.020079
2024-05-14, 20:36:47  iter: 78000, loss: 0.019067
2024-05-14, 20:36:54  iter: 78100, loss: 0.018775
2024-05-14, 20:37:00  iter: 78200, loss: 0.018530
2024-05-14, 20:37:07  iter: 78300, loss: 0.017703
2024-05-14, 20:37:13  iter: 78400, loss: 0.020572
2024-05-14, 20:37:20  iter: 78500, loss: 0.018640
2024-05-14, 20:37:27  iter: 78600, loss: 0.019482
2024-05-14, 20:37:33  iter: 78700, loss: 0.018938
2024-05-14, 20:37:40  iter: 78800, loss: 0.018981
2024-05-14, 20:37:46  iter: 78900, loss: 0.018884
2024-05-14, 20:37:53  iter: 79000, loss: 0.020424
2024-05-14, 20:37:59  iter: 79100, loss: 0.021179
2024-05-14, 20:38:06  iter: 79200, loss: 0.019747
2024-05-14, 20:38:12  iter: 79300, loss: 0.020894
2024-05-14, 20:38:19  iter: 79400, loss: 0.019010
2024-05-14, 20:38:26  iter: 79500, loss: 0.017665
2024-05-14, 20:38:32  iter: 79600, loss: 0.019457
2024-05-14, 20:38:39  iter: 79700, loss: 0.018479
2024-05-14, 20:38:45  iter: 79800, loss: 0.018631
2024-05-14, 20:38:52  iter: 79900, loss: 0.020656
2024-05-14, 20:38:58  iter: 80000, loss: 0.019189
2024-05-14, 20:38:58  iter: 80000, 
2024-05-14, 20:39:05  iter: 80100, loss: 0.018630
2024-05-14, 20:39:12  iter: 80200, loss: 0.019070
2024-05-14, 20:39:18  iter: 80300, loss: 0.017923
2024-05-14, 20:39:25  iter: 80400, loss: 0.021271
2024-05-14, 20:39:31  iter: 80500, loss: 0.018386
2024-05-14, 20:39:38  iter: 80600, loss: 0.018856
2024-05-14, 20:39:44  iter: 80700, loss: 0.017777
2024-05-14, 20:39:51  iter: 80800, loss: 0.017547
2024-05-14, 20:39:57  iter: 80900, loss: 0.018200
2024-05-14, 20:40:04  iter: 81000, loss: 0.019365
2024-05-14, 20:40:11  iter: 81100, loss: 0.018450
2024-05-14, 20:40:17  iter: 81200, loss: 0.018631
2024-05-14, 20:40:24  iter: 81300, loss: 0.019392
2024-05-14, 20:40:30  iter: 81400, loss: 0.019168
2024-05-14, 20:40:37  iter: 81500, loss: 0.019176
2024-05-14, 20:40:43  iter: 81600, loss: 0.019044
2024-05-14, 20:40:50  iter: 81700, loss: 0.020018
2024-05-14, 20:40:57  iter: 81800, loss: 0.018369
2024-05-14, 20:41:03  iter: 81900, loss: 0.018488
2024-05-14, 20:41:10  iter: 82000, loss: 0.017691
2024-05-14, 20:41:16  iter: 82100, loss: 0.018517
2024-05-14, 20:41:23  iter: 82200, loss: 0.018283
2024-05-14, 20:41:29  iter: 82300, loss: 0.019559
2024-05-14, 20:41:36  iter: 82400, loss: 0.017572
2024-05-14, 20:41:42  iter: 82500, loss: 0.023520
2024-05-14, 20:41:49  iter: 82600, loss: 0.018603
2024-05-14, 20:41:56  iter: 82700, loss: 0.018806
2024-05-14, 20:42:02  iter: 82800, loss: 0.019231
2024-05-14, 20:42:09  iter: 82900, loss: 0.018858
2024-05-14, 20:42:15  iter: 83000, loss: 0.017907
2024-05-14, 20:42:22  iter: 83100, loss: 0.020357
2024-05-14, 20:42:28  iter: 83200, loss: 0.019418
2024-05-14, 20:42:35  iter: 83300, loss: 0.019260
2024-05-14, 20:42:41  iter: 83400, loss: 0.019063
2024-05-14, 20:42:48  iter: 83500, loss: 0.018818
2024-05-14, 20:42:55  iter: 83600, loss: 0.019081
2024-05-14, 20:43:01  iter: 83700, loss: 0.018590
2024-05-14, 20:43:08  iter: 83800, loss: 0.018665
2024-05-14, 20:43:14  iter: 83900, loss: 0.018533
2024-05-14, 20:43:21  iter: 84000, loss: 0.018456
2024-05-14, 20:43:27  iter: 84100, loss: 0.018613
2024-05-14, 20:43:34  iter: 84200, loss: 0.019397
2024-05-14, 20:43:40  iter: 84300, loss: 0.019304
2024-05-14, 20:43:47  iter: 84400, loss: 0.019074
2024-05-14, 20:43:54  iter: 84500, loss: 0.017343
2024-05-14, 20:44:00  iter: 84600, loss: 0.018420
2024-05-14, 20:44:07  iter: 84700, loss: 0.018206
2024-05-14, 20:44:13  iter: 84800, loss: 0.018923
2024-05-14, 20:44:20  iter: 84900, loss: 0.019204
2024-05-14, 20:44:26  iter: 85000, loss: 0.019334
2024-05-14, 20:44:26  iter: 85000, 
2024-05-14, 20:44:33  iter: 85100, loss: 0.019316
2024-05-14, 20:44:40  iter: 85200, loss: 0.018683
2024-05-14, 20:44:46  iter: 85300, loss: 0.018032
2024-05-14, 20:44:53  iter: 85400, loss: 0.021814
2024-05-14, 20:44:59  iter: 85500, loss: 0.017611
2024-05-14, 20:45:06  iter: 85600, loss: 0.020517
2024-05-14, 20:45:12  iter: 85700, loss: 0.017882
2024-05-14, 20:45:19  iter: 85800, loss: 0.018272
2024-05-14, 20:45:26  iter: 85900, loss: 0.018908
2024-05-14, 20:45:32  iter: 86000, loss: 0.020534
2024-05-14, 20:45:39  iter: 86100, loss: 0.019150
2024-05-14, 20:45:45  iter: 86200, loss: 0.018647
2024-05-14, 20:45:52  iter: 86300, loss: 0.018221
2024-05-14, 20:45:58  iter: 86400, loss: 0.018263
2024-05-14, 20:46:05  iter: 86500, loss: 0.019532
2024-05-14, 20:46:11  iter: 86600, loss: 0.019053
2024-05-14, 20:46:18  iter: 86700, loss: 0.018741
2024-05-14, 20:46:25  iter: 86800, loss: 0.018226
2024-05-14, 20:46:31  iter: 86900, loss: 0.017711
2024-05-14, 20:46:38  iter: 87000, loss: 0.019101
2024-05-14, 20:46:44  iter: 87100, loss: 0.018080
2024-05-14, 20:46:51  iter: 87200, loss: 0.018726
2024-05-14, 20:46:57  iter: 87300, loss: 0.019054
2024-05-14, 20:47:04  iter: 87400, loss: 0.019681
2024-05-14, 20:47:10  iter: 87500, loss: 0.020498
2024-05-14, 20:47:17  iter: 87600, loss: 0.017904
2024-05-14, 20:47:24  iter: 87700, loss: 0.018908
2024-05-14, 20:47:30  iter: 87800, loss: 0.019960
2024-05-14, 20:47:37  iter: 87900, loss: 0.022506
2024-05-14, 20:47:43  iter: 88000, loss: 0.018605
2024-05-14, 20:47:50  iter: 88100, loss: 0.020333
2024-05-14, 20:47:56  iter: 88200, loss: 0.019298
2024-05-14, 20:48:03  iter: 88300, loss: 0.019577
2024-05-14, 20:48:09  iter: 88400, loss: 0.018586
2024-05-14, 20:48:16  iter: 88500, loss: 0.020108
2024-05-14, 20:48:23  iter: 88600, loss: 0.017526
2024-05-14, 20:48:29  iter: 88700, loss: 0.017891
2024-05-14, 20:48:36  iter: 88800, loss: 0.017650
2024-05-14, 20:48:42  iter: 88900, loss: 0.019337
2024-05-14, 20:48:49  iter: 89000, loss: 0.020336
2024-05-14, 20:48:55  iter: 89100, loss: 0.018029
2024-05-14, 20:49:02  iter: 89200, loss: 0.019893
2024-05-14, 20:49:09  iter: 89300, loss: 0.018997
2024-05-14, 20:49:15  iter: 89400, loss: 0.019233
2024-05-14, 20:49:22  iter: 89500, loss: 0.020538
2024-05-14, 20:49:28  iter: 89600, loss: 0.018051
2024-05-14, 20:49:35  iter: 89700, loss: 0.017990
2024-05-14, 20:49:41  iter: 89800, loss: 0.018466
2024-05-14, 20:49:48  iter: 89900, loss: 0.019037
2024-05-14, 20:49:54  iter: 90000, loss: 0.019107
2024-05-14, 20:49:55  iter: 90000, 
