    model: ThreeStageModel
    iter: 0
    networks: 
        name: BNN
        type: BNN
        args: 
            blindspot: 9
        name: LAN
        type: LAN
        args: 
            blindspot: 3
        name: UNet
        type: UNet
        args: 
    train_datasets: 
        type: BaseDatasetCARENoisy
        args: 
            name: planaria_2D
            split: train_idx
        batch_size: 16
    validation_datasets: 
    lr: 0.0003
    print_every: 1000
    save_every: 50000
    validate_every: 50000
    BNN_iters: 100000
    LAN_iters: 100000
    UNet_iters: 100000
    num_iters: 300000
    log_dir: /home/schaudhary/siva_projects/SpatiallyAdaptiveSSID/logs/train_care_planaria_2D_3
    log_file: /home/schaudhary/siva_projects/SpatiallyAdaptiveSSID/logs/train_care_planaria_2D_3/log.out
2024-05-15, 18:17:48  iter: 1000, loss: 0.125362
2024-05-15, 18:18:57  iter: 2000, loss: 0.111757
2024-05-15, 18:20:07  iter: 3000, loss: 0.118244
2024-05-15, 18:21:17  iter: 4000, loss: 0.128751
2024-05-15, 18:22:27  iter: 5000, loss: 0.127403
2024-05-15, 18:23:36  iter: 6000, loss: 0.136637
2024-05-15, 18:24:46  iter: 7000, loss: 0.124134
2024-05-15, 18:25:56  iter: 8000, loss: 0.116568
2024-05-15, 18:27:06  iter: 9000, loss: 0.115395
2024-05-15, 18:28:15  iter: 10000, loss: 0.121718
2024-05-15, 18:29:25  iter: 11000, loss: 0.121234
2024-05-15, 18:30:35  iter: 12000, loss: 0.113200
2024-05-15, 18:31:44  iter: 13000, loss: 0.112640
2024-05-15, 18:32:54  iter: 14000, loss: 0.119705
2024-05-15, 18:34:04  iter: 15000, loss: 0.120658
2024-05-15, 18:35:14  iter: 16000, loss: 0.124757
2024-05-15, 18:36:23  iter: 17000, loss: 0.117544
2024-05-15, 18:37:33  iter: 18000, loss: 0.123485
2024-05-15, 18:38:42  iter: 19000, loss: 0.119006
2024-05-15, 18:39:52  iter: 20000, loss: 0.130970
2024-05-15, 18:41:01  iter: 21000, loss: 0.122894
2024-05-15, 18:42:11  iter: 22000, loss: 0.111344
2024-05-15, 18:43:21  iter: 23000, loss: 0.129054
2024-05-15, 18:44:30  iter: 24000, loss: 0.120581
2024-05-15, 18:45:39  iter: 25000, loss: 0.128359
2024-05-15, 18:46:49  iter: 26000, loss: 0.119316
2024-05-15, 18:47:59  iter: 27000, loss: 0.117313
2024-05-15, 18:49:09  iter: 28000, loss: 0.118717
2024-05-15, 18:50:18  iter: 29000, loss: 0.122105
2024-05-15, 18:51:28  iter: 30000, loss: 0.121798
2024-05-15, 18:52:37  iter: 31000, loss: 0.115135
2024-05-15, 18:53:46  iter: 32000, loss: 0.122275
2024-05-15, 18:54:56  iter: 33000, loss: 0.119869
2024-05-15, 18:56:05  iter: 34000, loss: 0.120070
2024-05-15, 18:57:14  iter: 35000, loss: 0.128910
2024-05-15, 18:58:24  iter: 36000, loss: 0.120668
2024-05-15, 18:59:33  iter: 37000, loss: 0.111086
2024-05-15, 19:00:42  iter: 38000, loss: 0.113882
2024-05-15, 19:01:52  iter: 39000, loss: 0.125034
2024-05-15, 19:03:01  iter: 40000, loss: 0.121213
2024-05-15, 19:04:10  iter: 41000, loss: 0.109183
2024-05-15, 19:05:20  iter: 42000, loss: 0.115601
2024-05-15, 19:06:30  iter: 43000, loss: 0.122734
2024-05-15, 19:07:39  iter: 44000, loss: 0.127133
2024-05-15, 19:08:49  iter: 45000, loss: 0.115335
2024-05-15, 19:09:58  iter: 46000, loss: 0.124112
2024-05-15, 19:11:07  iter: 47000, loss: 0.116648
2024-05-15, 19:12:17  iter: 48000, loss: 0.110816
2024-05-15, 19:13:26  iter: 49000, loss: 0.123475
2024-05-15, 19:14:36  iter: 50000, loss: 0.126322
2024-05-15, 19:14:36  iter: 50000, 
2024-05-15, 19:15:46  iter: 51000, loss: 0.115789
2024-05-15, 19:16:55  iter: 52000, loss: 0.127152
2024-05-15, 19:18:05  iter: 53000, loss: 0.122508
2024-05-15, 19:19:15  iter: 54000, loss: 0.113491
2024-05-15, 19:20:25  iter: 55000, loss: 0.115588
2024-05-15, 19:21:35  iter: 56000, loss: 0.114491
2024-05-15, 19:22:44  iter: 57000, loss: 0.117856
2024-05-15, 19:23:54  iter: 58000, loss: 0.124128
2024-05-15, 19:25:04  iter: 59000, loss: 0.121018
2024-05-15, 19:26:13  iter: 60000, loss: 0.119125
2024-05-15, 19:27:23  iter: 61000, loss: 0.107678
2024-05-15, 19:28:32  iter: 62000, loss: 0.132272
2024-05-15, 19:29:42  iter: 63000, loss: 0.114771
2024-05-15, 19:30:52  iter: 64000, loss: 0.125950
2024-05-15, 19:32:01  iter: 65000, loss: 0.120468
2024-05-15, 19:33:11  iter: 66000, loss: 0.115737
2024-05-15, 19:34:21  iter: 67000, loss: 0.133499
2024-05-15, 19:35:31  iter: 68000, loss: 0.120568
2024-05-15, 19:36:41  iter: 69000, loss: 0.125428
2024-05-15, 19:37:50  iter: 70000, loss: 0.120748
2024-05-15, 19:39:00  iter: 71000, loss: 0.113558
2024-05-15, 19:40:10  iter: 72000, loss: 0.121939
2024-05-15, 19:41:20  iter: 73000, loss: 0.123333
2024-05-15, 19:42:29  iter: 74000, loss: 0.114844
2024-05-15, 19:43:39  iter: 75000, loss: 0.128182
2024-05-15, 19:44:49  iter: 76000, loss: 0.117684
2024-05-15, 19:45:58  iter: 77000, loss: 0.115116
2024-05-15, 19:47:09  iter: 78000, loss: 0.113909
2024-05-15, 19:48:18  iter: 79000, loss: 0.110271
2024-05-15, 19:49:28  iter: 80000, loss: 0.119566
2024-05-15, 19:50:38  iter: 81000, loss: 0.113098
2024-05-15, 19:51:47  iter: 82000, loss: 0.115281
2024-05-15, 19:52:57  iter: 83000, loss: 0.125754
2024-05-15, 19:54:06  iter: 84000, loss: 0.122340
2024-05-15, 19:55:16  iter: 85000, loss: 0.115461
2024-05-15, 19:56:25  iter: 86000, loss: 0.123788
2024-05-15, 19:57:34  iter: 87000, loss: 0.125918
2024-05-15, 19:58:43  iter: 88000, loss: 0.121814
2024-05-15, 19:59:52  iter: 89000, loss: 0.120114
2024-05-15, 20:01:02  iter: 90000, loss: 0.126001
2024-05-15, 20:02:11  iter: 91000, loss: 0.107267
2024-05-15, 20:03:20  iter: 92000, loss: 0.115871
2024-05-15, 20:04:29  iter: 93000, loss: 0.116772
2024-05-15, 20:05:38  iter: 94000, loss: 0.121540
2024-05-15, 20:06:48  iter: 95000, loss: 0.121815
2024-05-15, 20:07:58  iter: 96000, loss: 0.113222
2024-05-15, 20:09:07  iter: 97000, loss: 0.122566
2024-05-15, 20:10:17  iter: 98000, loss: 0.116629
2024-05-15, 20:11:26  iter: 99000, loss: 0.122176
2024-05-15, 20:12:35  iter: 100000, loss: 0.120131
2024-05-15, 20:12:35  iter: 100000, 
2024-05-15, 20:13:59  iter: 101000, loss: 0.019248
2024-05-15, 20:15:21  iter: 102000, loss: 0.019529
2024-05-15, 20:16:44  iter: 103000, loss: 0.015696
2024-05-15, 20:18:06  iter: 104000, loss: 0.020222
2024-05-15, 20:19:29  iter: 105000, loss: 0.017931
2024-05-15, 20:20:52  iter: 106000, loss: 0.011985
2024-05-15, 20:22:15  iter: 107000, loss: 0.017163
2024-05-15, 20:23:37  iter: 108000, loss: 0.017030
2024-05-15, 20:24:59  iter: 109000, loss: 0.013105
2024-05-15, 20:26:20  iter: 110000, loss: 0.013792
2024-05-15, 20:27:41  iter: 111000, loss: 0.014625
2024-05-15, 20:29:05  iter: 112000, loss: 0.015510
2024-05-15, 20:30:27  iter: 113000, loss: 0.013836
2024-05-15, 20:31:50  iter: 114000, loss: 0.014110
2024-05-15, 20:33:12  iter: 115000, loss: 0.012896
2024-05-15, 20:34:35  iter: 116000, loss: 0.019603
2024-05-15, 20:35:56  iter: 117000, loss: 0.014991
2024-05-15, 20:37:18  iter: 118000, loss: 0.018900
2024-05-15, 20:38:40  iter: 119000, loss: 0.010756
2024-05-15, 20:40:03  iter: 120000, loss: 0.015494
2024-05-15, 20:41:26  iter: 121000, loss: 0.011944
2024-05-15, 20:42:49  iter: 122000, loss: 0.011387
2024-05-15, 20:44:12  iter: 123000, loss: 0.014660
2024-05-15, 20:45:34  iter: 124000, loss: 0.013618
2024-05-15, 20:46:57  iter: 125000, loss: 0.016816
2024-05-15, 20:48:22  iter: 126000, loss: 0.016440
2024-05-15, 20:49:44  iter: 127000, loss: 0.017487
2024-05-15, 20:51:06  iter: 128000, loss: 0.011671
2024-05-15, 20:52:28  iter: 129000, loss: 0.011937
2024-05-15, 20:53:50  iter: 130000, loss: 0.019259
2024-05-15, 20:55:13  iter: 131000, loss: 0.014229
2024-05-15, 20:56:35  iter: 132000, loss: 0.016811
2024-05-15, 20:57:58  iter: 133000, loss: 0.016545
2024-05-15, 20:59:20  iter: 134000, loss: 0.018006
2024-05-15, 21:00:44  iter: 135000, loss: 0.016183
2024-05-15, 21:02:05  iter: 136000, loss: 0.015229
2024-05-15, 21:03:29  iter: 137000, loss: 0.016138
2024-05-15, 21:04:51  iter: 138000, loss: 0.017055
2024-05-15, 21:06:13  iter: 139000, loss: 0.020235
2024-05-15, 21:07:36  iter: 140000, loss: 0.014734
2024-05-15, 21:08:58  iter: 141000, loss: 0.022600
2024-05-15, 21:10:22  iter: 142000, loss: 0.016588
2024-05-15, 21:11:45  iter: 143000, loss: 0.013361
2024-05-15, 21:13:06  iter: 144000, loss: 0.018603
2024-05-15, 21:14:28  iter: 145000, loss: 0.018096
2024-05-15, 21:15:51  iter: 146000, loss: 0.011556
2024-05-15, 21:17:15  iter: 147000, loss: 0.014670
2024-05-15, 21:18:38  iter: 148000, loss: 0.015058
2024-05-15, 21:20:01  iter: 149000, loss: 0.016849
2024-05-15, 21:21:23  iter: 150000, loss: 0.014630
2024-05-15, 21:21:24  iter: 150000, 
2024-05-15, 21:22:47  iter: 151000, loss: 0.013630
2024-05-15, 21:24:08  iter: 152000, loss: 0.016993
2024-05-15, 21:25:29  iter: 153000, loss: 0.017873
2024-05-15, 21:26:53  iter: 154000, loss: 0.015637
2024-05-15, 21:28:16  iter: 155000, loss: 0.011430
2024-05-15, 21:29:39  iter: 156000, loss: 0.017912
2024-05-15, 21:31:01  iter: 157000, loss: 0.020839
2024-05-15, 21:32:24  iter: 158000, loss: 0.018879
2024-05-15, 21:33:46  iter: 159000, loss: 0.018105
2024-05-15, 21:35:09  iter: 160000, loss: 0.022378
2024-05-15, 21:36:33  iter: 161000, loss: 0.014213
2024-05-15, 21:37:57  iter: 162000, loss: 0.013125
2024-05-15, 21:39:19  iter: 163000, loss: 0.014567
2024-05-15, 21:40:42  iter: 164000, loss: 0.016292
2024-05-15, 21:42:04  iter: 165000, loss: 0.017407
2024-05-15, 21:43:27  iter: 166000, loss: 0.016528
2024-05-15, 21:44:50  iter: 167000, loss: 0.010846
2024-05-15, 21:46:13  iter: 168000, loss: 0.017746
2024-05-15, 21:47:33  iter: 169000, loss: 0.015202
2024-05-15, 21:48:56  iter: 170000, loss: 0.014806
2024-05-15, 21:50:18  iter: 171000, loss: 0.019189
2024-05-15, 21:51:41  iter: 172000, loss: 0.020635
2024-05-15, 21:53:04  iter: 173000, loss: 0.015345
2024-05-15, 21:54:26  iter: 174000, loss: 0.012831
2024-05-15, 21:55:49  iter: 175000, loss: 0.014910
2024-05-15, 21:57:11  iter: 176000, loss: 0.012764
2024-05-15, 21:58:33  iter: 177000, loss: 0.013084
2024-05-15, 21:59:57  iter: 178000, loss: 0.014116
2024-05-15, 22:01:21  iter: 179000, loss: 0.014841
2024-05-15, 22:02:45  iter: 180000, loss: 0.017328
2024-05-15, 22:04:06  iter: 181000, loss: 0.016163
2024-05-15, 22:05:27  iter: 182000, loss: 0.012707
2024-05-15, 22:06:52  iter: 183000, loss: 0.018569
2024-05-15, 22:08:15  iter: 184000, loss: 0.011937
2024-05-15, 22:09:38  iter: 185000, loss: 0.017230
2024-05-15, 22:11:00  iter: 186000, loss: 0.017226
2024-05-15, 22:12:22  iter: 187000, loss: 0.011865
2024-05-15, 22:13:43  iter: 188000, loss: 0.012855
2024-05-15, 22:15:04  iter: 189000, loss: 0.018737
2024-05-15, 22:16:26  iter: 190000, loss: 0.014924
2024-05-15, 22:17:49  iter: 191000, loss: 0.012452
2024-05-15, 22:19:13  iter: 192000, loss: 0.016305
2024-05-15, 22:20:34  iter: 193000, loss: 0.018732
2024-05-15, 22:21:56  iter: 194000, loss: 0.011134
2024-05-15, 22:23:16  iter: 195000, loss: 0.014710
2024-05-15, 22:24:39  iter: 196000, loss: 0.014038
2024-05-15, 22:26:01  iter: 197000, loss: 0.015630
2024-05-15, 22:27:23  iter: 198000, loss: 0.019564
2024-05-15, 22:28:44  iter: 199000, loss: 0.011793
2024-05-15, 22:30:08  iter: 200000, loss: 0.017796
2024-05-15, 22:30:08  iter: 200000, 
2024-05-15, 22:31:50  iter: 201000, loss: 0.013298
2024-05-15, 22:33:33  iter: 202000, loss: 0.010481
2024-05-15, 22:35:16  iter: 203000, loss: 0.013408
2024-05-15, 22:36:58  iter: 204000, loss: 0.008421
2024-05-15, 22:38:40  iter: 205000, loss: 0.012998
2024-05-15, 22:40:22  iter: 206000, loss: 0.008883
2024-05-15, 22:42:05  iter: 207000, loss: 0.008755
2024-05-15, 22:43:46  iter: 208000, loss: 0.009558
2024-05-15, 22:45:27  iter: 209000, loss: 0.009708
2024-05-15, 22:47:09  iter: 210000, loss: 0.010290
2024-05-15, 22:48:52  iter: 211000, loss: 0.012529
2024-05-15, 22:50:35  iter: 212000, loss: 0.006894
2024-05-15, 22:52:18  iter: 213000, loss: 0.007202
2024-05-15, 22:54:00  iter: 214000, loss: 0.007124
2024-05-15, 22:55:42  iter: 215000, loss: 0.009780
2024-05-15, 22:57:24  iter: 216000, loss: 0.010051
2024-05-15, 22:59:06  iter: 217000, loss: 0.008494
2024-05-15, 23:00:47  iter: 218000, loss: 0.008722
2024-05-15, 23:02:29  iter: 219000, loss: 0.007583
2024-05-15, 23:04:11  iter: 220000, loss: 0.009763
2024-05-15, 23:05:52  iter: 221000, loss: 0.005925
2024-05-15, 23:07:33  iter: 222000, loss: 0.008298
2024-05-15, 23:09:14  iter: 223000, loss: 0.009104
2024-05-15, 23:10:56  iter: 224000, loss: 0.008090
2024-05-15, 23:12:37  iter: 225000, loss: 0.008608
2024-05-15, 23:14:18  iter: 226000, loss: 0.008854
2024-05-15, 23:16:00  iter: 227000, loss: 0.007230
2024-05-15, 23:17:42  iter: 228000, loss: 0.005757
2024-05-15, 23:19:24  iter: 229000, loss: 0.008309
2024-05-15, 23:21:07  iter: 230000, loss: 0.010452
2024-05-15, 23:22:49  iter: 231000, loss: 0.007112
2024-05-15, 23:24:30  iter: 232000, loss: 0.010703
2024-05-15, 23:26:12  iter: 233000, loss: 0.006327
2024-05-15, 23:27:54  iter: 234000, loss: 0.009350
2024-05-15, 23:29:37  iter: 235000, loss: 0.008605
2024-05-15, 23:31:18  iter: 236000, loss: 0.010232
2024-05-15, 23:33:00  iter: 237000, loss: 0.010029
2024-05-15, 23:34:43  iter: 238000, loss: 0.008721
2024-05-15, 23:36:25  iter: 239000, loss: 0.007633
2024-05-15, 23:38:07  iter: 240000, loss: 0.009036
2024-05-15, 23:39:49  iter: 241000, loss: 0.007888
2024-05-15, 23:41:30  iter: 242000, loss: 0.007103
2024-05-15, 23:43:12  iter: 243000, loss: 0.006420
2024-05-15, 23:44:53  iter: 244000, loss: 0.006796
2024-05-15, 23:46:35  iter: 245000, loss: 0.008594
2024-05-15, 23:48:18  iter: 246000, loss: 0.008229
2024-05-15, 23:49:59  iter: 247000, loss: 0.007228
2024-05-15, 23:51:41  iter: 248000, loss: 0.007425
2024-05-15, 23:53:23  iter: 249000, loss: 0.005728
2024-05-15, 23:55:05  iter: 250000, loss: 0.006131
2024-05-15, 23:55:05  iter: 250000, 
2024-05-15, 23:56:46  iter: 251000, loss: 0.006703
2024-05-15, 23:58:29  iter: 252000, loss: 0.008503
2024-05-16, 00:00:11  iter: 253000, loss: 0.005827
2024-05-16, 00:01:53  iter: 254000, loss: 0.009182
2024-05-16, 00:03:35  iter: 255000, loss: 0.006639
2024-05-16, 00:05:16  iter: 256000, loss: 0.008371
2024-05-16, 00:06:58  iter: 257000, loss: 0.006164
2024-05-16, 00:08:40  iter: 258000, loss: 0.008431
2024-05-16, 00:10:22  iter: 259000, loss: 0.008164
2024-05-16, 00:12:04  iter: 260000, loss: 0.005558
2024-05-16, 00:13:46  iter: 261000, loss: 0.007200
2024-05-16, 00:15:28  iter: 262000, loss: 0.010090
2024-05-16, 00:17:10  iter: 263000, loss: 0.006618
2024-05-16, 00:18:51  iter: 264000, loss: 0.009148
2024-05-16, 00:20:33  iter: 265000, loss: 0.007633
2024-05-16, 00:22:15  iter: 266000, loss: 0.007886
2024-05-16, 00:23:56  iter: 267000, loss: 0.010499
2024-05-16, 00:25:37  iter: 268000, loss: 0.008313
2024-05-16, 00:27:19  iter: 269000, loss: 0.007115
2024-05-16, 00:29:01  iter: 270000, loss: 0.007344
2024-05-16, 00:30:43  iter: 271000, loss: 0.006315
2024-05-16, 00:32:24  iter: 272000, loss: 0.007134
2024-05-16, 00:34:07  iter: 273000, loss: 0.008137
2024-05-16, 00:35:49  iter: 274000, loss: 0.006118
2024-05-16, 00:37:32  iter: 275000, loss: 0.006149
2024-05-16, 00:39:14  iter: 276000, loss: 0.006309
2024-05-16, 00:40:57  iter: 277000, loss: 0.005640
2024-05-16, 00:42:37  iter: 278000, loss: 0.007004
2024-05-16, 00:44:19  iter: 279000, loss: 0.005734
2024-05-16, 00:46:02  iter: 280000, loss: 0.007418
2024-05-16, 00:47:45  iter: 281000, loss: 0.010869
2024-05-16, 00:49:27  iter: 282000, loss: 0.006508
2024-05-16, 00:51:09  iter: 283000, loss: 0.006828
2024-05-16, 00:52:51  iter: 284000, loss: 0.008112
2024-05-16, 00:54:33  iter: 285000, loss: 0.006859
2024-05-16, 00:56:15  iter: 286000, loss: 0.007011
2024-05-16, 00:57:58  iter: 287000, loss: 0.007467
2024-05-16, 00:59:41  iter: 288000, loss: 0.008258
2024-05-16, 01:01:23  iter: 289000, loss: 0.007553
2024-05-16, 01:03:05  iter: 290000, loss: 0.006430
2024-05-16, 01:04:49  iter: 291000, loss: 0.006798
2024-05-16, 01:06:30  iter: 292000, loss: 0.006709
2024-05-16, 01:08:11  iter: 293000, loss: 0.006526
2024-05-16, 01:09:54  iter: 294000, loss: 0.006424
2024-05-16, 01:11:36  iter: 295000, loss: 0.007033
2024-05-16, 01:13:19  iter: 296000, loss: 0.007771
2024-05-16, 01:15:00  iter: 297000, loss: 0.005616
2024-05-16, 01:16:42  iter: 298000, loss: 0.008642
2024-05-16, 01:18:24  iter: 299000, loss: 0.006610
2024-05-16, 01:20:07  iter: 300000, loss: 0.006332
2024-05-16, 01:20:08  iter: 300000, 
