    model: ThreeStageModel
    iter: 0
    networks: 
        name: BNN
        type: BNN
        args: 
            blindspot: 9
        name: LAN
        type: LAN
        args: 
            blindspot: 3
        name: UNet
        type: UNet
        args: 
    train_datasets: 
        type: BaseDatasetCARENoisy
        args: 
            name: tribolium_2D
        batch_size: 16
    validation_datasets: 
    lr: 0.0003
    print_every: 100
    save_every: 5000
    validate_every: 5000
    BNN_iters: 10000
    LAN_iters: 10000
    UNet_iters: 10000
    num_iters: 30000
    log_dir: /home/schaudhary/siva_projects/SpatiallyAdaptiveSSID/logs/train_care_tribolium_2D_2
    log_file: /home/schaudhary/siva_projects/SpatiallyAdaptiveSSID/logs/train_care_tribolium_2D_2/log.out
    model: ThreeStageModel
    iter: 0
    networks: 
        name: BNN
        type: BNN
        args: 
            blindspot: 9
        name: LAN
        type: LAN
        args: 
            blindspot: 3
        name: UNet
        type: UNet
        args: 
    train_datasets: 
        type: BaseDatasetCARENoisy
        args: 
            name: tribolium_2D
            split: train_idx
        batch_size: 16
    validation_datasets: 
    lr: 0.0003
    print_every: 100
    save_every: 5000
    validate_every: 5000
    BNN_iters: 10000
    LAN_iters: 10000
    UNet_iters: 10000
    num_iters: 30000
    log_dir: /home/schaudhary/siva_projects/SpatiallyAdaptiveSSID/logs/train_care_tribolium_2D_2
    log_file: /home/schaudhary/siva_projects/SpatiallyAdaptiveSSID/logs/train_care_tribolium_2D_2/log.out
2024-05-14, 18:39:32  iter: 100, loss: 0.096693
2024-05-14, 18:39:39  iter: 200, loss: 0.084849
2024-05-14, 18:39:46  iter: 300, loss: 0.070316
2024-05-14, 18:39:53  iter: 400, loss: 0.081416
2024-05-14, 18:40:00  iter: 500, loss: 0.087015
2024-05-14, 18:40:06  iter: 600, loss: 0.084857
2024-05-14, 18:40:13  iter: 700, loss: 0.078519
2024-05-14, 18:40:20  iter: 800, loss: 0.082161
2024-05-14, 18:40:27  iter: 900, loss: 0.091657
2024-05-14, 18:40:34  iter: 1000, loss: 0.084987
2024-05-14, 18:40:40  iter: 1100, loss: 0.079843
2024-05-14, 18:40:47  iter: 1200, loss: 0.104835
2024-05-14, 18:40:54  iter: 1300, loss: 0.078818
2024-05-14, 18:41:01  iter: 1400, loss: 0.093114
2024-05-14, 18:41:08  iter: 1500, loss: 0.078219
2024-05-14, 18:41:15  iter: 1600, loss: 0.084019
2024-05-14, 18:41:22  iter: 1700, loss: 0.075646
2024-05-14, 18:41:29  iter: 1800, loss: 0.086053
2024-05-14, 18:41:35  iter: 1900, loss: 0.092362
2024-05-14, 18:41:42  iter: 2000, loss: 0.098118
2024-05-14, 18:41:49  iter: 2100, loss: 0.072882
2024-05-14, 18:41:56  iter: 2200, loss: 0.075487
2024-05-14, 18:42:03  iter: 2300, loss: 0.099710
2024-05-14, 18:42:10  iter: 2400, loss: 0.083075
2024-05-14, 18:42:17  iter: 2500, loss: 0.083801
2024-05-14, 18:42:24  iter: 2600, loss: 0.086133
2024-05-14, 18:42:31  iter: 2700, loss: 0.076393
2024-05-14, 18:42:38  iter: 2800, loss: 0.091241
2024-05-14, 18:42:45  iter: 2900, loss: 0.085152
2024-05-14, 18:42:51  iter: 3000, loss: 0.110024
2024-05-14, 18:42:58  iter: 3100, loss: 0.107318
2024-05-14, 18:43:05  iter: 3200, loss: 0.088229
2024-05-14, 18:43:12  iter: 3300, loss: 0.100253
2024-05-14, 18:43:19  iter: 3400, loss: 0.074461
2024-05-14, 18:43:26  iter: 3500, loss: 0.089580
2024-05-14, 18:43:33  iter: 3600, loss: 0.081414
2024-05-14, 18:43:40  iter: 3700, loss: 0.095111
2024-05-14, 18:43:47  iter: 3800, loss: 0.080409
2024-05-14, 18:43:54  iter: 3900, loss: 0.104113
2024-05-14, 18:44:01  iter: 4000, loss: 0.081489
2024-05-14, 18:44:08  iter: 4100, loss: 0.084882
2024-05-14, 18:44:15  iter: 4200, loss: 0.089693
2024-05-14, 18:44:21  iter: 4300, loss: 0.089504
2024-05-14, 18:44:28  iter: 4400, loss: 0.085773
2024-05-14, 18:44:35  iter: 4500, loss: 0.088118
2024-05-14, 18:44:42  iter: 4600, loss: 0.084195
2024-05-14, 18:44:49  iter: 4700, loss: 0.091398
2024-05-14, 18:44:56  iter: 4800, loss: 0.097120
2024-05-14, 18:45:03  iter: 4900, loss: 0.075647
2024-05-14, 18:45:10  iter: 5000, loss: 0.076983
2024-05-14, 18:45:10  iter: 5000, 
2024-05-14, 18:45:17  iter: 5100, loss: 0.082922
2024-05-14, 18:45:24  iter: 5200, loss: 0.092154
2024-05-14, 18:45:31  iter: 5300, loss: 0.078801
2024-05-14, 18:45:38  iter: 5400, loss: 0.084752
2024-05-14, 18:45:44  iter: 5500, loss: 0.071427
2024-05-14, 18:45:51  iter: 5600, loss: 0.081062
2024-05-14, 18:45:58  iter: 5700, loss: 0.092987
2024-05-14, 18:46:05  iter: 5800, loss: 0.077622
2024-05-14, 18:46:12  iter: 5900, loss: 0.063746
2024-05-14, 18:46:19  iter: 6000, loss: 0.087633
2024-05-14, 18:46:26  iter: 6100, loss: 0.077326
2024-05-14, 18:46:33  iter: 6200, loss: 0.092867
2024-05-14, 18:46:39  iter: 6300, loss: 0.089076
2024-05-14, 18:46:46  iter: 6400, loss: 0.077734
2024-05-14, 18:46:53  iter: 6500, loss: 0.076910
2024-05-14, 18:47:00  iter: 6600, loss: 0.088778
2024-05-14, 18:47:07  iter: 6700, loss: 0.091187
2024-05-14, 18:47:14  iter: 6800, loss: 0.080241
2024-05-14, 18:47:21  iter: 6900, loss: 0.084944
2024-05-14, 18:47:28  iter: 7000, loss: 0.088244
2024-05-14, 18:47:35  iter: 7100, loss: 0.077909
2024-05-14, 18:47:42  iter: 7200, loss: 0.079237
2024-05-14, 18:47:49  iter: 7300, loss: 0.083949
2024-05-14, 18:47:56  iter: 7400, loss: 0.075117
2024-05-14, 18:48:03  iter: 7500, loss: 0.110759
2024-05-14, 18:48:09  iter: 7600, loss: 0.090216
2024-05-14, 18:48:16  iter: 7700, loss: 0.092958
2024-05-14, 18:48:23  iter: 7800, loss: 0.089696
2024-05-14, 18:48:30  iter: 7900, loss: 0.079091
2024-05-14, 18:48:37  iter: 8000, loss: 0.099694
2024-05-14, 18:48:44  iter: 8100, loss: 0.072491
2024-05-14, 18:48:51  iter: 8200, loss: 0.084785
2024-05-14, 18:48:58  iter: 8300, loss: 0.076524
2024-05-14, 18:49:05  iter: 8400, loss: 0.070930
2024-05-14, 18:49:12  iter: 8500, loss: 0.078725
2024-05-14, 18:49:19  iter: 8600, loss: 0.083825
2024-05-14, 18:49:26  iter: 8700, loss: 0.080421
2024-05-14, 18:49:33  iter: 8800, loss: 0.085693
2024-05-14, 18:49:39  iter: 8900, loss: 0.084395
2024-05-14, 18:49:46  iter: 9000, loss: 0.094548
2024-05-14, 18:49:53  iter: 9100, loss: 0.092495
2024-05-14, 18:50:00  iter: 9200, loss: 0.107937
2024-05-14, 18:50:07  iter: 9300, loss: 0.094985
2024-05-14, 18:50:14  iter: 9400, loss: 0.083909
2024-05-14, 18:50:21  iter: 9500, loss: 0.086554
2024-05-14, 18:50:28  iter: 9600, loss: 0.075124
2024-05-14, 18:50:35  iter: 9700, loss: 0.071376
2024-05-14, 18:50:42  iter: 9800, loss: 0.076417
2024-05-14, 18:50:49  iter: 9900, loss: 0.085695
2024-05-14, 18:50:56  iter: 10000, loss: 0.082596
2024-05-14, 18:50:56  iter: 10000, 
2024-05-14, 18:51:05  iter: 10100, loss: 0.028121
2024-05-14, 18:51:13  iter: 10200, loss: 0.032667
2024-05-14, 18:51:21  iter: 10300, loss: 0.034517
2024-05-14, 18:51:29  iter: 10400, loss: 0.027293
2024-05-14, 18:51:37  iter: 10500, loss: 0.025567
2024-05-14, 18:51:45  iter: 10600, loss: 0.039998
2024-05-14, 18:51:53  iter: 10700, loss: 0.033609
2024-05-14, 18:52:01  iter: 10800, loss: 0.029607
2024-05-14, 18:52:09  iter: 10900, loss: 0.027761
2024-05-14, 18:52:17  iter: 11000, loss: 0.028744
2024-05-14, 18:52:26  iter: 11100, loss: 0.014312
2024-05-14, 18:52:34  iter: 11200, loss: 0.016111
2024-05-14, 18:52:43  iter: 11300, loss: 0.018611
2024-05-14, 18:52:51  iter: 11400, loss: 0.020412
2024-05-14, 18:52:59  iter: 11500, loss: 0.026013
2024-05-14, 18:53:07  iter: 11600, loss: 0.016614
2024-05-14, 18:53:15  iter: 11700, loss: 0.030763
2024-05-14, 18:53:23  iter: 11800, loss: 0.016470
2024-05-14, 18:53:31  iter: 11900, loss: 0.016567
2024-05-14, 18:53:39  iter: 12000, loss: 0.015435
2024-05-14, 18:53:47  iter: 12100, loss: 0.019675
2024-05-14, 18:53:56  iter: 12200, loss: 0.016796
2024-05-14, 18:54:04  iter: 12300, loss: 0.011805
2024-05-14, 18:54:13  iter: 12400, loss: 0.013254
2024-05-14, 18:54:21  iter: 12500, loss: 0.022497
2024-05-14, 18:54:29  iter: 12600, loss: 0.018457
2024-05-14, 18:54:37  iter: 12700, loss: 0.018443
2024-05-14, 18:54:46  iter: 12800, loss: 0.014752
2024-05-14, 18:54:54  iter: 12900, loss: 0.015607
2024-05-14, 18:55:02  iter: 13000, loss: 0.015111
2024-05-14, 18:55:11  iter: 13100, loss: 0.020181
2024-05-14, 18:55:19  iter: 13200, loss: 0.015538
2024-05-14, 18:55:28  iter: 13300, loss: 0.014571
2024-05-14, 18:55:36  iter: 13400, loss: 0.018857
2024-05-14, 18:55:44  iter: 13500, loss: 0.015449
2024-05-14, 18:55:52  iter: 13600, loss: 0.017518
2024-05-14, 18:56:00  iter: 13700, loss: 0.020228
2024-05-14, 18:56:08  iter: 13800, loss: 0.014565
2024-05-14, 18:56:17  iter: 13900, loss: 0.014036
2024-05-14, 18:56:25  iter: 14000, loss: 0.016040
2024-05-14, 18:56:34  iter: 14100, loss: 0.015895
2024-05-14, 18:56:42  iter: 14200, loss: 0.011568
2024-05-14, 18:56:50  iter: 14300, loss: 0.012287
2024-05-14, 18:56:59  iter: 14400, loss: 0.015214
2024-05-14, 18:57:07  iter: 14500, loss: 0.015732
2024-05-14, 18:57:15  iter: 14600, loss: 0.015593
2024-05-14, 18:57:24  iter: 14700, loss: 0.013881
2024-05-14, 18:57:32  iter: 14800, loss: 0.014313
2024-05-14, 18:57:40  iter: 14900, loss: 0.018716
2024-05-14, 18:57:49  iter: 15000, loss: 0.014921
2024-05-14, 18:57:49  iter: 15000, 
2024-05-14, 18:57:57  iter: 15100, loss: 0.020664
2024-05-14, 18:58:05  iter: 15200, loss: 0.017205
2024-05-14, 18:58:13  iter: 15300, loss: 0.016159
2024-05-14, 18:58:22  iter: 15400, loss: 0.022948
2024-05-14, 18:58:30  iter: 15500, loss: 0.013556
2024-05-14, 18:58:37  iter: 15600, loss: 0.016942
2024-05-14, 18:58:46  iter: 15700, loss: 0.018407
2024-05-14, 18:58:54  iter: 15800, loss: 0.018983
2024-05-14, 18:59:02  iter: 15900, loss: 0.013843
2024-05-14, 18:59:11  iter: 16000, loss: 0.013279
2024-05-14, 18:59:19  iter: 16100, loss: 0.015803
2024-05-14, 18:59:28  iter: 16200, loss: 0.016437
2024-05-14, 18:59:36  iter: 16300, loss: 0.022864
2024-05-14, 18:59:44  iter: 16400, loss: 0.015266
2024-05-14, 18:59:52  iter: 16500, loss: 0.016881
2024-05-14, 19:00:00  iter: 16600, loss: 0.018912
2024-05-14, 19:00:08  iter: 16700, loss: 0.015583
2024-05-14, 19:00:16  iter: 16800, loss: 0.012451
2024-05-14, 19:00:24  iter: 16900, loss: 0.022073
2024-05-14, 19:00:32  iter: 17000, loss: 0.013108
2024-05-14, 19:00:40  iter: 17100, loss: 0.013961
2024-05-14, 19:00:48  iter: 17200, loss: 0.017748
2024-05-14, 19:00:56  iter: 17300, loss: 0.016472
2024-05-14, 19:01:04  iter: 17400, loss: 0.017725
2024-05-14, 19:01:12  iter: 17500, loss: 0.016124
2024-05-14, 19:01:20  iter: 17600, loss: 0.016031
2024-05-14, 19:01:28  iter: 17700, loss: 0.017085
2024-05-14, 19:01:37  iter: 17800, loss: 0.017387
2024-05-14, 19:01:45  iter: 17900, loss: 0.016889
2024-05-14, 19:01:54  iter: 18000, loss: 0.015170
2024-05-14, 19:02:02  iter: 18100, loss: 0.013010
2024-05-14, 19:02:10  iter: 18200, loss: 0.018115
2024-05-14, 19:02:18  iter: 18300, loss: 0.015401
2024-05-14, 19:02:26  iter: 18400, loss: 0.014112
2024-05-14, 19:02:34  iter: 18500, loss: 0.025414
2024-05-14, 19:02:43  iter: 18600, loss: 0.015481
2024-05-14, 19:02:51  iter: 18700, loss: 0.015087
2024-05-14, 19:03:00  iter: 18800, loss: 0.015348
2024-05-14, 19:03:08  iter: 18900, loss: 0.018451
2024-05-14, 19:03:16  iter: 19000, loss: 0.017543
2024-05-14, 19:03:24  iter: 19100, loss: 0.017417
2024-05-14, 19:03:32  iter: 19200, loss: 0.021028
2024-05-14, 19:03:41  iter: 19300, loss: 0.016885
2024-05-14, 19:03:49  iter: 19400, loss: 0.015946
2024-05-14, 19:03:58  iter: 19500, loss: 0.017374
2024-05-14, 19:04:06  iter: 19600, loss: 0.017084
2024-05-14, 19:04:14  iter: 19700, loss: 0.019711
2024-05-14, 19:04:23  iter: 19800, loss: 0.013606
2024-05-14, 19:04:31  iter: 19900, loss: 0.013974
2024-05-14, 19:04:40  iter: 20000, loss: 0.015326
2024-05-14, 19:04:40  iter: 20000, 
2024-05-14, 19:04:50  iter: 20100, loss: 0.018111
2024-05-14, 19:05:00  iter: 20200, loss: 0.018419
2024-05-14, 19:05:11  iter: 20300, loss: 0.014868
2024-05-14, 19:05:21  iter: 20400, loss: 0.014456
2024-05-14, 19:05:31  iter: 20500, loss: 0.016010
2024-05-14, 19:05:41  iter: 20600, loss: 0.016296
2024-05-14, 19:05:52  iter: 20700, loss: 0.012117
2024-05-14, 19:06:02  iter: 20800, loss: 0.010596
2024-05-14, 19:06:12  iter: 20900, loss: 0.011239
2024-05-14, 19:06:23  iter: 21000, loss: 0.010617
2024-05-14, 19:06:33  iter: 21100, loss: 0.010819
2024-05-14, 19:06:43  iter: 21200, loss: 0.011554
2024-05-14, 19:06:53  iter: 21300, loss: 0.008122
2024-05-14, 19:07:03  iter: 21400, loss: 0.011168
2024-05-14, 19:07:13  iter: 21500, loss: 0.010379
2024-05-14, 19:07:23  iter: 21600, loss: 0.009796
2024-05-14, 19:07:33  iter: 21700, loss: 0.013849
2024-05-14, 19:07:44  iter: 21800, loss: 0.011783
2024-05-14, 19:07:54  iter: 21900, loss: 0.009599
2024-05-14, 19:08:04  iter: 22000, loss: 0.012095
2024-05-14, 19:08:15  iter: 22100, loss: 0.010405
2024-05-14, 19:08:25  iter: 22200, loss: 0.009583
2024-05-14, 19:08:35  iter: 22300, loss: 0.007951
2024-05-14, 19:08:45  iter: 22400, loss: 0.008078
2024-05-14, 19:08:55  iter: 22500, loss: 0.008164
2024-05-14, 19:09:05  iter: 22600, loss: 0.010102
2024-05-14, 19:09:16  iter: 22700, loss: 0.009082
2024-05-14, 19:09:26  iter: 22800, loss: 0.012508
2024-05-14, 19:09:36  iter: 22900, loss: 0.009821
2024-05-14, 19:09:46  iter: 23000, loss: 0.009142
2024-05-14, 19:09:56  iter: 23100, loss: 0.010231
2024-05-14, 19:10:06  iter: 23200, loss: 0.008210
2024-05-14, 19:10:16  iter: 23300, loss: 0.008864
2024-05-14, 19:10:26  iter: 23400, loss: 0.007689
2024-05-14, 19:10:36  iter: 23500, loss: 0.009878
2024-05-14, 19:10:47  iter: 23600, loss: 0.007296
2024-05-14, 19:10:57  iter: 23700, loss: 0.009208
2024-05-14, 19:11:07  iter: 23800, loss: 0.006887
2024-05-14, 19:11:17  iter: 23900, loss: 0.008520
2024-05-14, 19:11:27  iter: 24000, loss: 0.011735
2024-05-14, 19:11:38  iter: 24100, loss: 0.010013
2024-05-14, 19:11:48  iter: 24200, loss: 0.007260
2024-05-14, 19:11:58  iter: 24300, loss: 0.008695
2024-05-14, 19:12:08  iter: 24400, loss: 0.008633
2024-05-14, 19:12:18  iter: 24500, loss: 0.010369
2024-05-14, 19:12:28  iter: 24600, loss: 0.008896
2024-05-14, 19:12:38  iter: 24700, loss: 0.009424
2024-05-14, 19:12:48  iter: 24800, loss: 0.008403
2024-05-14, 19:12:59  iter: 24900, loss: 0.007689
2024-05-14, 19:13:09  iter: 25000, loss: 0.008869
2024-05-14, 19:13:09  iter: 25000, 
2024-05-14, 19:13:19  iter: 25100, loss: 0.009841
2024-05-14, 19:13:29  iter: 25200, loss: 0.011899
2024-05-14, 19:13:40  iter: 25300, loss: 0.009561
2024-05-14, 19:13:50  iter: 25400, loss: 0.010440
2024-05-14, 19:14:00  iter: 25500, loss: 0.008429
2024-05-14, 19:14:11  iter: 25600, loss: 0.008137
2024-05-14, 19:14:21  iter: 25700, loss: 0.009465
2024-05-14, 19:14:31  iter: 25800, loss: 0.008190
2024-05-14, 19:14:42  iter: 25900, loss: 0.011114
2024-05-14, 19:14:52  iter: 26000, loss: 0.006865
2024-05-14, 19:15:02  iter: 26100, loss: 0.009422
2024-05-14, 19:15:12  iter: 26200, loss: 0.007475
2024-05-14, 19:15:22  iter: 26300, loss: 0.006620
2024-05-14, 19:15:32  iter: 26400, loss: 0.009468
2024-05-14, 19:15:43  iter: 26500, loss: 0.008908
2024-05-14, 19:15:53  iter: 26600, loss: 0.012160
2024-05-14, 19:16:03  iter: 26700, loss: 0.008247
2024-05-14, 19:16:14  iter: 26800, loss: 0.010504
2024-05-14, 19:16:24  iter: 26900, loss: 0.010096
2024-05-14, 19:16:34  iter: 27000, loss: 0.009242
2024-05-14, 19:16:45  iter: 27100, loss: 0.009243
2024-05-14, 19:16:55  iter: 27200, loss: 0.007737
2024-05-14, 19:17:05  iter: 27300, loss: 0.008915
2024-05-14, 19:17:16  iter: 27400, loss: 0.007507
2024-05-14, 19:17:26  iter: 27500, loss: 0.008018
2024-05-14, 19:17:36  iter: 27600, loss: 0.008968
2024-05-14, 19:17:46  iter: 27700, loss: 0.006737
2024-05-14, 19:17:56  iter: 27800, loss: 0.008939
2024-05-14, 19:18:07  iter: 27900, loss: 0.009942
2024-05-14, 19:18:17  iter: 28000, loss: 0.009523
2024-05-14, 19:18:27  iter: 28100, loss: 0.008103
2024-05-14, 19:18:37  iter: 28200, loss: 0.007197
2024-05-14, 19:18:47  iter: 28300, loss: 0.007180
2024-05-14, 19:18:58  iter: 28400, loss: 0.007939
2024-05-14, 19:19:08  iter: 28500, loss: 0.008568
2024-05-14, 19:19:18  iter: 28600, loss: 0.009665
2024-05-14, 19:19:28  iter: 28700, loss: 0.009253
2024-05-14, 19:19:38  iter: 28800, loss: 0.007768
2024-05-14, 19:19:48  iter: 28900, loss: 0.011283
2024-05-14, 19:19:58  iter: 29000, loss: 0.008843
2024-05-14, 19:20:08  iter: 29100, loss: 0.007105
2024-05-14, 19:20:18  iter: 29200, loss: 0.009177
2024-05-14, 19:20:29  iter: 29300, loss: 0.008716
2024-05-14, 19:20:39  iter: 29400, loss: 0.006731
2024-05-14, 19:20:49  iter: 29500, loss: 0.007722
2024-05-14, 19:20:59  iter: 29600, loss: 0.008745
2024-05-14, 19:21:10  iter: 29700, loss: 0.007327
2024-05-14, 19:21:20  iter: 29800, loss: 0.008461
2024-05-14, 19:21:30  iter: 29900, loss: 0.006153
2024-05-14, 19:21:40  iter: 30000, loss: 0.010178
2024-05-14, 19:21:40  iter: 30000, 
