    model: ThreeStageModel
    iter: 0
    networks: 
        name: BNN
        type: BNN
        args: 
            blindspot: 9
        name: LAN
        type: LAN
        args: 
            blindspot: 3
        name: UNet
        type: UNet
        args: 
    train_datasets: 
        type: BaseDatasetCARENoisy
        args: 
            name: flywing
            split: train_idx
        batch_size: 16
    validation_datasets: 
    lr: 0.0003
    print_every: 1000
    save_every: 50000
    validate_every: 50000
    BNN_iters: 300000
    LAN_iters: 300000
    UNet_iters: 300000
    num_iters: 900000
    log_dir: /home/schaudhary/siva_projects/SpatiallyAdaptiveSSID/logs/train_care_flywing_2
    log_file: /home/schaudhary/siva_projects/SpatiallyAdaptiveSSID/logs/train_care_flywing_2/log.out
2024-05-15, 18:17:57  iter: 1000, loss: 0.160569
2024-05-15, 18:19:05  iter: 2000, loss: 0.159876
2024-05-15, 18:20:14  iter: 3000, loss: 0.159017
2024-05-15, 18:21:23  iter: 4000, loss: 0.155462
2024-05-15, 18:22:32  iter: 5000, loss: 0.162232
2024-05-15, 18:23:41  iter: 6000, loss: 0.158016
2024-05-15, 18:24:50  iter: 7000, loss: 0.152365
2024-05-15, 18:25:59  iter: 8000, loss: 0.157698
2024-05-15, 18:27:08  iter: 9000, loss: 0.158422
2024-05-15, 18:28:17  iter: 10000, loss: 0.149530
2024-05-15, 18:29:26  iter: 11000, loss: 0.157693
2024-05-15, 18:30:35  iter: 12000, loss: 0.161977
2024-05-15, 18:31:44  iter: 13000, loss: 0.155891
2024-05-15, 18:32:53  iter: 14000, loss: 0.154588
2024-05-15, 18:34:01  iter: 15000, loss: 0.157087
2024-05-15, 18:35:10  iter: 16000, loss: 0.156570
2024-05-15, 18:36:19  iter: 17000, loss: 0.155106
2024-05-15, 18:37:27  iter: 18000, loss: 0.161865
2024-05-15, 18:38:36  iter: 19000, loss: 0.158348
2024-05-15, 18:39:45  iter: 20000, loss: 0.161287
2024-05-15, 18:40:55  iter: 21000, loss: 0.152513
2024-05-15, 18:42:03  iter: 22000, loss: 0.155345
2024-05-15, 18:43:12  iter: 23000, loss: 0.149594
2024-05-15, 18:44:21  iter: 24000, loss: 0.155807
2024-05-15, 18:45:30  iter: 25000, loss: 0.156546
2024-05-15, 18:46:39  iter: 26000, loss: 0.161960
2024-05-15, 18:47:48  iter: 27000, loss: 0.152230
2024-05-15, 18:48:57  iter: 28000, loss: 0.151778
2024-05-15, 18:50:06  iter: 29000, loss: 0.155902
2024-05-15, 18:51:15  iter: 30000, loss: 0.157985
2024-05-15, 18:52:24  iter: 31000, loss: 0.158582
2024-05-15, 18:53:33  iter: 32000, loss: 0.158273
2024-05-15, 18:54:42  iter: 33000, loss: 0.146226
2024-05-15, 18:55:51  iter: 34000, loss: 0.152505
2024-05-15, 18:57:00  iter: 35000, loss: 0.151774
2024-05-15, 18:58:09  iter: 36000, loss: 0.152281
2024-05-15, 18:59:18  iter: 37000, loss: 0.158017
2024-05-15, 19:00:28  iter: 38000, loss: 0.150785
2024-05-15, 19:01:37  iter: 39000, loss: 0.160336
2024-05-15, 19:02:46  iter: 40000, loss: 0.153413
2024-05-15, 19:03:55  iter: 41000, loss: 0.152750
2024-05-15, 19:05:04  iter: 42000, loss: 0.150574
2024-05-15, 19:06:13  iter: 43000, loss: 0.159912
2024-05-15, 19:07:22  iter: 44000, loss: 0.156682
2024-05-15, 19:08:31  iter: 45000, loss: 0.158175
2024-05-15, 19:09:40  iter: 46000, loss: 0.154708
2024-05-15, 19:10:49  iter: 47000, loss: 0.159303
2024-05-15, 19:11:58  iter: 48000, loss: 0.156241
2024-05-15, 19:13:07  iter: 49000, loss: 0.149451
2024-05-15, 19:14:16  iter: 50000, loss: 0.154849
2024-05-15, 19:14:17  iter: 50000, 
2024-05-15, 19:15:26  iter: 51000, loss: 0.151645
2024-05-15, 19:16:35  iter: 52000, loss: 0.156381
2024-05-15, 19:17:44  iter: 53000, loss: 0.156465
2024-05-15, 19:18:52  iter: 54000, loss: 0.158565
2024-05-15, 19:20:01  iter: 55000, loss: 0.156297
2024-05-15, 19:21:11  iter: 56000, loss: 0.152557
2024-05-15, 19:22:20  iter: 57000, loss: 0.153617
2024-05-15, 19:23:29  iter: 58000, loss: 0.162081
2024-05-15, 19:24:38  iter: 59000, loss: 0.151507
2024-05-15, 19:25:47  iter: 60000, loss: 0.156618
2024-05-15, 19:26:56  iter: 61000, loss: 0.153904
2024-05-15, 19:28:05  iter: 62000, loss: 0.152618
2024-05-15, 19:29:14  iter: 63000, loss: 0.161458
2024-05-15, 19:30:23  iter: 64000, loss: 0.158146
2024-05-15, 19:31:32  iter: 65000, loss: 0.152094
2024-05-15, 19:32:41  iter: 66000, loss: 0.153955
2024-05-15, 19:33:50  iter: 67000, loss: 0.163337
2024-05-15, 19:34:59  iter: 68000, loss: 0.154774
2024-05-15, 19:36:08  iter: 69000, loss: 0.151619
2024-05-15, 19:37:17  iter: 70000, loss: 0.154071
2024-05-15, 19:38:25  iter: 71000, loss: 0.154218
2024-05-15, 19:39:34  iter: 72000, loss: 0.161736
2024-05-15, 19:40:43  iter: 73000, loss: 0.153332
2024-05-15, 19:41:52  iter: 74000, loss: 0.156999
2024-05-15, 19:43:00  iter: 75000, loss: 0.152881
2024-05-15, 19:44:09  iter: 76000, loss: 0.154046
2024-05-15, 19:45:17  iter: 77000, loss: 0.157636
2024-05-15, 19:46:26  iter: 78000, loss: 0.161437
2024-05-15, 19:47:35  iter: 79000, loss: 0.160930
2024-05-15, 19:48:44  iter: 80000, loss: 0.158042
2024-05-15, 19:49:53  iter: 81000, loss: 0.155406
2024-05-15, 19:51:02  iter: 82000, loss: 0.154236
2024-05-15, 19:52:11  iter: 83000, loss: 0.155437
2024-05-15, 19:53:20  iter: 84000, loss: 0.159050
2024-05-15, 19:54:29  iter: 85000, loss: 0.156433
2024-05-15, 19:55:38  iter: 86000, loss: 0.156361
2024-05-15, 19:56:48  iter: 87000, loss: 0.153270
2024-05-15, 19:57:56  iter: 88000, loss: 0.161157
2024-05-15, 19:59:06  iter: 89000, loss: 0.157138
2024-05-15, 20:00:15  iter: 90000, loss: 0.152162
2024-05-15, 20:01:24  iter: 91000, loss: 0.150872
2024-05-15, 20:02:32  iter: 92000, loss: 0.156311
2024-05-15, 20:03:41  iter: 93000, loss: 0.145372
2024-05-15, 20:04:50  iter: 94000, loss: 0.162237
2024-05-15, 20:05:59  iter: 95000, loss: 0.160820
2024-05-15, 20:07:08  iter: 96000, loss: 0.153442
2024-05-15, 20:08:17  iter: 97000, loss: 0.156485
2024-05-15, 20:09:26  iter: 98000, loss: 0.150000
2024-05-15, 20:10:35  iter: 99000, loss: 0.154172
2024-05-15, 20:11:45  iter: 100000, loss: 0.158504
2024-05-15, 20:11:45  iter: 100000, 
2024-05-15, 20:12:54  iter: 101000, loss: 0.160451
2024-05-15, 20:14:03  iter: 102000, loss: 0.152044
2024-05-15, 20:15:12  iter: 103000, loss: 0.154065
2024-05-15, 20:16:21  iter: 104000, loss: 0.156650
2024-05-15, 20:17:29  iter: 105000, loss: 0.153465
2024-05-15, 20:18:38  iter: 106000, loss: 0.157265
2024-05-15, 20:19:47  iter: 107000, loss: 0.151027
2024-05-15, 20:20:56  iter: 108000, loss: 0.148251
2024-05-15, 20:22:05  iter: 109000, loss: 0.156111
2024-05-15, 20:23:14  iter: 110000, loss: 0.160073
2024-05-15, 20:24:24  iter: 111000, loss: 0.155537
2024-05-15, 20:25:33  iter: 112000, loss: 0.156208
2024-05-15, 20:26:42  iter: 113000, loss: 0.155217
2024-05-15, 20:27:51  iter: 114000, loss: 0.150973
2024-05-15, 20:29:00  iter: 115000, loss: 0.153452
2024-05-15, 20:30:09  iter: 116000, loss: 0.157072
2024-05-15, 20:31:18  iter: 117000, loss: 0.150905
2024-05-15, 20:32:27  iter: 118000, loss: 0.158756
2024-05-15, 20:33:37  iter: 119000, loss: 0.151253
2024-05-15, 20:34:45  iter: 120000, loss: 0.153998
2024-05-15, 20:35:54  iter: 121000, loss: 0.155816
2024-05-15, 20:37:03  iter: 122000, loss: 0.152580
2024-05-15, 20:38:12  iter: 123000, loss: 0.154165
2024-05-15, 20:39:21  iter: 124000, loss: 0.155135
2024-05-15, 20:40:30  iter: 125000, loss: 0.156346
2024-05-15, 20:41:40  iter: 126000, loss: 0.160089
2024-05-15, 20:42:48  iter: 127000, loss: 0.157607
2024-05-15, 20:43:57  iter: 128000, loss: 0.157532
2024-05-15, 20:45:06  iter: 129000, loss: 0.154376
2024-05-15, 20:46:15  iter: 130000, loss: 0.148869
2024-05-15, 20:47:25  iter: 131000, loss: 0.152061
2024-05-15, 20:48:33  iter: 132000, loss: 0.151320
2024-05-15, 20:49:42  iter: 133000, loss: 0.154935
2024-05-15, 20:50:52  iter: 134000, loss: 0.151547
2024-05-15, 20:52:01  iter: 135000, loss: 0.155444
2024-05-15, 20:53:10  iter: 136000, loss: 0.159078
2024-05-15, 20:54:19  iter: 137000, loss: 0.151111
2024-05-15, 20:55:27  iter: 138000, loss: 0.161796
2024-05-15, 20:56:36  iter: 139000, loss: 0.162207
2024-05-15, 20:57:46  iter: 140000, loss: 0.154197
2024-05-15, 20:58:55  iter: 141000, loss: 0.155546
2024-05-15, 21:00:04  iter: 142000, loss: 0.158583
2024-05-15, 21:01:12  iter: 143000, loss: 0.154572
2024-05-15, 21:02:21  iter: 144000, loss: 0.157875
2024-05-15, 21:03:30  iter: 145000, loss: 0.152254
2024-05-15, 21:04:39  iter: 146000, loss: 0.153481
2024-05-15, 21:05:48  iter: 147000, loss: 0.152229
2024-05-15, 21:06:57  iter: 148000, loss: 0.151469
2024-05-15, 21:08:06  iter: 149000, loss: 0.154938
2024-05-15, 21:09:16  iter: 150000, loss: 0.153973
2024-05-15, 21:09:16  iter: 150000, 
2024-05-15, 21:10:25  iter: 151000, loss: 0.152487
2024-05-15, 21:11:34  iter: 152000, loss: 0.161363
2024-05-15, 21:12:43  iter: 153000, loss: 0.161132
2024-05-15, 21:13:52  iter: 154000, loss: 0.152897
2024-05-15, 21:15:00  iter: 155000, loss: 0.156616
2024-05-15, 21:16:10  iter: 156000, loss: 0.155631
2024-05-15, 21:17:19  iter: 157000, loss: 0.163078
2024-05-15, 21:18:28  iter: 158000, loss: 0.159031
2024-05-15, 21:19:37  iter: 159000, loss: 0.155771
2024-05-15, 21:20:46  iter: 160000, loss: 0.158048
2024-05-15, 21:21:55  iter: 161000, loss: 0.149184
2024-05-15, 21:23:04  iter: 162000, loss: 0.160418
2024-05-15, 21:24:12  iter: 163000, loss: 0.159123
2024-05-15, 21:25:21  iter: 164000, loss: 0.161332
2024-05-15, 21:26:30  iter: 165000, loss: 0.156633
2024-05-15, 21:27:39  iter: 166000, loss: 0.159213
2024-05-15, 21:28:48  iter: 167000, loss: 0.159149
2024-05-15, 21:29:57  iter: 168000, loss: 0.154178
2024-05-15, 21:31:06  iter: 169000, loss: 0.157283
2024-05-15, 21:32:15  iter: 170000, loss: 0.162645
2024-05-15, 21:33:24  iter: 171000, loss: 0.155291
2024-05-15, 21:34:33  iter: 172000, loss: 0.152860
2024-05-15, 21:35:43  iter: 173000, loss: 0.151828
2024-05-15, 21:36:52  iter: 174000, loss: 0.155243
2024-05-15, 21:38:01  iter: 175000, loss: 0.157632
2024-05-15, 21:39:10  iter: 176000, loss: 0.149987
2024-05-15, 21:40:19  iter: 177000, loss: 0.154079
2024-05-15, 21:41:28  iter: 178000, loss: 0.158265
2024-05-15, 21:42:37  iter: 179000, loss: 0.151141
2024-05-15, 21:43:46  iter: 180000, loss: 0.153011
2024-05-15, 21:44:55  iter: 181000, loss: 0.151475
2024-05-15, 21:46:04  iter: 182000, loss: 0.156961
2024-05-15, 21:47:13  iter: 183000, loss: 0.148731
2024-05-15, 21:48:22  iter: 184000, loss: 0.153489
2024-05-15, 21:49:31  iter: 185000, loss: 0.157047
2024-05-15, 21:50:40  iter: 186000, loss: 0.152041
2024-05-15, 21:51:49  iter: 187000, loss: 0.150805
2024-05-15, 21:52:58  iter: 188000, loss: 0.161389
2024-05-15, 21:54:07  iter: 189000, loss: 0.149943
2024-05-15, 21:55:16  iter: 190000, loss: 0.153013
2024-05-15, 21:56:25  iter: 191000, loss: 0.145908
2024-05-15, 21:57:34  iter: 192000, loss: 0.156999
2024-05-15, 21:58:43  iter: 193000, loss: 0.159388
2024-05-15, 21:59:52  iter: 194000, loss: 0.159903
2024-05-15, 22:01:01  iter: 195000, loss: 0.153640
2024-05-15, 22:02:10  iter: 196000, loss: 0.156054
2024-05-15, 22:03:19  iter: 197000, loss: 0.158020
2024-05-15, 22:04:28  iter: 198000, loss: 0.155872
2024-05-15, 22:05:38  iter: 199000, loss: 0.153293
2024-05-15, 22:06:47  iter: 200000, loss: 0.152399
2024-05-15, 22:06:47  iter: 200000, 
2024-05-15, 22:07:56  iter: 201000, loss: 0.153326
2024-05-15, 22:09:05  iter: 202000, loss: 0.162825
2024-05-15, 22:10:14  iter: 203000, loss: 0.152663
2024-05-15, 22:11:23  iter: 204000, loss: 0.150034
2024-05-15, 22:12:31  iter: 205000, loss: 0.156575
2024-05-15, 22:13:40  iter: 206000, loss: 0.155249
2024-05-15, 22:14:49  iter: 207000, loss: 0.154012
2024-05-15, 22:15:58  iter: 208000, loss: 0.154791
2024-05-15, 22:17:07  iter: 209000, loss: 0.156822
2024-05-15, 22:18:16  iter: 210000, loss: 0.151933
2024-05-15, 22:19:25  iter: 211000, loss: 0.157449
2024-05-15, 22:20:34  iter: 212000, loss: 0.157229
2024-05-15, 22:21:43  iter: 213000, loss: 0.152877
2024-05-15, 22:22:52  iter: 214000, loss: 0.158694
2024-05-15, 22:24:00  iter: 215000, loss: 0.160525
2024-05-15, 22:25:09  iter: 216000, loss: 0.153662
2024-05-15, 22:26:18  iter: 217000, loss: 0.159843
2024-05-15, 22:27:27  iter: 218000, loss: 0.151085
2024-05-15, 22:28:35  iter: 219000, loss: 0.149602
2024-05-15, 22:29:44  iter: 220000, loss: 0.152698
2024-05-15, 22:30:53  iter: 221000, loss: 0.159059
2024-05-15, 22:32:02  iter: 222000, loss: 0.145657
2024-05-15, 22:33:11  iter: 223000, loss: 0.153434
2024-05-15, 22:34:20  iter: 224000, loss: 0.159025
2024-05-15, 22:35:29  iter: 225000, loss: 0.153146
2024-05-15, 22:36:38  iter: 226000, loss: 0.150944
2024-05-15, 22:37:48  iter: 227000, loss: 0.152162
2024-05-15, 22:38:57  iter: 228000, loss: 0.148356
2024-05-15, 22:40:06  iter: 229000, loss: 0.157640
2024-05-15, 22:41:15  iter: 230000, loss: 0.160936
2024-05-15, 22:42:24  iter: 231000, loss: 0.160615
2024-05-15, 22:43:33  iter: 232000, loss: 0.154471
2024-05-15, 22:44:42  iter: 233000, loss: 0.153643
2024-05-15, 22:45:51  iter: 234000, loss: 0.147064
2024-05-15, 22:47:00  iter: 235000, loss: 0.156355
2024-05-15, 22:48:09  iter: 236000, loss: 0.153121
2024-05-15, 22:49:17  iter: 237000, loss: 0.158220
2024-05-15, 22:50:26  iter: 238000, loss: 0.158113
2024-05-15, 22:51:35  iter: 239000, loss: 0.155833
2024-05-15, 22:52:44  iter: 240000, loss: 0.152517
2024-05-15, 22:53:53  iter: 241000, loss: 0.153341
2024-05-15, 22:55:02  iter: 242000, loss: 0.153906
2024-05-15, 22:56:11  iter: 243000, loss: 0.154771
2024-05-15, 22:57:20  iter: 244000, loss: 0.157390
2024-05-15, 22:58:30  iter: 245000, loss: 0.155895
2024-05-15, 22:59:39  iter: 246000, loss: 0.155282
2024-05-15, 23:00:48  iter: 247000, loss: 0.154755
2024-05-15, 23:01:57  iter: 248000, loss: 0.158737
2024-05-15, 23:03:07  iter: 249000, loss: 0.155030
2024-05-15, 23:04:16  iter: 250000, loss: 0.150894
2024-05-15, 23:04:16  iter: 250000, 
2024-05-15, 23:05:25  iter: 251000, loss: 0.157930
2024-05-15, 23:06:35  iter: 252000, loss: 0.159867
2024-05-15, 23:07:44  iter: 253000, loss: 0.152707
2024-05-15, 23:08:53  iter: 254000, loss: 0.157547
2024-05-15, 23:10:02  iter: 255000, loss: 0.154835
2024-05-15, 23:11:11  iter: 256000, loss: 0.153375
2024-05-15, 23:12:20  iter: 257000, loss: 0.154077
2024-05-15, 23:13:29  iter: 258000, loss: 0.154067
2024-05-15, 23:14:38  iter: 259000, loss: 0.156929
2024-05-15, 23:15:47  iter: 260000, loss: 0.157090
2024-05-15, 23:16:56  iter: 261000, loss: 0.148750
2024-05-15, 23:18:05  iter: 262000, loss: 0.155141
2024-05-15, 23:19:13  iter: 263000, loss: 0.157738
2024-05-15, 23:20:22  iter: 264000, loss: 0.156396
2024-05-15, 23:21:32  iter: 265000, loss: 0.151576
2024-05-15, 23:22:40  iter: 266000, loss: 0.153513
2024-05-15, 23:23:49  iter: 267000, loss: 0.147231
2024-05-15, 23:24:58  iter: 268000, loss: 0.154410
2024-05-15, 23:26:07  iter: 269000, loss: 0.149868
2024-05-15, 23:27:16  iter: 270000, loss: 0.154096
2024-05-15, 23:28:25  iter: 271000, loss: 0.149161
2024-05-15, 23:29:34  iter: 272000, loss: 0.158103
2024-05-15, 23:30:42  iter: 273000, loss: 0.159443
2024-05-15, 23:31:51  iter: 274000, loss: 0.157763
2024-05-15, 23:33:00  iter: 275000, loss: 0.162066
2024-05-15, 23:34:08  iter: 276000, loss: 0.154257
2024-05-15, 23:35:17  iter: 277000, loss: 0.159828
2024-05-15, 23:36:26  iter: 278000, loss: 0.155948
2024-05-15, 23:37:34  iter: 279000, loss: 0.154119
2024-05-15, 23:38:43  iter: 280000, loss: 0.151872
2024-05-15, 23:39:52  iter: 281000, loss: 0.150790
2024-05-15, 23:41:02  iter: 282000, loss: 0.152437
2024-05-15, 23:42:11  iter: 283000, loss: 0.154256
2024-05-15, 23:43:20  iter: 284000, loss: 0.152111
2024-05-15, 23:44:29  iter: 285000, loss: 0.150516
2024-05-15, 23:45:38  iter: 286000, loss: 0.148089
2024-05-15, 23:46:47  iter: 287000, loss: 0.147238
2024-05-15, 23:47:56  iter: 288000, loss: 0.159980
2024-05-15, 23:49:05  iter: 289000, loss: 0.148366
2024-05-15, 23:50:14  iter: 290000, loss: 0.153335
2024-05-15, 23:51:22  iter: 291000, loss: 0.151949
2024-05-15, 23:52:31  iter: 292000, loss: 0.153770
2024-05-15, 23:53:41  iter: 293000, loss: 0.152310
2024-05-15, 23:54:50  iter: 294000, loss: 0.155330
2024-05-15, 23:55:59  iter: 295000, loss: 0.156193
2024-05-15, 23:57:08  iter: 296000, loss: 0.160647
2024-05-15, 23:58:17  iter: 297000, loss: 0.145751
2024-05-15, 23:59:26  iter: 298000, loss: 0.151328
2024-05-16, 00:00:35  iter: 299000, loss: 0.152709
2024-05-16, 00:01:44  iter: 300000, loss: 0.151891
2024-05-16, 00:01:44  iter: 300000, 
2024-05-16, 00:03:07  iter: 301000, loss: 0.056754
2024-05-16, 00:04:30  iter: 302000, loss: 0.043130
2024-05-16, 00:05:52  iter: 303000, loss: 0.040321
2024-05-16, 00:07:14  iter: 304000, loss: 0.037595
2024-05-16, 00:08:37  iter: 305000, loss: 0.045510
2024-05-16, 00:10:01  iter: 306000, loss: 0.042781
2024-05-16, 00:11:20  iter: 307000, loss: 0.042776
2024-05-16, 00:12:41  iter: 308000, loss: 0.038418
2024-05-16, 00:14:02  iter: 309000, loss: 0.042507
2024-05-16, 00:15:23  iter: 310000, loss: 0.038953
2024-05-16, 00:16:46  iter: 311000, loss: 0.038243
2024-05-16, 00:18:07  iter: 312000, loss: 0.044862
2024-05-16, 00:19:30  iter: 313000, loss: 0.040525
2024-05-16, 00:20:51  iter: 314000, loss: 0.039495
2024-05-16, 00:22:15  iter: 315000, loss: 0.041213
2024-05-16, 00:23:37  iter: 316000, loss: 0.040709
2024-05-16, 00:25:01  iter: 317000, loss: 0.040121
2024-05-16, 00:26:24  iter: 318000, loss: 0.041445
2024-05-16, 00:27:45  iter: 319000, loss: 0.043212
2024-05-16, 00:29:06  iter: 320000, loss: 0.038172
2024-05-16, 00:30:26  iter: 321000, loss: 0.044726
2024-05-16, 00:31:47  iter: 322000, loss: 0.043398
2024-05-16, 00:33:10  iter: 323000, loss: 0.039097
2024-05-16, 00:34:33  iter: 324000, loss: 0.039405
2024-05-16, 00:35:54  iter: 325000, loss: 0.038232
2024-05-16, 00:37:15  iter: 326000, loss: 0.039152
2024-05-16, 00:38:38  iter: 327000, loss: 0.037620
2024-05-16, 00:40:00  iter: 328000, loss: 0.039630
2024-05-16, 00:41:22  iter: 329000, loss: 0.035690
2024-05-16, 00:42:44  iter: 330000, loss: 0.037391
2024-05-16, 00:44:06  iter: 331000, loss: 0.038129
2024-05-16, 00:45:28  iter: 332000, loss: 0.040299
2024-05-16, 00:46:50  iter: 333000, loss: 0.038886
2024-05-16, 00:48:12  iter: 334000, loss: 0.038707
2024-05-16, 00:49:33  iter: 335000, loss: 0.038079
2024-05-16, 00:50:57  iter: 336000, loss: 0.036805
2024-05-16, 00:52:21  iter: 337000, loss: 0.041354
2024-05-16, 00:53:42  iter: 338000, loss: 0.038337
2024-05-16, 00:55:03  iter: 339000, loss: 0.038287
2024-05-16, 00:56:25  iter: 340000, loss: 0.042997
2024-05-16, 00:57:48  iter: 341000, loss: 0.039023
2024-05-16, 00:59:10  iter: 342000, loss: 0.043328
2024-05-16, 01:00:30  iter: 343000, loss: 0.038329
2024-05-16, 01:01:54  iter: 344000, loss: 0.039011
2024-05-16, 01:03:14  iter: 345000, loss: 0.039788
2024-05-16, 01:04:38  iter: 346000, loss: 0.039289
2024-05-16, 01:06:01  iter: 347000, loss: 0.041927
2024-05-16, 01:07:24  iter: 348000, loss: 0.041598
2024-05-16, 01:08:45  iter: 349000, loss: 0.039837
2024-05-16, 01:10:06  iter: 350000, loss: 0.037064
2024-05-16, 01:10:06  iter: 350000, 
2024-05-16, 01:11:30  iter: 351000, loss: 0.038977
2024-05-16, 01:12:53  iter: 352000, loss: 0.036870
2024-05-16, 01:14:14  iter: 353000, loss: 0.039900
2024-05-16, 01:15:35  iter: 354000, loss: 0.040016
2024-05-16, 01:16:57  iter: 355000, loss: 0.039267
2024-05-16, 01:18:20  iter: 356000, loss: 0.037785
2024-05-16, 01:19:42  iter: 357000, loss: 0.047741
2024-05-16, 01:21:04  iter: 358000, loss: 0.040754
2024-05-16, 01:22:24  iter: 359000, loss: 0.040608
2024-05-16, 01:23:45  iter: 360000, loss: 0.041359
2024-05-16, 01:25:07  iter: 361000, loss: 0.037196
2024-05-16, 01:26:27  iter: 362000, loss: 0.036439
2024-05-16, 01:27:50  iter: 363000, loss: 0.041413
2024-05-16, 01:29:12  iter: 364000, loss: 0.040223
2024-05-16, 01:30:33  iter: 365000, loss: 0.045615
2024-05-16, 01:31:55  iter: 366000, loss: 0.038475
2024-05-16, 01:33:17  iter: 367000, loss: 0.038797
2024-05-16, 01:34:40  iter: 368000, loss: 0.040334
2024-05-16, 01:36:02  iter: 369000, loss: 0.038202
2024-05-16, 01:37:24  iter: 370000, loss: 0.046794
2024-05-16, 01:38:44  iter: 371000, loss: 0.043043
2024-05-16, 01:40:05  iter: 372000, loss: 0.039715
2024-05-16, 01:41:25  iter: 373000, loss: 0.039081
2024-05-16, 01:42:47  iter: 374000, loss: 0.041518
2024-05-16, 01:44:11  iter: 375000, loss: 0.038049
2024-05-16, 01:45:30  iter: 376000, loss: 0.040150
2024-05-16, 01:46:51  iter: 377000, loss: 0.039951
2024-05-16, 01:48:13  iter: 378000, loss: 0.041488
2024-05-16, 01:49:34  iter: 379000, loss: 0.044739
2024-05-16, 01:50:56  iter: 380000, loss: 0.038353
2024-05-16, 01:52:16  iter: 381000, loss: 0.037820
2024-05-16, 01:53:39  iter: 382000, loss: 0.038742
2024-05-16, 01:55:01  iter: 383000, loss: 0.042274
2024-05-16, 01:56:22  iter: 384000, loss: 0.039174
2024-05-16, 01:57:43  iter: 385000, loss: 0.041193
2024-05-16, 01:59:04  iter: 386000, loss: 0.037808
2024-05-16, 02:00:26  iter: 387000, loss: 0.039732
2024-05-16, 02:01:48  iter: 388000, loss: 0.039480
2024-05-16, 02:03:11  iter: 389000, loss: 0.038121
2024-05-16, 02:04:34  iter: 390000, loss: 0.038966
2024-05-16, 02:05:55  iter: 391000, loss: 0.040469
2024-05-16, 02:07:18  iter: 392000, loss: 0.038431
2024-05-16, 02:08:40  iter: 393000, loss: 0.036430
2024-05-16, 02:10:04  iter: 394000, loss: 0.037902
2024-05-16, 02:11:25  iter: 395000, loss: 0.038008
2024-05-16, 02:12:48  iter: 396000, loss: 0.041750
2024-05-16, 02:14:11  iter: 397000, loss: 0.039650
2024-05-16, 02:15:33  iter: 398000, loss: 0.040190
2024-05-16, 02:16:54  iter: 399000, loss: 0.039851
2024-05-16, 02:18:16  iter: 400000, loss: 0.045717
2024-05-16, 02:18:16  iter: 400000, 
2024-05-16, 02:19:38  iter: 401000, loss: 0.040564
2024-05-16, 02:20:59  iter: 402000, loss: 0.040066
2024-05-16, 02:22:21  iter: 403000, loss: 0.043112
2024-05-16, 02:23:43  iter: 404000, loss: 0.039466
2024-05-16, 02:25:05  iter: 405000, loss: 0.041327
2024-05-16, 02:26:28  iter: 406000, loss: 0.035407
2024-05-16, 02:27:50  iter: 407000, loss: 0.040227
2024-05-16, 02:29:12  iter: 408000, loss: 0.037812
2024-05-16, 02:30:33  iter: 409000, loss: 0.040274
2024-05-16, 02:31:55  iter: 410000, loss: 0.040732
2024-05-16, 02:33:17  iter: 411000, loss: 0.038624
2024-05-16, 02:34:40  iter: 412000, loss: 0.039530
2024-05-16, 02:36:00  iter: 413000, loss: 0.039069
2024-05-16, 02:37:22  iter: 414000, loss: 0.038931
2024-05-16, 02:38:43  iter: 415000, loss: 0.039637
2024-05-16, 02:40:06  iter: 416000, loss: 0.042315
2024-05-16, 02:41:27  iter: 417000, loss: 0.042126
2024-05-16, 02:42:48  iter: 418000, loss: 0.038854
2024-05-16, 02:44:12  iter: 419000, loss: 0.038713
2024-05-16, 02:45:34  iter: 420000, loss: 0.042807
2024-05-16, 02:46:55  iter: 421000, loss: 0.038453
2024-05-16, 02:48:18  iter: 422000, loss: 0.043714
2024-05-16, 02:49:39  iter: 423000, loss: 0.041810
2024-05-16, 02:50:59  iter: 424000, loss: 0.040745
2024-05-16, 02:52:21  iter: 425000, loss: 0.038280
2024-05-16, 02:53:43  iter: 426000, loss: 0.037158
2024-05-16, 02:55:04  iter: 427000, loss: 0.039417
2024-05-16, 02:56:26  iter: 428000, loss: 0.041013
2024-05-16, 02:57:47  iter: 429000, loss: 0.039810
2024-05-16, 02:59:09  iter: 430000, loss: 0.041643
2024-05-16, 03:00:32  iter: 431000, loss: 0.042653
2024-05-16, 03:01:55  iter: 432000, loss: 0.038015
2024-05-16, 03:03:16  iter: 433000, loss: 0.039693
2024-05-16, 03:04:38  iter: 434000, loss: 0.040037
2024-05-16, 03:06:01  iter: 435000, loss: 0.043791
2024-05-16, 03:07:23  iter: 436000, loss: 0.035498
2024-05-16, 03:08:45  iter: 437000, loss: 0.038234
2024-05-16, 03:10:07  iter: 438000, loss: 0.036263
2024-05-16, 03:11:29  iter: 439000, loss: 0.041106
2024-05-16, 03:12:50  iter: 440000, loss: 0.040755
2024-05-16, 03:14:12  iter: 441000, loss: 0.041151
2024-05-16, 03:15:33  iter: 442000, loss: 0.041646
2024-05-16, 03:16:53  iter: 443000, loss: 0.040371
2024-05-16, 03:18:15  iter: 444000, loss: 0.039250
2024-05-16, 03:19:37  iter: 445000, loss: 0.038620
2024-05-16, 03:20:58  iter: 446000, loss: 0.040213
2024-05-16, 03:22:19  iter: 447000, loss: 0.040095
2024-05-16, 03:23:39  iter: 448000, loss: 0.039949
2024-05-16, 03:25:00  iter: 449000, loss: 0.038602
2024-05-16, 03:26:19  iter: 450000, loss: 0.038916
2024-05-16, 03:26:20  iter: 450000, 
2024-05-16, 03:27:41  iter: 451000, loss: 0.040926
2024-05-16, 03:29:02  iter: 452000, loss: 0.039859
2024-05-16, 03:30:24  iter: 453000, loss: 0.040309
2024-05-16, 03:31:47  iter: 454000, loss: 0.041250
2024-05-16, 03:33:10  iter: 455000, loss: 0.036405
2024-05-16, 03:34:30  iter: 456000, loss: 0.040221
2024-05-16, 03:35:53  iter: 457000, loss: 0.041321
2024-05-16, 03:37:15  iter: 458000, loss: 0.037809
2024-05-16, 03:38:36  iter: 459000, loss: 0.038904
2024-05-16, 03:39:57  iter: 460000, loss: 0.039582
2024-05-16, 03:41:19  iter: 461000, loss: 0.039912
2024-05-16, 03:42:42  iter: 462000, loss: 0.040484
2024-05-16, 03:44:03  iter: 463000, loss: 0.037210
2024-05-16, 03:45:25  iter: 464000, loss: 0.040128
2024-05-16, 03:46:47  iter: 465000, loss: 0.038318
2024-05-16, 03:48:07  iter: 466000, loss: 0.040614
2024-05-16, 03:49:28  iter: 467000, loss: 0.044398
2024-05-16, 03:50:47  iter: 468000, loss: 0.042102
2024-05-16, 03:52:10  iter: 469000, loss: 0.039451
2024-05-16, 03:53:33  iter: 470000, loss: 0.038411
2024-05-16, 03:54:55  iter: 471000, loss: 0.038948
2024-05-16, 03:56:17  iter: 472000, loss: 0.040421
2024-05-16, 03:57:40  iter: 473000, loss: 0.040078
2024-05-16, 03:59:03  iter: 474000, loss: 0.038566
2024-05-16, 04:00:25  iter: 475000, loss: 0.038293
2024-05-16, 04:01:47  iter: 476000, loss: 0.037243
2024-05-16, 04:03:08  iter: 477000, loss: 0.040976
2024-05-16, 04:04:29  iter: 478000, loss: 0.042875
2024-05-16, 04:05:50  iter: 479000, loss: 0.035616
2024-05-16, 04:07:12  iter: 480000, loss: 0.039938
2024-05-16, 04:08:34  iter: 481000, loss: 0.036643
2024-05-16, 04:09:57  iter: 482000, loss: 0.039600
2024-05-16, 04:11:18  iter: 483000, loss: 0.041579
2024-05-16, 04:12:40  iter: 484000, loss: 0.040380
2024-05-16, 04:14:02  iter: 485000, loss: 0.039510
2024-05-16, 04:15:24  iter: 486000, loss: 0.037933
2024-05-16, 04:16:45  iter: 487000, loss: 0.040483
2024-05-16, 04:18:07  iter: 488000, loss: 0.041600
2024-05-16, 04:19:27  iter: 489000, loss: 0.039247
2024-05-16, 04:20:48  iter: 490000, loss: 0.041046
2024-05-16, 04:22:10  iter: 491000, loss: 0.041306
2024-05-16, 04:23:30  iter: 492000, loss: 0.042801
2024-05-16, 04:24:52  iter: 493000, loss: 0.037960
2024-05-16, 04:26:14  iter: 494000, loss: 0.042529
2024-05-16, 04:27:35  iter: 495000, loss: 0.041083
2024-05-16, 04:28:57  iter: 496000, loss: 0.039132
2024-05-16, 04:30:18  iter: 497000, loss: 0.040778
2024-05-16, 04:31:40  iter: 498000, loss: 0.038999
2024-05-16, 04:33:03  iter: 499000, loss: 0.038123
2024-05-16, 04:34:25  iter: 500000, loss: 0.038855
2024-05-16, 04:34:25  iter: 500000, 
2024-05-16, 04:35:47  iter: 501000, loss: 0.037792
2024-05-16, 04:37:09  iter: 502000, loss: 0.040237
2024-05-16, 04:38:32  iter: 503000, loss: 0.038620
2024-05-16, 04:39:52  iter: 504000, loss: 0.039806
2024-05-16, 04:41:14  iter: 505000, loss: 0.040124
2024-05-16, 04:42:34  iter: 506000, loss: 0.036728
2024-05-16, 04:43:57  iter: 507000, loss: 0.043102
2024-05-16, 04:45:20  iter: 508000, loss: 0.041451
2024-05-16, 04:46:43  iter: 509000, loss: 0.038880
2024-05-16, 04:48:05  iter: 510000, loss: 0.040449
2024-05-16, 04:49:26  iter: 511000, loss: 0.042498
2024-05-16, 04:50:45  iter: 512000, loss: 0.039257
2024-05-16, 04:52:05  iter: 513000, loss: 0.037651
2024-05-16, 04:53:25  iter: 514000, loss: 0.036592
2024-05-16, 04:54:45  iter: 515000, loss: 0.036721
2024-05-16, 04:56:07  iter: 516000, loss: 0.038082
2024-05-16, 04:57:29  iter: 517000, loss: 0.044164
2024-05-16, 04:58:51  iter: 518000, loss: 0.038630
2024-05-16, 05:00:11  iter: 519000, loss: 0.040424
2024-05-16, 05:01:32  iter: 520000, loss: 0.042608
2024-05-16, 05:02:55  iter: 521000, loss: 0.046364
2024-05-16, 05:04:14  iter: 522000, loss: 0.039845
2024-05-16, 05:05:35  iter: 523000, loss: 0.040493
2024-05-16, 05:06:57  iter: 524000, loss: 0.039035
2024-05-16, 05:08:22  iter: 525000, loss: 0.037592
2024-05-16, 05:09:44  iter: 526000, loss: 0.038440
2024-05-16, 05:11:06  iter: 527000, loss: 0.037744
2024-05-16, 05:12:26  iter: 528000, loss: 0.034843
2024-05-16, 05:13:48  iter: 529000, loss: 0.037578
2024-05-16, 05:15:10  iter: 530000, loss: 0.037678
2024-05-16, 05:16:34  iter: 531000, loss: 0.037978
2024-05-16, 05:17:58  iter: 532000, loss: 0.038776
2024-05-16, 05:19:19  iter: 533000, loss: 0.037679
2024-05-16, 05:20:41  iter: 534000, loss: 0.038754
2024-05-16, 05:22:03  iter: 535000, loss: 0.038726
2024-05-16, 05:23:27  iter: 536000, loss: 0.041726
2024-05-16, 05:24:51  iter: 537000, loss: 0.039642
2024-05-16, 05:26:10  iter: 538000, loss: 0.041639
2024-05-16, 05:27:32  iter: 539000, loss: 0.040122
2024-05-16, 05:28:54  iter: 540000, loss: 0.040061
2024-05-16, 05:30:15  iter: 541000, loss: 0.040304
2024-05-16, 05:31:38  iter: 542000, loss: 0.035127
2024-05-16, 05:33:01  iter: 543000, loss: 0.042327
2024-05-16, 05:34:24  iter: 544000, loss: 0.037743
2024-05-16, 05:35:48  iter: 545000, loss: 0.037763
2024-05-16, 05:37:11  iter: 546000, loss: 0.038460
2024-05-16, 05:38:32  iter: 547000, loss: 0.037392
2024-05-16, 05:39:52  iter: 548000, loss: 0.040809
2024-05-16, 05:41:14  iter: 549000, loss: 0.037971
2024-05-16, 05:42:34  iter: 550000, loss: 0.038048
2024-05-16, 05:42:34  iter: 550000, 
2024-05-16, 05:43:56  iter: 551000, loss: 0.038725
2024-05-16, 05:45:18  iter: 552000, loss: 0.039579
2024-05-16, 05:46:40  iter: 553000, loss: 0.040793
2024-05-16, 05:48:02  iter: 554000, loss: 0.037840
2024-05-16, 05:49:25  iter: 555000, loss: 0.037802
2024-05-16, 05:50:46  iter: 556000, loss: 0.039493
2024-05-16, 05:52:07  iter: 557000, loss: 0.044017
2024-05-16, 05:53:29  iter: 558000, loss: 0.040510
2024-05-16, 05:54:50  iter: 559000, loss: 0.039188
2024-05-16, 05:56:13  iter: 560000, loss: 0.039065
2024-05-16, 05:57:34  iter: 561000, loss: 0.038852
2024-05-16, 05:58:56  iter: 562000, loss: 0.042194
2024-05-16, 06:00:19  iter: 563000, loss: 0.041688
2024-05-16, 06:01:41  iter: 564000, loss: 0.040570
2024-05-16, 06:03:04  iter: 565000, loss: 0.041488
2024-05-16, 06:04:26  iter: 566000, loss: 0.038314
2024-05-16, 06:05:48  iter: 567000, loss: 0.039754
2024-05-16, 06:07:09  iter: 568000, loss: 0.041070
2024-05-16, 06:08:30  iter: 569000, loss: 0.037490
2024-05-16, 06:09:51  iter: 570000, loss: 0.037789
2024-05-16, 06:11:12  iter: 571000, loss: 0.037341
2024-05-16, 06:12:35  iter: 572000, loss: 0.039565
2024-05-16, 06:13:56  iter: 573000, loss: 0.040383
2024-05-16, 06:15:18  iter: 574000, loss: 0.040324
2024-05-16, 06:16:40  iter: 575000, loss: 0.038034
2024-05-16, 06:18:01  iter: 576000, loss: 0.038655
2024-05-16, 06:19:22  iter: 577000, loss: 0.038240
2024-05-16, 06:20:44  iter: 578000, loss: 0.041635
2024-05-16, 06:22:08  iter: 579000, loss: 0.041397
2024-05-16, 06:23:30  iter: 580000, loss: 0.039691
2024-05-16, 06:24:52  iter: 581000, loss: 0.037195
2024-05-16, 06:26:14  iter: 582000, loss: 0.041729
2024-05-16, 06:27:36  iter: 583000, loss: 0.039550
2024-05-16, 06:28:57  iter: 584000, loss: 0.038837
2024-05-16, 06:30:18  iter: 585000, loss: 0.040986
2024-05-16, 06:31:39  iter: 586000, loss: 0.037922
2024-05-16, 06:33:01  iter: 587000, loss: 0.039208
2024-05-16, 06:34:23  iter: 588000, loss: 0.038730
2024-05-16, 06:35:45  iter: 589000, loss: 0.040671
2024-05-16, 06:37:08  iter: 590000, loss: 0.040390
2024-05-16, 06:38:30  iter: 591000, loss: 0.038792
2024-05-16, 06:39:51  iter: 592000, loss: 0.040060
2024-05-16, 06:41:14  iter: 593000, loss: 0.042741
2024-05-16, 06:42:36  iter: 594000, loss: 0.038581
2024-05-16, 06:43:59  iter: 595000, loss: 0.038137
2024-05-16, 06:45:20  iter: 596000, loss: 0.042111
2024-05-16, 06:46:43  iter: 597000, loss: 0.039281
2024-05-16, 06:48:06  iter: 598000, loss: 0.038198
2024-05-16, 06:49:29  iter: 599000, loss: 0.040232
2024-05-16, 06:50:51  iter: 600000, loss: 0.041333
2024-05-16, 06:50:51  iter: 600000, 
2024-05-16, 06:52:32  iter: 601000, loss: 0.033653
2024-05-16, 06:54:13  iter: 602000, loss: 0.029844
2024-05-16, 06:55:54  iter: 603000, loss: 0.029725
2024-05-16, 06:57:34  iter: 604000, loss: 0.030076
2024-05-16, 06:59:17  iter: 605000, loss: 0.027896
2024-05-16, 07:00:58  iter: 606000, loss: 0.026947
2024-05-16, 07:02:39  iter: 607000, loss: 0.025144
2024-05-16, 07:04:20  iter: 608000, loss: 0.025492
2024-05-16, 07:06:01  iter: 609000, loss: 0.022521
2024-05-16, 07:07:42  iter: 610000, loss: 0.025491
2024-05-16, 07:09:23  iter: 611000, loss: 0.024200
2024-05-16, 07:11:05  iter: 612000, loss: 0.020484
2024-05-16, 07:12:46  iter: 613000, loss: 0.021276
2024-05-16, 07:14:27  iter: 614000, loss: 0.023813
2024-05-16, 07:16:08  iter: 615000, loss: 0.020584
2024-05-16, 07:17:49  iter: 616000, loss: 0.022470
2024-05-16, 07:19:30  iter: 617000, loss: 0.021856
2024-05-16, 07:21:11  iter: 618000, loss: 0.021422
2024-05-16, 07:22:52  iter: 619000, loss: 0.023395
2024-05-16, 07:24:34  iter: 620000, loss: 0.021670
2024-05-16, 07:26:15  iter: 621000, loss: 0.022698
2024-05-16, 07:27:58  iter: 622000, loss: 0.022607
2024-05-16, 07:29:38  iter: 623000, loss: 0.021536
2024-05-16, 07:31:20  iter: 624000, loss: 0.020561
2024-05-16, 07:33:00  iter: 625000, loss: 0.022823
2024-05-16, 07:34:41  iter: 626000, loss: 0.021957
2024-05-16, 07:36:23  iter: 627000, loss: 0.021084
2024-05-16, 07:38:04  iter: 628000, loss: 0.020425
2024-05-16, 07:39:46  iter: 629000, loss: 0.023307
2024-05-16, 07:41:27  iter: 630000, loss: 0.019780
2024-05-16, 07:43:08  iter: 631000, loss: 0.021787
2024-05-16, 07:44:50  iter: 632000, loss: 0.019235
2024-05-16, 07:46:31  iter: 633000, loss: 0.022125
2024-05-16, 07:48:12  iter: 634000, loss: 0.020898
2024-05-16, 07:49:53  iter: 635000, loss: 0.019470
2024-05-16, 07:51:33  iter: 636000, loss: 0.018487
2024-05-16, 07:53:13  iter: 637000, loss: 0.018102
2024-05-16, 07:54:54  iter: 638000, loss: 0.020654
2024-05-16, 07:56:35  iter: 639000, loss: 0.021260
2024-05-16, 07:58:16  iter: 640000, loss: 0.019469
2024-05-16, 07:59:57  iter: 641000, loss: 0.019117
2024-05-16, 08:01:38  iter: 642000, loss: 0.019759
2024-05-16, 08:03:19  iter: 643000, loss: 0.020278
2024-05-16, 08:05:01  iter: 644000, loss: 0.018424
2024-05-16, 08:06:42  iter: 645000, loss: 0.018788
2024-05-16, 08:08:23  iter: 646000, loss: 0.018264
2024-05-16, 08:10:03  iter: 647000, loss: 0.019278
2024-05-16, 08:11:43  iter: 648000, loss: 0.020033
2024-05-16, 08:13:24  iter: 649000, loss: 0.019349
2024-05-16, 08:15:05  iter: 650000, loss: 0.021308
2024-05-16, 08:15:05  iter: 650000, 
2024-05-16, 08:16:47  iter: 651000, loss: 0.020087
2024-05-16, 08:18:28  iter: 652000, loss: 0.018794
2024-05-16, 08:20:09  iter: 653000, loss: 0.018668
2024-05-16, 08:21:51  iter: 654000, loss: 0.020152
2024-05-16, 08:23:31  iter: 655000, loss: 0.019337
2024-05-16, 08:25:11  iter: 656000, loss: 0.018166
2024-05-16, 08:26:51  iter: 657000, loss: 0.017150
2024-05-16, 08:28:32  iter: 658000, loss: 0.020087
2024-05-16, 08:30:14  iter: 659000, loss: 0.020237
2024-05-16, 08:31:54  iter: 660000, loss: 0.019090
2024-05-16, 08:33:36  iter: 661000, loss: 0.021870
2024-05-16, 08:35:17  iter: 662000, loss: 0.019934
2024-05-16, 08:36:59  iter: 663000, loss: 0.018777
2024-05-16, 08:38:40  iter: 664000, loss: 0.019395
2024-05-16, 08:40:22  iter: 665000, loss: 0.020672
2024-05-16, 08:42:04  iter: 666000, loss: 0.016765
2024-05-16, 08:43:45  iter: 667000, loss: 0.019356
2024-05-16, 08:45:26  iter: 668000, loss: 0.020291
2024-05-16, 08:47:07  iter: 669000, loss: 0.019303
2024-05-16, 08:48:48  iter: 670000, loss: 0.018251
2024-05-16, 08:50:29  iter: 671000, loss: 0.017215
2024-05-16, 08:52:10  iter: 672000, loss: 0.019023
2024-05-16, 08:53:52  iter: 673000, loss: 0.017659
2024-05-16, 08:55:32  iter: 674000, loss: 0.018246
2024-05-16, 08:57:12  iter: 675000, loss: 0.019757
2024-05-16, 08:58:53  iter: 676000, loss: 0.017871
2024-05-16, 09:00:34  iter: 677000, loss: 0.018118
2024-05-16, 09:02:15  iter: 678000, loss: 0.018593
2024-05-16, 09:03:57  iter: 679000, loss: 0.017920
2024-05-16, 09:05:38  iter: 680000, loss: 0.018886
2024-05-16, 09:07:20  iter: 681000, loss: 0.017075
2024-05-16, 09:09:01  iter: 682000, loss: 0.017966
2024-05-16, 09:10:43  iter: 683000, loss: 0.017360
2024-05-16, 09:12:25  iter: 684000, loss: 0.022222
2024-05-16, 09:14:06  iter: 685000, loss: 0.019199
2024-05-16, 09:15:49  iter: 686000, loss: 0.020055
2024-05-16, 09:17:30  iter: 687000, loss: 0.019260
2024-05-16, 09:19:12  iter: 688000, loss: 0.018934
2024-05-16, 09:20:55  iter: 689000, loss: 0.017490
2024-05-16, 09:22:37  iter: 690000, loss: 0.018944
2024-05-16, 09:24:18  iter: 691000, loss: 0.019894
2024-05-16, 09:26:00  iter: 692000, loss: 0.017339
2024-05-16, 09:27:41  iter: 693000, loss: 0.017691
2024-05-16, 09:29:22  iter: 694000, loss: 0.019161
2024-05-16, 09:31:03  iter: 695000, loss: 0.018164
2024-05-16, 09:32:46  iter: 696000, loss: 0.021463
2024-05-16, 09:34:26  iter: 697000, loss: 0.017161
2024-05-16, 09:36:08  iter: 698000, loss: 0.020435
2024-05-16, 09:37:48  iter: 699000, loss: 0.017403
2024-05-16, 09:39:29  iter: 700000, loss: 0.019236
2024-05-16, 09:39:29  iter: 700000, 
2024-05-16, 09:41:10  iter: 701000, loss: 0.017674
2024-05-16, 09:42:51  iter: 702000, loss: 0.018001
2024-05-16, 09:44:33  iter: 703000, loss: 0.019047
2024-05-16, 09:46:13  iter: 704000, loss: 0.020569
2024-05-16, 09:47:54  iter: 705000, loss: 0.018704
2024-05-16, 09:49:35  iter: 706000, loss: 0.019897
2024-05-16, 09:51:15  iter: 707000, loss: 0.018919
2024-05-16, 09:52:56  iter: 708000, loss: 0.018615
2024-05-16, 09:54:38  iter: 709000, loss: 0.019216
2024-05-16, 09:56:19  iter: 710000, loss: 0.017544
2024-05-16, 09:58:00  iter: 711000, loss: 0.018143
2024-05-16, 09:59:42  iter: 712000, loss: 0.017807
2024-05-16, 10:01:22  iter: 713000, loss: 0.019876
2024-05-16, 10:03:03  iter: 714000, loss: 0.020925
2024-05-16, 10:04:44  iter: 715000, loss: 0.018369
2024-05-16, 10:06:26  iter: 716000, loss: 0.019295
2024-05-16, 10:08:07  iter: 717000, loss: 0.018372
2024-05-16, 10:09:48  iter: 718000, loss: 0.017299
2024-05-16, 10:11:29  iter: 719000, loss: 0.021433
2024-05-16, 10:13:10  iter: 720000, loss: 0.017044
2024-05-16, 10:14:51  iter: 721000, loss: 0.018227
2024-05-16, 10:16:33  iter: 722000, loss: 0.019440
2024-05-16, 10:18:14  iter: 723000, loss: 0.017688
2024-05-16, 10:19:55  iter: 724000, loss: 0.018575
2024-05-16, 10:21:37  iter: 725000, loss: 0.017233
2024-05-16, 10:23:18  iter: 726000, loss: 0.023524
2024-05-16, 10:24:59  iter: 727000, loss: 0.018781
2024-05-16, 10:26:39  iter: 728000, loss: 0.016405
2024-05-16, 10:28:20  iter: 729000, loss: 0.020307
2024-05-16, 10:30:01  iter: 730000, loss: 0.018065
2024-05-16, 10:31:43  iter: 731000, loss: 0.016617
2024-05-16, 10:33:25  iter: 732000, loss: 0.016286
2024-05-16, 10:35:06  iter: 733000, loss: 0.018980
2024-05-16, 10:36:48  iter: 734000, loss: 0.019301
2024-05-16, 10:38:29  iter: 735000, loss: 0.017857
2024-05-16, 10:40:11  iter: 736000, loss: 0.022316
2024-05-16, 10:41:52  iter: 737000, loss: 0.017384
2024-05-16, 10:43:34  iter: 738000, loss: 0.019898
2024-05-16, 10:45:15  iter: 739000, loss: 0.018322
2024-05-16, 10:46:57  iter: 740000, loss: 0.017830
2024-05-16, 10:48:38  iter: 741000, loss: 0.016765
2024-05-16, 10:50:19  iter: 742000, loss: 0.017597
2024-05-16, 10:52:00  iter: 743000, loss: 0.016549
2024-05-16, 10:53:42  iter: 744000, loss: 0.017918
2024-05-16, 10:55:24  iter: 745000, loss: 0.018541
2024-05-16, 10:57:05  iter: 746000, loss: 0.017493
2024-05-16, 10:58:46  iter: 747000, loss: 0.017674
2024-05-16, 11:00:26  iter: 748000, loss: 0.017308
2024-05-16, 11:02:06  iter: 749000, loss: 0.018145
2024-05-16, 11:03:47  iter: 750000, loss: 0.018489
2024-05-16, 11:03:47  iter: 750000, 
2024-05-16, 11:05:30  iter: 751000, loss: 0.017272
2024-05-16, 11:07:10  iter: 752000, loss: 0.016902
2024-05-16, 11:08:52  iter: 753000, loss: 0.020569
2024-05-16, 11:10:34  iter: 754000, loss: 0.017636
2024-05-16, 11:12:16  iter: 755000, loss: 0.018629
2024-05-16, 11:13:56  iter: 756000, loss: 0.018358
2024-05-16, 11:15:38  iter: 757000, loss: 0.019088
2024-05-16, 11:17:19  iter: 758000, loss: 0.020556
2024-05-16, 11:19:00  iter: 759000, loss: 0.018352
2024-05-16, 11:20:42  iter: 760000, loss: 0.017817
2024-05-16, 11:22:25  iter: 761000, loss: 0.017566
2024-05-16, 11:24:05  iter: 762000, loss: 0.017496
2024-05-16, 11:25:46  iter: 763000, loss: 0.016959
2024-05-16, 11:27:26  iter: 764000, loss: 0.017150
2024-05-16, 11:29:08  iter: 765000, loss: 0.017614
2024-05-16, 11:30:49  iter: 766000, loss: 0.016791
2024-05-16, 11:32:29  iter: 767000, loss: 0.018684
2024-05-16, 11:34:10  iter: 768000, loss: 0.018255
2024-05-16, 11:35:50  iter: 769000, loss: 0.018958
2024-05-16, 11:37:32  iter: 770000, loss: 0.016549
2024-05-16, 11:39:14  iter: 771000, loss: 0.016315
2024-05-16, 11:40:55  iter: 772000, loss: 0.017738
2024-05-16, 11:42:37  iter: 773000, loss: 0.016878
2024-05-16, 11:44:19  iter: 774000, loss: 0.018456
2024-05-16, 11:46:01  iter: 775000, loss: 0.018021
2024-05-16, 11:47:41  iter: 776000, loss: 0.018178
2024-05-16, 11:49:22  iter: 777000, loss: 0.018640
2024-05-16, 11:51:04  iter: 778000, loss: 0.017487
2024-05-16, 11:52:45  iter: 779000, loss: 0.020187
2024-05-16, 11:54:27  iter: 780000, loss: 0.017159
2024-05-16, 11:56:08  iter: 781000, loss: 0.016200
2024-05-16, 11:57:50  iter: 782000, loss: 0.018591
2024-05-16, 11:59:32  iter: 783000, loss: 0.016474
2024-05-16, 12:01:13  iter: 784000, loss: 0.018587
2024-05-16, 12:02:55  iter: 785000, loss: 0.019808
2024-05-16, 12:04:36  iter: 786000, loss: 0.018120
2024-05-16, 12:06:17  iter: 787000, loss: 0.018967
2024-05-16, 12:07:58  iter: 788000, loss: 0.017855
2024-05-16, 12:09:40  iter: 789000, loss: 0.017777
2024-05-16, 12:11:21  iter: 790000, loss: 0.016587
2024-05-16, 12:13:03  iter: 791000, loss: 0.017457
2024-05-16, 12:14:45  iter: 792000, loss: 0.017280
2024-05-16, 12:16:27  iter: 793000, loss: 0.018523
2024-05-16, 12:18:10  iter: 794000, loss: 0.016932
2024-05-16, 12:19:51  iter: 795000, loss: 0.017035
2024-05-16, 12:21:32  iter: 796000, loss: 0.017077
2024-05-16, 12:23:13  iter: 797000, loss: 0.017710
2024-05-16, 12:24:55  iter: 798000, loss: 0.016658
2024-05-16, 12:26:36  iter: 799000, loss: 0.025513
2024-05-16, 12:28:18  iter: 800000, loss: 0.018611
2024-05-16, 12:28:18  iter: 800000, 
2024-05-16, 12:29:59  iter: 801000, loss: 0.017475
2024-05-16, 12:31:39  iter: 802000, loss: 0.020020
2024-05-16, 12:33:19  iter: 803000, loss: 0.016322
2024-05-16, 12:35:00  iter: 804000, loss: 0.020985
2024-05-16, 12:36:40  iter: 805000, loss: 0.021803
2024-05-16, 12:38:23  iter: 806000, loss: 0.016937
2024-05-16, 12:40:04  iter: 807000, loss: 0.020793
2024-05-16, 12:41:45  iter: 808000, loss: 0.018421
2024-05-16, 12:43:27  iter: 809000, loss: 0.016493
2024-05-16, 12:45:09  iter: 810000, loss: 0.015913
2024-05-16, 12:46:50  iter: 811000, loss: 0.016396
2024-05-16, 12:48:31  iter: 812000, loss: 0.018294
2024-05-16, 12:50:11  iter: 813000, loss: 0.019254
2024-05-16, 12:51:50  iter: 814000, loss: 0.020530
2024-05-16, 12:53:32  iter: 815000, loss: 0.019090
2024-05-16, 12:55:13  iter: 816000, loss: 0.017452
2024-05-16, 12:56:54  iter: 817000, loss: 0.016284
2024-05-16, 12:58:35  iter: 818000, loss: 0.018458
2024-05-16, 13:00:16  iter: 819000, loss: 0.017506
2024-05-16, 13:01:57  iter: 820000, loss: 0.018534
2024-05-16, 13:03:37  iter: 821000, loss: 0.017800
2024-05-16, 13:05:17  iter: 822000, loss: 0.017524
2024-05-16, 13:06:57  iter: 823000, loss: 0.018179
2024-05-16, 13:08:38  iter: 824000, loss: 0.016701
2024-05-16, 13:10:18  iter: 825000, loss: 0.015734
2024-05-16, 13:11:59  iter: 826000, loss: 0.020613
2024-05-16, 13:13:39  iter: 827000, loss: 0.018714
2024-05-16, 13:15:21  iter: 828000, loss: 0.018256
2024-05-16, 13:17:02  iter: 829000, loss: 0.016176
2024-05-16, 13:18:44  iter: 830000, loss: 0.017666
2024-05-16, 13:20:26  iter: 831000, loss: 0.020308
2024-05-16, 13:22:07  iter: 832000, loss: 0.017731
2024-05-16, 13:23:48  iter: 833000, loss: 0.017587
2024-05-16, 13:25:28  iter: 834000, loss: 0.017947
2024-05-16, 13:27:10  iter: 835000, loss: 0.018391
2024-05-16, 13:28:52  iter: 836000, loss: 0.016474
2024-05-16, 13:30:33  iter: 837000, loss: 0.019524
2024-05-16, 13:32:14  iter: 838000, loss: 0.016665
2024-05-16, 13:33:56  iter: 839000, loss: 0.020871
2024-05-16, 13:35:37  iter: 840000, loss: 0.017943
2024-05-16, 13:37:17  iter: 841000, loss: 0.017539
2024-05-16, 13:38:58  iter: 842000, loss: 0.018082
2024-05-16, 13:40:38  iter: 843000, loss: 0.018296
2024-05-16, 13:42:19  iter: 844000, loss: 0.017244
2024-05-16, 13:44:00  iter: 845000, loss: 0.018329
2024-05-16, 13:45:42  iter: 846000, loss: 0.016204
2024-05-16, 13:47:23  iter: 847000, loss: 0.018602
2024-05-16, 13:49:04  iter: 848000, loss: 0.016913
2024-05-16, 13:50:44  iter: 849000, loss: 0.016675
2024-05-16, 13:52:25  iter: 850000, loss: 0.016139
2024-05-16, 13:52:25  iter: 850000, 
2024-05-16, 13:54:08  iter: 851000, loss: 0.019728
2024-05-16, 13:55:49  iter: 852000, loss: 0.016707
2024-05-16, 13:57:31  iter: 853000, loss: 0.017691
2024-05-16, 13:59:12  iter: 854000, loss: 0.018477
2024-05-16, 14:00:53  iter: 855000, loss: 0.017625
2024-05-16, 14:02:34  iter: 856000, loss: 0.018344
2024-05-16, 14:04:16  iter: 857000, loss: 0.017693
2024-05-16, 14:05:57  iter: 858000, loss: 0.018832
2024-05-16, 14:07:38  iter: 859000, loss: 0.016368
2024-05-16, 14:09:19  iter: 860000, loss: 0.017552
2024-05-16, 14:10:59  iter: 861000, loss: 0.018980
2024-05-16, 14:12:40  iter: 862000, loss: 0.017646
2024-05-16, 14:14:20  iter: 863000, loss: 0.015806
2024-05-16, 14:16:01  iter: 864000, loss: 0.015560
2024-05-16, 14:17:41  iter: 865000, loss: 0.017397
2024-05-16, 14:19:21  iter: 866000, loss: 0.017572
2024-05-16, 14:21:03  iter: 867000, loss: 0.018539
2024-05-16, 14:22:44  iter: 868000, loss: 0.018926
2024-05-16, 14:24:25  iter: 869000, loss: 0.014816
2024-05-16, 14:26:05  iter: 870000, loss: 0.016224
2024-05-16, 14:27:46  iter: 871000, loss: 0.018044
2024-05-16, 14:29:27  iter: 872000, loss: 0.018186
2024-05-16, 14:31:08  iter: 873000, loss: 0.018034
2024-05-16, 14:32:49  iter: 874000, loss: 0.016520
2024-05-16, 14:34:30  iter: 875000, loss: 0.017129
2024-05-16, 14:36:12  iter: 876000, loss: 0.017159
2024-05-16, 14:37:54  iter: 877000, loss: 0.017475
2024-05-16, 14:39:36  iter: 878000, loss: 0.017837
2024-05-16, 14:41:18  iter: 879000, loss: 0.019027
2024-05-16, 14:43:00  iter: 880000, loss: 0.017143
2024-05-16, 14:44:42  iter: 881000, loss: 0.015787
2024-05-16, 14:46:24  iter: 882000, loss: 0.017139
2024-05-16, 14:48:05  iter: 883000, loss: 0.017035
2024-05-16, 14:49:46  iter: 884000, loss: 0.017511
2024-05-16, 14:51:27  iter: 885000, loss: 0.016882
2024-05-16, 14:53:08  iter: 886000, loss: 0.017100
2024-05-16, 14:54:50  iter: 887000, loss: 0.016710
2024-05-16, 14:56:31  iter: 888000, loss: 0.018993
2024-05-16, 14:58:12  iter: 889000, loss: 0.018126
2024-05-16, 14:59:54  iter: 890000, loss: 0.017212
2024-05-16, 15:01:34  iter: 891000, loss: 0.017242
2024-05-16, 15:03:15  iter: 892000, loss: 0.016901
2024-05-16, 15:04:57  iter: 893000, loss: 0.017967
2024-05-16, 15:06:38  iter: 894000, loss: 0.017765
2024-05-16, 15:08:18  iter: 895000, loss: 0.016609
2024-05-16, 15:10:00  iter: 896000, loss: 0.016770
2024-05-16, 15:11:40  iter: 897000, loss: 0.017649
2024-05-16, 15:13:20  iter: 898000, loss: 0.018806
2024-05-16, 15:15:02  iter: 899000, loss: 0.016882
2024-05-16, 15:16:45  iter: 900000, loss: 0.017059
2024-05-16, 15:16:45  iter: 900000, 
